This is pdfTeX, Version 3.1415926-1.40.11 (TeX Live 2010) (format=pdflatex 2011.10.6)  17 AUG 2012 09:58
entering extended mode
 restricted \write18 enabled.
 %&-line parsing enabled.
**\nonstopmode\input proposalslices.tex
(./proposalslices.tex (/usr/share/texmf/tex/latex/beamer/beamer.cls
(/usr/share/texmf/tex/latex/beamer/beamerbasercs.sty
Package: beamerbasercs 2010/06/12 (rcs-revision c3821710bb40)
)
Document Class: beamer 2010/06/21 development version 3.10 A class for typesett
ing presentations (rcs-revision a6b1a8434d30)
(/usr/share/texmf/tex/latex/beamer/beamerbasemodes.sty
Package: beamerbasemodes 2010/05/01 (rcs-revision efa082c6111d)
\beamer@tempbox=\box26
\beamer@tempcount=\count79
\c@beamerpauses=\count80

(/usr/share/texmf/tex/latex/beamer/beamerbasedecode.sty
Package: beamerbasedecode 2010/05/01 (rcs-revision efa082c6111d)
\beamer@slideinframe=\count81
\beamer@minimum=\count82
)
\beamer@commentbox=\box27
\beamer@modecount=\count83
)
\headheight=\dimen102
\headdp=\dimen103
\footheight=\dimen104
\sidebarheight=\dimen105
\beamer@tempdim=\dimen106
\beamer@finalheight=\dimen107
\beamer@animht=\dimen108
\beamer@animdp=\dimen109
\beamer@animwd=\dimen110
\beamer@leftmargin=\dimen111
\beamer@rightmargin=\dimen112
\beamer@leftsidebar=\dimen113
\beamer@rightsidebar=\dimen114
\beamer@boxsize=\dimen115
\beamer@vboxoffset=\dimen116
\beamer@descdefault=\dimen117
\beamer@descriptionwidth=\dimen118
\beamer@lastskip=\skip41
\beamer@areabox=\box28
\beamer@animcurrent=\box29
\beamer@animshowbox=\box30
\beamer@sectionbox=\box31
\beamer@logobox=\box32
\beamer@linebox=\box33
\beamer@sectioncount=\count84
\beamer@subsubsectionmax=\count85
\beamer@subsectionmax=\count86
\beamer@sectionmax=\count87
\beamer@totalheads=\count88
\beamer@headcounter=\count89
\beamer@partstartpage=\count90
\beamer@sectionstartpage=\count91
\beamer@subsectionstartpage=\count92
\beamer@animationtempa=\count93
\beamer@animationtempb=\count94
\beamer@xpos=\count95
\beamer@ypos=\count96
\beamer@showpartnumber=\count97
\beamer@currentsubsection=\count98
\beamer@coveringdepth=\count99
\beamer@sectionadjust=\count100
\beamer@tocsectionnumber=\count101

(/usr/share/texmf/tex/latex/beamer/beamerbaseoptions.sty
Package: beamerbaseoptions 2010/04/27 (rcs-revision 982469101dd6)

(/usr/share/texmf/tex/latex/graphics/keyval.sty
Package: keyval 1999/03/16 v1.13 key=value parser (DPC)
\KV@toks@=\toks14
))
\beamer@paperwidth=\skip42
\beamer@paperheight=\skip43

(/usr/share/texmf/tex/latex/geometry/geometry.sty
Package: geometry 2010/07/13 v5.5 Page Geometry

(/usr/share/texmf/tex/generic/oberdiek/ifpdf.sty
Package: ifpdf 2010/01/28 v2.1 Provides the ifpdf switch (HO)
Package ifpdf Info: pdfTeX in pdf mode detected.
)
(/usr/share/texmf/tex/generic/oberdiek/ifvtex.sty
Package: ifvtex 2010/03/01 v1.5 Switches for detecting VTeX and its modes (HO)
Package ifvtex Info: VTeX not detected.
)
\Gm@cnth=\count102
\Gm@cntv=\count103
\c@Gm@tempcnt=\count104
\Gm@bindingoffset=\dimen119
\Gm@wd@mp=\dimen120
\Gm@odd@mp=\dimen121
\Gm@even@mp=\dimen122
\Gm@layoutwidth=\dimen123
\Gm@layoutheight=\dimen124
\Gm@layouthoffset=\dimen125
\Gm@layoutvoffset=\dimen126
\Gm@dimlist=\toks15
)

Class beamer Warning: ``serif'' is obsolete. Use font theme ``serif'' instead o
n input line 346.

(/usr/share/texmf/tex/latex/base/size11.clo
File: size11.clo 2007/10/19 v1.4h Standard LaTeX file (size option)
)
(/usr/share/texmf/tex/latex/pgf/basiclayer/pgfcore.sty
(/usr/share/texmf/tex/latex/graphics/graphicx.sty
Package: graphicx 1999/02/16 v1.0f Enhanced LaTeX Graphics (DPC,SPQR)

(/usr/share/texmf/tex/latex/graphics/graphics.sty
Package: graphics 2009/02/05 v1.0o Standard LaTeX Graphics (DPC,SPQR)

(/usr/share/texmf/tex/latex/graphics/trig.sty
Package: trig 1999/03/16 v1.09 sin cos tan (DPC)
)
(/usr/share/texmf/tex/latex/latexconfig/graphics.cfg
File: graphics.cfg 2010/04/23 v1.9 graphics configuration of TeX Live
)
Package graphics Info: Driver file: pdftex.def on input line 91.

(/usr/share/texmf/tex/latex/pdftex-def/pdftex.def
File: pdftex.def 2010/02/14 v0.04n Graphics/color for pdfTeX
\Gread@gobject=\count105
))
\Gin@req@height=\dimen127
\Gin@req@width=\dimen128
)
(/usr/share/texmf/tex/latex/pgf/systemlayer/pgfsys.sty
(/usr/share/texmf/tex/latex/pgf/utilities/pgfrcs.sty
(/usr/share/texmf/tex/generic/pgf/utilities/pgfutil-common.tex
\pgfutil@everybye=\toks16
)
(/usr/share/texmf/tex/generic/pgf/utilities/pgfutil-latex.def
\pgfutil@abb=\box34

(/usr/share/texmf/tex/latex/ms/everyshi.sty
Package: everyshi 2001/05/15 v3.00 EveryShipout Package (MS)
))
(/usr/share/texmf/tex/generic/pgf/utilities/pgfrcs.code.tex
Package: pgfrcs 2008/05/19 v2.00-cvs (rcs-revision 1.22)
))
(/usr/share/texmf/tex/generic/pgf/systemlayer/pgfsys.code.tex
Package: pgfsys 2010/06/30 v2.00-cvs (rcs-revision 1.37)

(/usr/share/texmf/tex/generic/pgf/utilities/pgfkeys.code.tex
\pgfkeys@pathtoks=\toks17
\pgfkeys@temptoks=\toks18

(/usr/share/texmf/tex/generic/pgf/utilities/pgfkeysfiltered.code.tex
\pgfkeys@tmptoks=\toks19
))
\pgf@x=\dimen129
\pgf@y=\dimen130
\pgf@xa=\dimen131
\pgf@ya=\dimen132
\pgf@xb=\dimen133
\pgf@yb=\dimen134
\pgf@xc=\dimen135
\pgf@yc=\dimen136
\w@pgf@writea=\write3
\r@pgf@reada=\read1
\c@pgf@counta=\count106
\c@pgf@countb=\count107
\c@pgf@countc=\count108
\c@pgf@countd=\count109

(/usr/share/texmf/tex/generic/pgf/systemlayer/pgf.cfg
File: pgf.cfg 2008/05/14  (rcs-revision 1.7)
)
Package pgfsys Info: Driver file for pgf: pgfsys-pdftex.def on input line 900.

(/usr/share/texmf/tex/generic/pgf/systemlayer/pgfsys-pdftex.def
File: pgfsys-pdftex.def 2009/05/22  (rcs-revision 1.26)

(/usr/share/texmf/tex/generic/pgf/systemlayer/pgfsys-common-pdf.def
File: pgfsys-common-pdf.def 2008/05/19  (rcs-revision 1.10)
)))
(/usr/share/texmf/tex/generic/pgf/systemlayer/pgfsyssoftpath.code.tex
File: pgfsyssoftpath.code.tex 2008/07/18  (rcs-revision 1.7)
\pgfsyssoftpath@smallbuffer@items=\count110
\pgfsyssoftpath@bigbuffer@items=\count111
)
(/usr/share/texmf/tex/generic/pgf/systemlayer/pgfsysprotocol.code.tex
File: pgfsysprotocol.code.tex 2006/10/16  (rcs-revision 1.4)
))
(/usr/share/texmf/tex/latex/xcolor/xcolor.sty
Package: xcolor 2007/01/21 v2.11 LaTeX color extensions (UK)

(/usr/share/texmf/tex/latex/latexconfig/color.cfg
File: color.cfg 2007/01/18 v1.5 color configuration of teTeX/TeXLive
)
Package xcolor Info: Driver file: pdftex.def on input line 225.
Package xcolor Info: Model `cmy' substituted by `cmy0' on input line 1337.
Package xcolor Info: Model `hsb' substituted by `rgb' on input line 1341.
Package xcolor Info: Model `RGB' extended on input line 1353.
Package xcolor Info: Model `HTML' substituted by `rgb' on input line 1355.
Package xcolor Info: Model `Hsb' substituted by `hsb' on input line 1356.
Package xcolor Info: Model `tHsb' substituted by `hsb' on input line 1357.
Package xcolor Info: Model `HSB' substituted by `hsb' on input line 1358.
Package xcolor Info: Model `Gray' substituted by `gray' on input line 1359.
Package xcolor Info: Model `wave' substituted by `hsb' on input line 1360.
)
(/usr/share/texmf/tex/generic/pgf/basiclayer/pgfcore.code.tex
Package: pgfcore 2010/04/11 v2.00-cvs (rcs-revision 1.7)

(/usr/share/texmf/tex/generic/pgf/math/pgfmath.code.tex
(/usr/share/texmf/tex/generic/pgf/math/pgfmathcalc.code.tex
(/usr/share/texmf/tex/generic/pgf/math/pgfmathutil.code.tex)
(/usr/share/texmf/tex/generic/pgf/math/pgfmathparser.code.tex
\pgfmath@dimen=\dimen137
\pgfmath@count=\count112
\pgfmath@box=\box35
\pgfmath@toks=\toks20
\pgfmath@stack@operand=\toks21
\pgfmath@stack@operation=\toks22
)
(/usr/share/texmf/tex/generic/pgf/math/pgfmathfunctions.code.tex
(/usr/share/texmf/tex/generic/pgf/math/pgfmathfunctions.basic.code.tex)
(/usr/share/texmf/tex/generic/pgf/math/pgfmathfunctions.trigonometric.code.tex)
(/usr/share/texmf/tex/generic/pgf/math/pgfmathfunctions.random.code.tex)
(/usr/share/texmf/tex/generic/pgf/math/pgfmathfunctions.comparison.code.tex)
(/usr/share/texmf/tex/generic/pgf/math/pgfmathfunctions.base.code.tex)
(/usr/share/texmf/tex/generic/pgf/math/pgfmathfunctions.round.code.tex)
(/usr/share/texmf/tex/generic/pgf/math/pgfmathfunctions.misc.code.tex)))
(/usr/share/texmf/tex/generic/pgf/math/pgfmathfloat.code.tex
\c@pgfmathroundto@lastzeros=\count113
))
(/usr/share/texmf/tex/generic/pgf/basiclayer/pgfcorepoints.code.tex
File: pgfcorepoints.code.tex 2010/04/09  (rcs-revision 1.20)
\pgf@picminx=\dimen138
\pgf@picmaxx=\dimen139
\pgf@picminy=\dimen140
\pgf@picmaxy=\dimen141
\pgf@pathminx=\dimen142
\pgf@pathmaxx=\dimen143
\pgf@pathminy=\dimen144
\pgf@pathmaxy=\dimen145
\pgf@xx=\dimen146
\pgf@xy=\dimen147
\pgf@yx=\dimen148
\pgf@yy=\dimen149
\pgf@zx=\dimen150
\pgf@zy=\dimen151
)
(/usr/share/texmf/tex/generic/pgf/basiclayer/pgfcorepathconstruct.code.tex
File: pgfcorepathconstruct.code.tex 2009/01/22  (rcs-revision 1.21)
\pgf@path@lastx=\dimen152
\pgf@path@lasty=\dimen153
)
(/usr/share/texmf/tex/generic/pgf/basiclayer/pgfcorepathusage.code.tex
File: pgfcorepathusage.code.tex 2008/04/22  (rcs-revision 1.12)
\pgf@shorten@end@additional=\dimen154
\pgf@shorten@start@additional=\dimen155
)
(/usr/share/texmf/tex/generic/pgf/basiclayer/pgfcorescopes.code.tex
File: pgfcorescopes.code.tex 2010/06/30  (rcs-revision 1.31)
\pgfpic=\box36
\pgf@hbox=\box37
\pgf@layerbox@main=\box38
\pgf@picture@serial@count=\count114
)
(/usr/share/texmf/tex/generic/pgf/basiclayer/pgfcoregraphicstate.code.tex
File: pgfcoregraphicstate.code.tex 2008/04/22  (rcs-revision 1.9)
\pgflinewidth=\dimen156
)
(/usr/share/texmf/tex/generic/pgf/basiclayer/pgfcoretransformations.code.tex
File: pgfcoretransformations.code.tex 2009/06/10  (rcs-revision 1.11)
\pgf@pt@x=\dimen157
\pgf@pt@y=\dimen158
\pgf@pt@temp=\dimen159
)
(/usr/share/texmf/tex/generic/pgf/basiclayer/pgfcorequick.code.tex
File: pgfcorequick.code.tex 2008/10/09  (rcs-revision 1.3)
)
(/usr/share/texmf/tex/generic/pgf/basiclayer/pgfcoreobjects.code.tex
File: pgfcoreobjects.code.tex 2006/10/11  (rcs-revision 1.2)
)
(/usr/share/texmf/tex/generic/pgf/basiclayer/pgfcorepathprocessing.code.tex
File: pgfcorepathprocessing.code.tex 2008/10/09  (rcs-revision 1.8)
)
(/usr/share/texmf/tex/generic/pgf/basiclayer/pgfcorearrows.code.tex
File: pgfcorearrows.code.tex 2008/04/23  (rcs-revision 1.11)
)
(/usr/share/texmf/tex/generic/pgf/basiclayer/pgfcoreshade.code.tex
File: pgfcoreshade.code.tex 2008/11/23  (rcs-revision 1.13)
\pgf@max=\dimen160
\pgf@sys@shading@range@num=\count115
)
(/usr/share/texmf/tex/generic/pgf/basiclayer/pgfcoreimage.code.tex
File: pgfcoreimage.code.tex 2010/03/25  (rcs-revision 1.16)

(/usr/share/texmf/tex/generic/pgf/basiclayer/pgfcoreexternal.code.tex
File: pgfcoreexternal.code.tex 2010/07/14  (rcs-revision 1.9)
\pgfexternal@startupbox=\box39
))
(/usr/share/texmf/tex/generic/pgf/basiclayer/pgfcorelayers.code.tex
File: pgfcorelayers.code.tex 2008/01/15  (rcs-revision 1.1)
)
(/usr/share/texmf/tex/generic/pgf/basiclayer/pgfcoretransparency.code.tex
File: pgfcoretransparency.code.tex 2008/01/17  (rcs-revision 1.2)
)
(/usr/share/texmf/tex/generic/pgf/basiclayer/pgfcorepatterns.code.tex
File: pgfcorepatterns.code.tex 2009/07/02  (rcs-revision 1.3)
)))
(/usr/share/texmf/tex/latex/pgf/utilities/xxcolor.sty
Package: xxcolor 2003/10/24 ver 0.1
\XC@nummixins=\count116
\XC@countmixins=\count117
)
(/usr/share/texmf/tex/latex/hyperref/hyperref.sty
Package: hyperref 2010/06/18 v6.81g Hypertext links for LaTeX

(/usr/share/texmf/tex/generic/oberdiek/ltxcmds.sty
Package: ltxcmds 2010/04/26 v1.7 LaTeX kernel commands for general use (HO)
)
(/usr/share/texmf/tex/generic/oberdiek/kvsetkeys.sty
Package: kvsetkeys 2010/03/01 v1.9 Key value parser (HO)

(/usr/share/texmf/tex/generic/oberdiek/infwarerr.sty
Package: infwarerr 2010/04/08 v1.3 Providing info/warning/message (HO)
)
(/usr/share/texmf/tex/generic/oberdiek/etexcmds.sty
Package: etexcmds 2010/01/28 v1.3 Prefix for e-TeX command names (HO)
Package etexcmds Info: Could not find \expanded.
(etexcmds)             That can mean that you are not using pdfTeX 1.50 or
(etexcmds)             that some package has redefined \expanded.
(etexcmds)             In the latter case, load this package earlier.
))
(/usr/share/texmf/tex/generic/oberdiek/pdfescape.sty
Package: pdfescape 2010/03/01 v1.9 Provides hex, PDF name and string conversion
s (HO)

(/usr/share/texmf/tex/generic/oberdiek/pdftexcmds.sty
Package: pdftexcmds 2010/04/01 v0.9 Utility functions of pdfTeX for LuaTeX (HO)


(/usr/share/texmf/tex/generic/oberdiek/ifluatex.sty
Package: ifluatex 2010/03/01 v1.3 Provides the ifluatex switch (HO)
Package ifluatex Info: LuaTeX not detected.
)
Package pdftexcmds Info: LuaTeX not detected.
Package pdftexcmds Info: \pdf@primitive is available.
Package pdftexcmds Info: \pdf@ifprimitive is available.
))
(/usr/share/texmf/tex/generic/ifxetex/ifxetex.sty
Package: ifxetex 2009/01/23 v0.5 Provides ifxetex conditional
)
(/usr/share/texmf/tex/latex/oberdiek/hycolor.sty
Package: hycolor 2009/12/12 v1.6 Color options of hyperref/bookmark (HO)

(/usr/share/texmf/tex/latex/oberdiek/xcolor-patch.sty
Package: xcolor-patch 2009/12/12 xcolor patch
))
(/usr/share/texmf/tex/latex/oberdiek/letltxmacro.sty
Package: letltxmacro 2008/06/24 v1.3 Let assignment for LaTeX macros (HO)
)
\@linkdim=\dimen161
\Hy@linkcounter=\count118
\Hy@pagecounter=\count119

(/usr/share/texmf/tex/latex/hyperref/pd1enc.def
File: pd1enc.def 2010/06/18 v6.81g Hyperref: PDFDocEncoding definition (HO)
)
(/usr/share/texmf/tex/generic/oberdiek/intcalc.sty
Package: intcalc 2007/09/27 v1.1 Expandable integer calculations (HO)
)
(/usr/share/texmf/tex/latex/latexconfig/hyperref.cfg
File: hyperref.cfg 2002/06/06 v1.2 hyperref configuration of TeXLive
)
(/usr/share/texmf/tex/latex/oberdiek/kvoptions.sty
Package: kvoptions 2010/02/22 v3.7 Keyval support for LaTeX options (HO)
)
Package hyperref Info: Option `bookmarks' set `true' on input line 3577.
Package hyperref Info: Option `bookmarksopen' set `true' on input line 3577.
Package hyperref Info: Option `implicit' set `false' on input line 3577.
Package hyperref Info: Hyper figures OFF on input line 3658.
Package hyperref Info: Link nesting OFF on input line 3663.
Package hyperref Info: Hyper index ON on input line 3666.
Package hyperref Info: Plain pages OFF on input line 3673.
Package hyperref Info: Backreferencing OFF on input line 3678.

Implicit mode OFF; no redefinition of LaTeX internals
Package hyperref Info: Bookmarks ON on input line 3874.
(/usr/share/texmf/tex/latex/url/url.sty
\Urlmuskip=\muskip10
Package: url 2006/04/12  ver 3.3  Verb mode for urls, etc.
)
LaTeX Info: Redefining \url on input line 4159.

(/usr/share/texmf/tex/generic/oberdiek/bitset.sty
Package: bitset 2007/09/28 v1.0 Data type bit set (HO)

(/usr/share/texmf/tex/generic/oberdiek/bigintcalc.sty
Package: bigintcalc 2007/11/11 v1.1 Expandable big integer calculations (HO)
))
\Fld@menulength=\count120
\Field@Width=\dimen162
\Fld@charsize=\dimen163
\Field@toks=\toks23
Package hyperref Info: Hyper figures OFF on input line 5137.
Package hyperref Info: Link nesting OFF on input line 5142.
Package hyperref Info: Hyper index ON on input line 5145.
Package hyperref Info: backreferencing OFF on input line 5152.
Package hyperref Info: Link coloring OFF on input line 5157.
Package hyperref Info: Link coloring with OCG OFF on input line 5162.
Package hyperref Info: PDF/A mode OFF on input line 5167.
LaTeX Info: Redefining \ref on input line 5207.
LaTeX Info: Redefining \pageref on input line 5211.

(/usr/share/texmf/tex/generic/oberdiek/atbegshi.sty
Package: atbegshi 2010/03/25 v1.12 At begin shipout hook (HO)
)
\Hy@abspage=\count121

Hyperref stopped early
)
* hyperref using default driver hpdftex *
(/usr/share/texmf/tex/latex/hyperref/hpdftex.def
File: hpdftex.def 2010/06/18 v6.81g Hyperref driver for pdfTeX

(/usr/share/texmf/tex/latex/oberdiek/atveryend.sty
Package: atveryend 2010/03/24 v1.5 Hooks at very end of document (HO)
Package atveryend Info: \enddocument detected (standard).
)
\Fld@listcount=\count122
\c@bookmark@seq@number=\count123

(/usr/share/texmf/tex/latex/oberdiek/rerunfilecheck.sty
Package: rerunfilecheck 2010/03/16 v1.6 Rerun checks for auxiliary files (HO)

(/usr/share/texmf/tex/generic/oberdiek/uniquecounter.sty
Package: uniquecounter 2009/12/18 v1.1 Provides unlimited unique counter (HO)
)
Package uniquecounter Info: New unique counter `rerunfilecheck' on input line 2
71.
))
(/usr/share/texmf/tex/latex/beamer/beamerbaserequires.sty
Package: beamerbaserequires 2010/05/01  (rcs-revision efa082c6111d)

(/usr/share/texmf/tex/latex/beamer/beamerbasecompatibility.sty
Package: beamerbasecompatibility 2010/07/12  (rcs-revision 6648c3177e4e)
)
(/usr/share/texmf/tex/latex/beamer/beamerbasefont.sty
Package: beamerbasefont 2010/05/10  (rcs-revision cd36e8a33c6b)

(/usr/share/texmf/tex/latex/amsfonts/amssymb.sty
Package: amssymb 2009/06/22 v3.00

(/usr/share/texmf/tex/latex/amsfonts/amsfonts.sty
Package: amsfonts 2009/06/22 v3.00 Basic AMSFonts support
\@emptytoks=\toks24
\symAMSa=\mathgroup4
\symAMSb=\mathgroup5
LaTeX Font Info:    Overwriting math alphabet `\mathfrak' in version `bold'
(Font)                  U/euf/m/n --> U/euf/b/n on input line 96.
)))
(/usr/share/texmf/tex/latex/beamer/beamerbasetranslator.sty
Package: beamerbasetranslator 2010/06/11  (rcs-revision 85fd1cc7fc42)

(/usr/share/texmf/tex/latex/beamer/translator/translator.sty
Package: translator 2010/06/12 ver 1.10

(/usr/share/texmf/tex/latex/beamer/translator/translator-language-mappings.tex)
)) (/usr/share/texmf/tex/latex/beamer/beamerbasemisc.sty
Package: beamerbasemisc 2010/06/06  (rcs-revision bff0a9294b45)
)
(/usr/share/texmf/tex/latex/beamer/beamerbasetwoscreens.sty
Package: beamerbasetwoscreens 2010/05/01  (rcs-revision efa082c6111d)
)
(/usr/share/texmf/tex/latex/beamer/beamerbaseoverlay.sty
Package: beamerbaseoverlay 2010/05/07  (rcs-revision 5584dad462a9)
\beamer@argscount=\count124
\beamer@lastskipcover=\skip44
\beamer@trivlistdepth=\count125
)
(/usr/share/texmf/tex/latex/beamer/beamerbasetitle.sty
Package: beamerbasetitle 2010/06/12  (rcs-revision 717e481ca47a)
)
(/usr/share/texmf/tex/latex/beamer/beamerbasesection.sty
Package: beamerbasesection 2010/06/17  (rcs-revision e0d9401bb743)
\c@lecture=\count126
\c@part=\count127
\c@section=\count128
\c@subsection=\count129
\c@subsubsection=\count130
)
(/usr/share/texmf/tex/latex/beamer/beamerbaseframe.sty
Package: beamerbaseframe 2010/06/06  (rcs-revision bff0a9294b45)
\beamer@framebox=\box40
\beamer@frametitlebox=\box41
\beamer@zoombox=\box42
\beamer@zoomcount=\count131
\beamer@zoomframecount=\count132
\beamer@frametextheight=\dimen164
\c@subsectionslide=\count133
\beamer@frametopskip=\skip45
\beamer@framebottomskip=\skip46
\beamer@frametopskipautobreak=\skip47
\beamer@framebottomskipautobreak=\skip48
\beamer@envbody=\toks25
\c@framenumber=\count134
)
(/usr/share/texmf/tex/latex/beamer/beamerbaseverbatim.sty
Package: beamerbaseverbatim 2010/05/01  (rcs-revision efa082c6111d)
\beamer@verbatimfileout=\write4
)
(/usr/share/texmf/tex/latex/beamer/beamerbaseframesize.sty
Package: beamerbaseframesize 2010/06/27  (rcs-revision 6baa2d92e6f1)
\beamer@splitbox=\box43
\beamer@autobreakcount=\count135
\beamer@autobreaklastheight=\dimen165
\beamer@frametitletoks=\toks26
\beamer@framesubtitletoks=\toks27
)
(/usr/share/texmf/tex/latex/beamer/beamerbaseframecomponents.sty
Package: beamerbaseframecomponents 2010/07/12  (rcs-revision 09e82992d9b1)
\beamer@footins=\box44
)
(/usr/share/texmf/tex/latex/beamer/beamerbasecolor.sty
Package: beamerbasecolor 2010/06/06  (rcs-revision d1a9b48be06d)
)
(/usr/share/texmf/tex/latex/beamer/beamerbasenotes.sty
Package: beamerbasenotes 2010/05/01  (rcs-revision efa082c6111d)
\beamer@frameboxcopy=\box45
)
(/usr/share/texmf/tex/latex/beamer/beamerbasetoc.sty
Package: beamerbasetoc 2010/06/11  (rcs-revision 242ecaa6783b)
)
(/usr/share/texmf/tex/latex/beamer/beamerbasetemplates.sty
Package: beamerbasetemplates 2010/05/01  (rcs-revision efa082c6111d)
\beamer@sbttoks=\toks28

(/usr/share/texmf/tex/latex/beamer/beamerbaseauxtemplates.sty
Package: beamerbaseauxtemplates 2010/05/01  (rcs-revision efa082c6111d)

(/usr/share/texmf/tex/latex/beamer/beamerbaseboxes.sty
Package: beamerbaseboxes 2010/05/01  (rcs-revision efa082c6111d)
\bmb@box=\box46
\bmb@colorbox=\box47
\bmb@boxshadow=\box48
\bmb@boxshadowball=\box49
\bmb@boxshadowballlarge=\box50
\bmb@temp=\dimen166
\bmb@dima=\dimen167
\bmb@dimb=\dimen168
\bmb@prevheight=\dimen169
)
\beamer@blockheadheight=\dimen170
))
(/usr/share/texmf/tex/latex/beamer/beamerbaselocalstructure.sty
Package: beamerbaselocalstructure 2010/06/01  (rcs-revision 81f9e33f7cc2)

(/usr/share/texmf/tex/latex/tools/enumerate.sty
Package: enumerate 1999/03/05 v3.00 enumerate extensions (DPC)
\@enLab=\toks29
)
\c@figure=\count136
\c@table=\count137
\abovecaptionskip=\skip49
\belowcaptionskip=\skip50
)
(/usr/share/texmf/tex/latex/beamer/beamerbasenavigation.sty
Package: beamerbasenavigation 2010/05/01  (rcs-revision efa082c6111d)
)
(/usr/share/texmf/tex/latex/beamer/beamerbasetheorems.sty
Package: beamerbasetheorems 2010/06/06  (rcs-revision 7e7cc5e53e9d)

(/usr/share/texmf/tex/latex/amsmath/amsmath.sty
Package: amsmath 2000/07/18 v2.13 AMS math features
\@mathmargin=\skip51

For additional information on amsmath, use the `?' option.
(/usr/share/texmf/tex/latex/amsmath/amstext.sty
Package: amstext 2000/06/29 v2.01

(/usr/share/texmf/tex/latex/amsmath/amsgen.sty
File: amsgen.sty 1999/11/30 v2.0
\@emptytoks=\toks30
\ex@=\dimen171
))
(/usr/share/texmf/tex/latex/amsmath/amsbsy.sty
Package: amsbsy 1999/11/29 v1.2d
\pmbraise@=\dimen172
)
(/usr/share/texmf/tex/latex/amsmath/amsopn.sty
Package: amsopn 1999/12/14 v2.01 operator names
)
\inf@bad=\count138
LaTeX Info: Redefining \frac on input line 211.
\uproot@=\count139
\leftroot@=\count140
LaTeX Info: Redefining \overline on input line 307.
\classnum@=\count141
\DOTSCASE@=\count142
LaTeX Info: Redefining \ldots on input line 379.
LaTeX Info: Redefining \dots on input line 382.
LaTeX Info: Redefining \cdots on input line 467.
\Mathstrutbox@=\box51
\strutbox@=\box52
\big@size=\dimen173
LaTeX Font Info:    Redeclaring font encoding OML on input line 567.
LaTeX Font Info:    Redeclaring font encoding OMS on input line 568.
\macc@depth=\count143
\c@MaxMatrixCols=\count144
\dotsspace@=\muskip11
\c@parentequation=\count145
\dspbrk@lvl=\count146
\tag@help=\toks31
\row@=\count147
\column@=\count148
\maxfields@=\count149
\andhelp@=\toks32
\eqnshift@=\dimen174
\alignsep@=\dimen175
\tagshift@=\dimen176
\tagwidth@=\dimen177
\totwidth@=\dimen178
\lineht@=\dimen179
\@envbody=\toks33
\multlinegap=\skip52
\multlinetaggap=\skip53
\mathdisplay@stack=\toks34
LaTeX Info: Redefining \[ on input line 2666.
LaTeX Info: Redefining \] on input line 2667.
)
(/usr/share/texmf/tex/latex/amscls/amsthm.sty
Package: amsthm 2004/08/06 v2.20
\thm@style=\toks35
\thm@bodyfont=\toks36
\thm@headfont=\toks37
\thm@notefont=\toks38
\thm@headpunct=\toks39
\thm@preskip=\skip54
\thm@postskip=\skip55
\thm@headsep=\skip56
\dth@everypar=\toks40
)
\c@theorem=\count150
)
(/usr/share/texmf/tex/latex/beamer/beamerbasethemes.sty
Package: beamerbasethemes 2010/05/01  (rcs-revision efa082c6111d)
))
(/usr/share/texmf/tex/latex/beamer/themes/theme/beamerthemedefault.sty
Package: beamerthemedefault 2010/06/17  (rcs-revision d02a7cf4d8ae)

(/usr/share/texmf/tex/latex/beamer/themes/font/beamerfontthemedefault.sty
Package: beamerfontthemedefault 2010/06/17  (rcs-revision d02a7cf4d8ae)
)
(/usr/share/texmf/tex/latex/beamer/themes/color/beamercolorthemedefault.sty
Package: beamercolorthemedefault 2010/06/17  (rcs-revision d02a7cf4d8ae)
)
(/usr/share/texmf/tex/latex/beamer/themes/inner/beamerinnerthemedefault.sty
Package: beamerinnerthemedefault 2010/06/17  (rcs-revision d02a7cf4d8ae)
\beamer@dima=\dimen180
\beamer@dimb=\dimen181
)
(/usr/share/texmf/tex/latex/beamer/themes/outer/beamerouterthemedefault.sty
Package: beamerouterthemedefault 2010/06/17  (rcs-revision d02a7cf4d8ae)
)))
(/usr/share/texmf/tex/latex/algorithm2e/algorithm2e.sty
Package: algorithm2e 2008/00/00 v3.10 algorithms environments
\c@AlgoLine=\count151

(/usr/share/texmf/tex/latex/base/ifthen.sty
Package: ifthen 2001/05/26 v1.1c Standard LaTeX ifthen package (DPC)
)
(/usr/share/texmf/tex/latex/tools/xspace.sty
Package: xspace 2006/05/08 v1.12 Space after command names (DPC,MH)
)
(/usr/share/texmf/tex/latex/relsize/relsize.sty
Package: relsize 2003/07/04 ver 3.1
)
********************************************************
Package `algorithm2e' Release 4.01 -- december 14 2009 --
- algorithm2e-announce@lirmm.fr mailing list for announcement about releases
- algorithm2e-discussion@lirmm.fr mailing list for discussion about package
subscribe by emailing sympa@lirmm.fr with 'subscribe <list> <firstname name>'
- Author: Christophe Fiorio (fiorio@lirmm.fr)
********************************************************
\skiptotal=\skip57
\skiplinenumber=\skip58
\skiprule=\skip59
\skiphlne=\skip60
\skiptext=\skip61
\skiplength=\skip62
\algomargin=\skip63
\skipalgocfslide=\skip64
\algowidth=\dimen182
\inoutsize=\dimen183
\inoutline=\dimen184
\interspacetitleruled=\dimen185
\interspacealgoruled=\dimen186
\interspacetitleboxruled=\dimen187
\algocf@inoutbox=\box53
\algocf@inputbox=\box54
\AlCapSkip=\skip65
\AlCapHSkip=\skip66
\algocf@nlbox=\box55
\algocf@hangingbox=\box56
\algocf@capbox=\box57
\algoheightruledefault=\skip67
\algoheightrule=\skip68
\algotitleheightruledefault=\skip69
\algotitleheightrule=\skip70
\c@algocfline=\count152
\c@algocfproc=\count153
\c@algocf=\count154
\algocf@algoframe=\box58
\algocf@algobox=\box59
) (/usr/share/texmf/tex/latex/rotating/rotating.sty
Package: rotating 2009/03/28 v2.16a rotated objects in LaTeX
\c@r@tfl@t=\count155
\rotFPtop=\skip71
\rotFPbot=\skip72
\rot@float@box=\box60
\rot@mess@toks=\toks41
)
(/home/sci/weiliu/haldefs.sty (/usr/share/texmf/tex/latex/base/latexsym.sty
Package: latexsym 1998/08/17 v2.2e Standard LaTeX package (lasy symbols)
\symlasy=\mathgroup6
LaTeX Font Info:    Overwriting symbol font `lasy' in version `bold'
(Font)                  U/lasy/m/n --> U/lasy/b/n on input line 47.
)

! LaTeX Error: Command \Si already defined.
               Or name \end... illegal, see p.192 of the manual.

See the LaTeX manual or LaTeX Companion for explanation.
Type  H <return>  for immediate help.
 ...                                              
                                                  
l.63 \newcommand{\Si}{\Sigma}
                             
Your command was ignored.
Type  I <command> <return>  to replace it with another command,
or  <return>  to continue without it.

\c@mytheorem=\count156
\c@myproposition=\count157
\c@mydefinition=\count158
\c@mycorollary=\count159
\c@myexample=\count160
\c@myexercise=\count161
) (/usr/share/texmf/tex/latex/beamer/themes/theme/beamerthemeWarsaw.sty
Package: beamerthemeWarsaw 2010/06/17  (rcs-revision d02a7cf4d8ae)

(/usr/share/texmf/tex/latex/beamer/themes/inner/beamerinnerthemerounded.sty
Package: beamerinnerthemerounded 2010/06/17  (rcs-revision d02a7cf4d8ae)
)
(/usr/share/texmf/tex/latex/beamer/themes/outer/beamerouterthemeshadow.sty
Package: beamerouterthemeshadow 2010/06/17  (rcs-revision d02a7cf4d8ae)

(/usr/share/texmf/tex/latex/beamer/themes/outer/beamerouterthemesplit.sty
Package: beamerouterthemesplit 2010/06/17  (rcs-revision d02a7cf4d8ae)
))
(/usr/share/texmf/tex/latex/beamer/themes/color/beamercolorthemeorchid.sty
Package: beamercolorthemeorchid 2010/06/17  (rcs-revision d02a7cf4d8ae)
)
(/usr/share/texmf/tex/latex/beamer/themes/color/beamercolorthemewhale.sty
Package: beamercolorthemewhale 2010/06/17  (rcs-revision d02a7cf4d8ae)
))
(./proposalslices.aux)
\openout1 = `proposalslices.aux'.

LaTeX Font Info:    Checking defaults for OML/cmm/m/it on input line 25.
LaTeX Font Info:    ... okay on input line 25.
LaTeX Font Info:    Checking defaults for T1/cmr/m/n on input line 25.
LaTeX Font Info:    ... okay on input line 25.
LaTeX Font Info:    Checking defaults for OT1/cmr/m/n on input line 25.
LaTeX Font Info:    ... okay on input line 25.
LaTeX Font Info:    Checking defaults for OMS/cmsy/m/n on input line 25.
LaTeX Font Info:    ... okay on input line 25.
LaTeX Font Info:    Checking defaults for OMX/cmex/m/n on input line 25.
LaTeX Font Info:    ... okay on input line 25.
LaTeX Font Info:    Checking defaults for U/cmr/m/n on input line 25.
LaTeX Font Info:    ... okay on input line 25.
LaTeX Font Info:    Checking defaults for PD1/pdf/m/n on input line 25.
LaTeX Font Info:    ... okay on input line 25.

*geometry* driver: auto-detecting
*geometry* detected driver: pdftex
*geometry* verbose mode - [ preamble ] result:
* driver: pdftex
* paper: custom
* layout: <same size as paper>
* layoutoffset:(h,v)=(0.0pt,0.0pt)
* modes: includehead includefoot 
* h-part:(L,W,R)=(28.45274pt, 307.28987pt, 28.45274pt)
* v-part:(T,H,B)=(0.0pt, 273.14662pt, 0.0pt)
* \paperwidth=364.19536pt
* \paperheight=273.14662pt
* \textwidth=307.28987pt
* \textheight=244.6939pt
* \oddsidemargin=-43.81725pt
* \evensidemargin=-43.81725pt
* \topmargin=-72.26999pt
* \headheight=14.22636pt
* \headsep=0.0pt
* \topskip=11.0pt
* \footskip=14.22636pt
* \marginparwidth=4.0pt
* \marginparsep=10.0pt
* \columnsep=10.0pt
* \skip\footins=10.0pt plus 4.0pt minus 2.0pt
* \hoffset=0.0pt
* \voffset=0.0pt
* \mag=1000
* \@twocolumnfalse
* \@twosidefalse
* \@mparswitchfalse
* \@reversemarginfalse
* (1in=72.27pt=25.4mm, 1cm=28.453pt)

(/usr/share/texmf/tex/context/base/supp-pdf.mkii
[Loading MPS to PDF converter (version 2006.09.02).]
\scratchcounter=\count162
\scratchdimen=\dimen188
\scratchbox=\box61
\nofMPsegments=\count163
\nofMParguments=\count164
\everyMPshowfont=\toks42
\MPscratchCnt=\count165
\MPscratchDim=\dimen189
\MPnumerator=\count166
\everyMPtoPDFconversion=\toks43
) (/usr/share/texmf/tex/latex/oberdiek/epstopdf-base.sty
Package: epstopdf-base 2010/02/09 v2.5 Base part for package epstopdf

(/usr/share/texmf/tex/latex/oberdiek/grfext.sty
Package: grfext 2007/09/30 v1.0 Managing graphics extensions (HO)
)
Package grfext Info: Graphics extension search list:
(grfext)             [.png,.pdf,.jpg,.mps,.jpeg,.jbig2,.jb2,.PNG,.PDF,.JPG,.JPE
G,.JBIG2,.JB2,.eps]
(grfext)             \AppendGraphicsExtensions on input line 436.

(/usr/share/texmf/tex/latex/latexconfig/epstopdf-sys.cfg
File: epstopdf-sys.cfg 2010/07/13 v1.3 Configuration of (r)epstopdf for TeX Liv
e
))
ABD: EveryShipout initializing macros
\AtBeginShipoutBox=\box62
Package hyperref Info: Link coloring OFF on input line 25.

(/usr/share/texmf/tex/latex/hyperref/nameref.sty
Package: nameref 2010/04/30 v2.40 Cross-referencing by name of section

(/usr/share/texmf/tex/latex/oberdiek/refcount.sty
Package: refcount 2008/08/11 v3.1 Data extraction from references (HO)
)
(/usr/share/texmf/tex/generic/oberdiek/gettitlestring.sty
Package: gettitlestring 2009/12/18 v1.3 Cleanup title references (HO)
)
\c@section@level=\count167
)
LaTeX Info: Redefining \ref on input line 25.
LaTeX Info: Redefining \pageref on input line 25.
LaTeX Info: Redefining \nameref on input line 25.

(./proposalslices.out) (./proposalslices.out)
\@outlinefile=\write5
\openout5 = `proposalslices.out'.


(/usr/share/texmf/tex/latex/beamer/translator/dicts/translator-basic-dictionary
/translator-basic-dictionary-English.dict
Dictionary: translator-basic-dictionary, Language: English 
)
(/usr/share/texmf/tex/latex/beamer/translator/dicts/translator-bibliography-dic
tionary/translator-bibliography-dictionary-English.dict
Dictionary: translator-bibliography-dictionary, Language: English 
)
(/usr/share/texmf/tex/latex/beamer/translator/dicts/translator-environment-dict
ionary/translator-environment-dictionary-English.dict
Dictionary: translator-environment-dictionary, Language: English 
)
(/usr/share/texmf/tex/latex/beamer/translator/dicts/translator-months-dictionar
y/translator-months-dictionary-English.dict
Dictionary: translator-months-dictionary, Language: English 
)
(/usr/share/texmf/tex/latex/beamer/translator/dicts/translator-numbers-dictiona
ry/translator-numbers-dictionary-English.dict
Dictionary: translator-numbers-dictionary, Language: English 
)
(/usr/share/texmf/tex/latex/beamer/translator/dicts/translator-theorem-dictiona
ry/translator-theorem-dictionary-English.dict
Dictionary: translator-theorem-dictionary, Language: English 
) (./proposalslices.nav)

LaTeX Font Warning: Font shape `OT1/cmr/m/n' in size <4> not available
(Font)              size <5> substituted on input line 29.

[1

{/var/lib/texmf/fonts/map/pdftex/updmap/pdftex.map}]
<sfig/baby.jpg, id=29, 376.40625pt x 261.22594pt>
File: sfig/baby.jpg Graphic file (type jpg)
 <use sfig/baby.jpg> [2

 <./sfig/baby.jpg>] <sfig/4dfmri.png, id=41, 803.0pt x 330.033pt>
File: sfig/4dfmri.png Graphic file (type png)

<use sfig/4dfmri.png> <sfig/onets.png, id=43, 1047.1923pt x 271.7352pt>
File: sfig/onets.png Graphic file (type png)

<use sfig/onets.png> <sfig/rawslice.png, id=44, 532.99126pt x 627.09282pt>
File: sfig/rawslice.png Graphic file (type png)

<use sfig/rawslice.png>
LaTeX Font Info:    Try loading font information for U+msa on input line 75.
 (/usr/share/texmf/tex/latex/amsfonts/umsa.fd
File: umsa.fd 2009/06/22 v3.00 AMS symbols A
)
LaTeX Font Info:    Try loading font information for U+msb on input line 75.

(/usr/share/texmf/tex/latex/amsfonts/umsb.fd
File: umsb.fd 2009/06/22 v3.00 AMS symbols B
)
LaTeX Font Info:    Try loading font information for U+lasy on input line 75.

(/usr/share/texmf/tex/latex/base/ulasy.fd
File: ulasy.fd 1998/08/17 v2.2e LaTeX symbol font definitions
) [3

 <./sfig/4dfmri.png> <./sfig/onets.png> <./sfig/rawslice.png (PNG copy)>]
<sfig/taskfmri.jpg, id=52, 436.5108pt x 112.16304pt>
File: sfig/taskfmri.jpg Graphic file (type jpg)
 <use sfig/taskfmri.jpg>
<sfig/corr.png, id=53, 351.41287pt x 117.98077pt>
File: sfig/corr.png Graphic file (type png)
 <use sfig/corr.png>
Overfull \vbox (2.20401pt too high) detected at line 111
 []

[4

 <./sfig/taskfmri.jpg> <./sfig/corr.png>] [5

] [6

] [7

]
<sfig/mrf.jpg, id=77, 250.9375pt x 451.6875pt>
File: sfig/mrf.jpg Graphic file (type jpg)
 <use sfig/mrf.jpg> [8

 <./sfig/mrf.jpg>] <sfig/clique_1.png, id=88, 374.90062pt x 365.86688pt>
File: sfig/clique_1.png Graphic file (type png)

<use sfig/clique_1.png> [9

 <./sfig/clique_1.png (PNG copy)>]
<sfig/condmrf2a.png, id=95, 420.79207pt x 308.41223pt>
File: sfig/condmrf2a.png Graphic file (type png)

<use sfig/condmrf2a.png> [10

 <./sfig/condmrf2a.png>] [11

]
<sfig/6dmrf.pdf, id=109, 344.27835pt x 409.71968pt>
File: sfig/6dmrf.pdf Graphic file (type pdf)
 <use sfig/6dmrf.pdf>
[12

 <./sfig/6dmrf.pdf>]
<figures/no_overlay/R1_corr_nosmooth.png, id=230, 534.49687pt x 564.60938pt>
File: figures/no_overlay/R1_corr_nosmooth.png Graphic file (type png)

<use figures/no_overlay/R1_corr_nosmooth.png>
<figures/no_overlay/R1_corr_smooth.png, id=231, 534.49687pt x 564.60938pt>
File: figures/no_overlay/R1_corr_smooth.png Graphic file (type png)

<use figures/no_overlay/R1_corr_smooth.png>
<figures/no_overlay/R1_mrf.png, id=232, 534.49687pt x 564.60938pt>
File: figures/no_overlay/R1_mrf.png Graphic file (type png)

<use figures/no_overlay/R1_mrf.png>
<figures/no_overlay/R2_corr_nosmooth.png, id=233, 534.49687pt x 564.60938pt>
File: figures/no_overlay/R2_corr_nosmooth.png Graphic file (type png)

<use figures/no_overlay/R2_corr_nosmooth.png>
<figures/no_overlay/R2_corr_smooth.png, id=234, 534.49687pt x 564.60938pt>
File: figures/no_overlay/R2_corr_smooth.png Graphic file (type png)

<use figures/no_overlay/R2_corr_smooth.png>
<figures/no_overlay/R2_mrf.png, id=235, 534.49687pt x 564.60938pt>
File: figures/no_overlay/R2_mrf.png Graphic file (type png)

<use figures/no_overlay/R2_mrf.png> [13

 <./figures/no_overlay/R1_corr_nosmooth.png (PNG copy)> <./figures/no_overlay/R
1_corr_smooth.png (PNG copy)> <./figures/no_overlay/R1_mrf.png (PNG copy)> <./f
igures/no_overlay/R2_corr_nosmooth.png (PNG copy)> <./figures/no_overlay/R2_cor
r_smooth.png (PNG copy)> <./figures/no_overlay/R2_mrf.png (PNG copy)>] [14

] [15

]
<sfig/gen.png, id=255, 408.3255pt x 242.64653pt>
File: sfig/gen.png Graphic file (type png)
 <use sfig/gen.png> [16

 <./sfig/gen.png>] [17

]
<figures/wholebrain/sub1/axial0028.png, id=270, 334.24875pt x 321.2pt>
File: figures/wholebrain/sub1/axial0028.png Graphic file (type png)

<use figures/wholebrain/sub1/axial0028.png>
<figures/wholebrain/sub1/axial0034.png, id=271, 334.24875pt x 321.2pt>
File: figures/wholebrain/sub1/axial0034.png Graphic file (type png)

<use figures/wholebrain/sub1/axial0034.png>
<figures/wholebrain/sub2/axial0028.png, id=272, 334.24875pt x 321.2pt>
File: figures/wholebrain/sub2/axial0028.png Graphic file (type png)

<use figures/wholebrain/sub2/axial0028.png>
<figures/wholebrain/sub2/axial0034.png, id=273, 334.24875pt x 321.2pt>
File: figures/wholebrain/sub2/axial0034.png Graphic file (type png)

<use figures/wholebrain/sub2/axial0034.png>
<figures/wholebrain/sub5/axial0028.png, id=274, 334.24875pt x 321.2pt>
File: figures/wholebrain/sub5/axial0028.png Graphic file (type png)

<use figures/wholebrain/sub5/axial0028.png>
<figures/wholebrain/sub5/axial0034.png, id=275, 334.24875pt x 321.2pt>
File: figures/wholebrain/sub5/axial0034.png Graphic file (type png)

<use figures/wholebrain/sub5/axial0034.png>
<figures/wholebrain/sub1/saggital0029.png, id=276, 334.24875pt x 321.2pt>
File: figures/wholebrain/sub1/saggital0029.png Graphic file (type png)

<use figures/wholebrain/sub1/saggital0029.png>
<figures/wholebrain/sub1/coronal0029.png, id=277, 334.24875pt x 321.2pt>
File: figures/wholebrain/sub1/coronal0029.png Graphic file (type png)

<use figures/wholebrain/sub1/coronal0029.png>
<figures/wholebrain/sub2/saggital0029.png, id=278, 334.24875pt x 321.2pt>
File: figures/wholebrain/sub2/saggital0029.png Graphic file (type png)

<use figures/wholebrain/sub2/saggital0029.png>
<figures/wholebrain/sub2/coronal0029.png, id=279, 334.24875pt x 321.2pt>
File: figures/wholebrain/sub2/coronal0029.png Graphic file (type png)

<use figures/wholebrain/sub2/coronal0029.png>
<figures/wholebrain/sub5/saggital0029.png, id=280, 334.24875pt x 321.2pt>
File: figures/wholebrain/sub5/saggital0029.png Graphic file (type png)

<use figures/wholebrain/sub5/saggital0029.png>
<figures/wholebrain/sub5/coronal0029.png, id=281, 334.24875pt x 321.2pt>
File: figures/wholebrain/sub5/coronal0029.png Graphic file (type png)

<use figures/wholebrain/sub5/coronal0029.png> [18

 <./figures/wholebrain/sub1/axial0028.png> <./figures/wholebrain/sub1/axial0034
.png> <./figures/wholebrain/sub2/axial0028.png> <./figures/wholebrain/sub2/axia
l0034.png> <./figures/wholebrain/sub5/axial0028.png> <./figures/wholebrain/sub5
/axial0034.png> <./figures/wholebrain/sub1/saggital0029.png> <./figures/wholebr
ain/sub1/coronal0029.png> <./figures/wholebrain/sub2/saggital0029.png> <./figur
es/wholebrain/sub2/coronal0029.png> <./figures/wholebrain/sub5/saggital0029.png
> <./figures/wholebrain/sub5/coronal0029.png>] [19

] <sfig/hier1.png, id=307, 326.47972pt x 244.09192pt>
File: sfig/hier1.png Graphic file (type png)

<use sfig/hier1.png> <sfig/hier2.png, id=308, 353.76164pt x 283.2984pt>
File: sfig/hier2.png Graphic file (type png)

<use sfig/hier2.png> [20

 <./sfig/hier1.png> <./sfig/hier2.png>]
<sfig/hier3.png, id=316, 341.65642pt x 242.8272pt>
File: sfig/hier3.png Graphic file (type png)
 <use sfig/hier3.png>
[21

 <./sfig/hier3.png>] <sfig/hier3a.png, id=324, 468.3096pt x 359.36258pt>
File: sfig/hier3a.png Graphic file (type png)

<use sfig/hier3a.png> [22

 <./sfig/hier3a.png>]
<figure1/grp2.pdf, id=331, 460.36993pt x 586.13315pt>
File: figure1/grp2.pdf Graphic file (type pdf)
 <use figure1/grp2.pdf>
[23

 <./figure1/grp2.pdf>]
File: figure1/grp2.pdf Graphic file (type pdf)
 <use figure1/grp2.pdf> [24

]
File: figure1/grp2.pdf Graphic file (type pdf)
 <use figure1/grp2.pdf>
[25

]
File: figure1/grp2.pdf Graphic file (type pdf)
 <use figure1/grp2.pdf> [26

]
<sfig/hiergibbs2.png, id=361, 442.83443pt x 261.97874pt>
File: sfig/hiergibbs2.png Graphic file (type png)

<use sfig/hiergibbs2.png> [27

 <./sfig/hiergibbs2.png>] [28

]
<figure1/truegrp.png, id=375, 255.95625pt x 255.95625pt>
File: figure1/truegrp.png Graphic file (type png)

<use figure1/truegrp.png>
<figure1/kmeans_grp.png, id=376, 255.95625pt x 255.95625pt>
File: figure1/kmeans_grp.png Graphic file (type png)

<use figure1/kmeans_grp.png>
<figure1/ncuts_grp.png, id=377, 255.95625pt x 255.95625pt>
File: figure1/ncuts_grp.png Graphic file (type png)

<use figure1/ncuts_grp.png>
<figure1/mrf_grp.png, id=378, 255.95625pt x 255.95625pt>
File: figure1/mrf_grp.png Graphic file (type png)

<use figure1/mrf_grp.png>
<figure1/true_sub1.png, id=379, 255.95625pt x 255.95625pt>
File: figure1/true_sub1.png Graphic file (type png)

<use figure1/true_sub1.png>
<figure1/kmeans_sub1.png, id=380, 255.95625pt x 255.95625pt>
File: figure1/kmeans_sub1.png Graphic file (type png)

<use figure1/kmeans_sub1.png>
<figure1/ncuts_sub1.png, id=381, 255.95625pt x 255.95625pt>
File: figure1/ncuts_sub1.png Graphic file (type png)

<use figure1/ncuts_sub1.png>
<figure1/mrf_sub1.png, id=382, 255.95625pt x 255.95625pt>
File: figure1/mrf_sub1.png Graphic file (type png)

<use figure1/mrf_sub1.png> [29

 <./figure1/truegrp.png (PNG copy)> <./figure1/kmeans_grp.png (PNG copy)> <./fi
gure1/ncuts_grp.png (PNG copy)> <./figure1/mrf_grp.png (PNG copy)> <./figure1/t
rue_sub1.png (PNG copy)> <./figure1/kmeans_sub1.png (PNG copy)> <./figure1/ncut
s_sub1.png (PNG copy)> <./figure1/mrf_sub1.png (PNG copy)>] <figure2/kmeans_grp
_z25.png, id=391, 331.2375pt x 400.49625pt>
File: figure2/kmeans_grp_z25.png Graphic file (type png)

<use figure2/kmeans_grp_z25.png>
<figure2/kmeans_grp_z32.png, id=392, 331.2375pt x 400.49625pt>
File: figure2/kmeans_grp_z32.png Graphic file (type png)

<use figure2/kmeans_grp_z32.png>
<figure2/kmeans_sub1_z25.png, id=393, 331.2375pt x 400.49625pt>
File: figure2/kmeans_sub1_z25.png Graphic file (type png)

<use figure2/kmeans_sub1_z25.png>
<figure2/kmeans_sub1_z32.png, id=394, 331.2375pt x 400.49625pt>
File: figure2/kmeans_sub1_z32.png Graphic file (type png)

<use figure2/kmeans_sub1_z32.png>
<figure2/kmeans_sub2_z25.png, id=395, 331.2375pt x 400.49625pt>
File: figure2/kmeans_sub2_z25.png Graphic file (type png)

<use figure2/kmeans_sub2_z25.png>
<figure2/kmeans_sub2_z32.png, id=396, 331.2375pt x 400.49625pt>
File: figure2/kmeans_sub2_z32.png Graphic file (type png)

<use figure2/kmeans_sub2_z32.png>
<figure2/ncuts_grp_z25.png, id=397, 331.2375pt x 400.49625pt>
File: figure2/ncuts_grp_z25.png Graphic file (type png)

<use figure2/ncuts_grp_z25.png>
<figure2/ncuts_grp_z32.png, id=398, 331.2375pt x 400.49625pt>
File: figure2/ncuts_grp_z32.png Graphic file (type png)

<use figure2/ncuts_grp_z32.png>
<figure2/ncuts_sub1_z25.png, id=399, 331.2375pt x 400.49625pt>
File: figure2/ncuts_sub1_z25.png Graphic file (type png)

<use figure2/ncuts_sub1_z25.png>
<figure2/ncuts_sub1_z32.png, id=400, 331.2375pt x 400.49625pt>
File: figure2/ncuts_sub1_z32.png Graphic file (type png)

<use figure2/ncuts_sub1_z32.png>
<figure2/ncuts_sub2_z25.png, id=401, 331.2375pt x 400.49625pt>
File: figure2/ncuts_sub2_z25.png Graphic file (type png)

<use figure2/ncuts_sub2_z25.png>
<figure2/ncuts_sub2_z32.png, id=402, 331.2375pt x 400.49625pt>
File: figure2/ncuts_sub2_z32.png Graphic file (type png)

<use figure2/ncuts_sub2_z32.png>
<figure2/mrf_grp_z25.png, id=403, 331.2375pt x 400.49625pt>
File: figure2/mrf_grp_z25.png Graphic file (type png)

<use figure2/mrf_grp_z25.png>
<figure2/mrf_grp_z32.png, id=404, 331.2375pt x 400.49625pt>
File: figure2/mrf_grp_z32.png Graphic file (type png)

<use figure2/mrf_grp_z32.png>
<figure2/mrf_sub1_z25.png, id=405, 331.2375pt x 400.49625pt>
File: figure2/mrf_sub1_z25.png Graphic file (type png)

<use figure2/mrf_sub1_z25.png>
<figure2/mrf_sub1_z32.png, id=406, 331.2375pt x 400.49625pt>
File: figure2/mrf_sub1_z32.png Graphic file (type png)

<use figure2/mrf_sub1_z32.png>
<figure2/mrf_sub2_z25.png, id=407, 331.2375pt x 400.49625pt>
File: figure2/mrf_sub2_z25.png Graphic file (type png)

<use figure2/mrf_sub2_z25.png>
<figure2/mrf_sub2_z32.png, id=408, 331.2375pt x 400.49625pt>
File: figure2/mrf_sub2_z32.png Graphic file (type png)

<use figure2/mrf_sub2_z32.png>
Overfull \hbox (24.40518pt too wide) in paragraph at lines 667--667
 [] 
 []

[30

 <./figure2/kmeans_grp_z25.png> <./figure2/kmeans_grp_z32.png> <./figure2/kmean
s_sub1_z25.png> <./figure2/kmeans_sub1_z32.png> <./figure2/kmeans_sub2_z25.png>
 <./figure2/kmeans_sub2_z32.png> <./figure2/ncuts_grp_z25.png> <./figure2/ncuts
_grp_z32.png> <./figure2/ncuts_sub1_z25.png> <./figure2/ncuts_sub1_z32.png> <./
figure2/ncuts_sub2_z25.png> <./figure2/ncuts_sub2_z32.png> <./figure2/mrf_grp_z
25.png> <./figure2/mrf_grp_z32.png> <./figure2/mrf_sub1_z25.png> <./figure2/mrf
_sub1_z32.png> <./figure2/mrf_sub2_z25.png> <./figure2/mrf_sub2_z32.png>]
[31

] <figure3/dmn_a.png, id=438, 316.18124pt x 309.155pt>
File: figure3/dmn_a.png Graphic file (type png)

<use figure3/dmn_a.png> <figure3/dmn_s.png, id=439, 316.18124pt x 309.155pt>
File: figure3/dmn_s.png Graphic file (type png)

<use figure3/dmn_s.png>
<figure3/dmn_sub17_a.png, id=440, 316.18124pt x 309.155pt>
File: figure3/dmn_sub17_a.png Graphic file (type png)

<use figure3/dmn_sub17_a.png>
<figure3/dmn_sub17_s.png, id=441, 316.18124pt x 309.155pt>
File: figure3/dmn_sub17_s.png Graphic file (type png)

<use figure3/dmn_sub17_s.png>
<figure3/dmn_sub21_a.png, id=442, 316.18124pt x 309.155pt>
File: figure3/dmn_sub21_a.png Graphic file (type png)

<use figure3/dmn_sub21_a.png>
<figure3/dmn_sub21_s.png, id=443, 316.18124pt x 309.155pt>
File: figure3/dmn_sub21_s.png Graphic file (type png)

<use figure3/dmn_sub21_s.png>
<figure3/atten_a.png, id=444, 316.18124pt x 309.155pt>
File: figure3/atten_a.png Graphic file (type png)

<use figure3/atten_a.png>
<figure3/atten_s.png, id=445, 316.18124pt x 309.155pt>
File: figure3/atten_s.png Graphic file (type png)

<use figure3/atten_s.png>
<figure3/atten_sub17_a.png, id=446, 316.18124pt x 309.155pt>
File: figure3/atten_sub17_a.png Graphic file (type png)

<use figure3/atten_sub17_a.png>
<figure3/atten_sub17_s.png, id=447, 316.18124pt x 309.155pt>
File: figure3/atten_sub17_s.png Graphic file (type png)

<use figure3/atten_sub17_s.png>
<figure3/atten_sub21_a.png, id=448, 316.18124pt x 309.155pt>
File: figure3/atten_sub21_a.png Graphic file (type png)

<use figure3/atten_sub21_a.png>
<figure3/atten_sub21_s.png, id=449, 316.18124pt x 309.155pt>
File: figure3/atten_sub21_s.png Graphic file (type png)

<use figure3/atten_sub21_s.png>
<figure3/colorbar.pdf, id=450, 66.57771pt x 624.4696pt>
File: figure3/colorbar.pdf Graphic file (type pdf)

<use figure3/colorbar.pdf> [32

 <./figure3/dmn_a.png> <./figure3/dmn_s.png> <./figure3/dmn_sub17_a.png> <./fig
ure3/dmn_sub17_s.png> <./figure3/dmn_sub21_a.png> <./figure3/dmn_sub21_s.png> <
./figure3/atten_a.png> <./figure3/atten_s.png> <./figure3/atten_sub17_a.png> <.
/figure3/atten_sub17_s.png> <./figure3/atten_sub21_a.png> <./figure3/atten_sub2
1_s.png> <./figure3/colorbar.pdf>]
<sfig/vari.png, id=478, 347.43802pt x 92.86694pt>
File: sfig/vari.png Graphic file (type png)
 <use sfig/vari.png> [33

 <./sfig/vari.png>] [34

] [35

 </usr/share/texmf/tex/latex/beamer/art/beamericonarticle.pdf>] [36

] <sfig/mri.png, id=508, 700.6175pt x 677.53125pt>
File: sfig/mri.png Graphic file (type png)

<use sfig/mri.png> <sfig/seg_nosmooth.png, id=509, 700.6175pt x 677.53125pt>
File: sfig/seg_nosmooth.png Graphic file (type png)

<use sfig/seg_nosmooth.png>
<sfig/seg_smooth.png, id=510, 700.6175pt x 677.53125pt>
File: sfig/seg_smooth.png Graphic file (type png)

<use sfig/seg_smooth.png> [37

 <./sfig/mri.png> <./sfig/seg_nosmooth.png> <./sfig/seg_smooth.png>]
File: sfig/clique_1.png Graphic file (type png)
 <use sfig/clique_1.png> [38

]
<sfig/voxelgibbs.png, id=525, 220.24283pt x 98.64854pt>
File: sfig/voxelgibbs.png Graphic file (type png)

<use sfig/voxelgibbs.png> [39

 <./sfig/voxelgibbs.png>]
\tf@nav=\write6
\openout6 = `proposalslices.nav'.

\tf@toc=\write7
\openout7 = `proposalslices.toc'.

\tf@snm=\write8
\openout8 = `proposalslices.snm'.

Package atveryend Info: Empty hook `BeforeClearDocument' on input line 810.
Package atveryend Info: Empty hook `AfterLastShipout' on input line 810.
 (./proposalslices.aux)
Package atveryend Info: Executing hook `AtVeryEndDocument' on input line 810.
Package rerunfilecheck Info: File `proposalslices.out' has not changed.
(rerunfilecheck)             Checksum: D41D8CD98F00B204E9800998ECF8427E;0.


LaTeX Font Warning: Size substitutions with differences
(Font)              up to 1.0pt have occurred.

 ) 
Here is how much of TeX's memory you used:
 17238 strings out of 493747
 314973 string characters out of 3151242
 400780 words of memory out of 3500000
 19916 multiletter control sequences out of 15000+200000
 12611 words of font info for 51 fonts, out of 3000000 for 9000
 714 hyphenation exceptions out of 8191
 49i,18n,57p,440b,836s stack positions out of 5000i,500n,10000p,200000b,50000s
</usr/share/texmf/fonts/type1/public/amsfonts/cm/cmbx10.pfb></usr/share/texmf
/fonts/type1/public/amsfonts/cm/cmex10.pfb></usr/share/texmf/fonts/type1/public
/amsfonts/cm/cmmi10.pfb></usr/share/texmf/fonts/type1/public/amsfonts/cm/cmmi12
.pfb></usr/share/texmf/fonts/type1/public/amsfonts/cm/cmmi6.pfb></usr/share/tex
mf/fonts/type1/public/amsfonts/cm/cmmi7.pfb></usr/share/texmf/fonts/type1/publi
c/amsfonts/cm/cmmi8.pfb></usr/share/texmf/fonts/type1/public/amsfonts/cm/cmmib1
0.pfb></usr/share/texmf/fonts/type1/public/amsfonts/cm/cmr10.pfb></usr/share/te
xmf/fonts/type1/public/amsfonts/cm/cmr12.pfb></usr/share/texmf/fonts/type1/publ
ic/amsfonts/cm/cmr6.pfb></usr/share/texmf/fonts/type1/public/amsfonts/cm/cmr8.p
fb></usr/share/texmf/fonts/type1/public/amsfonts/cm/cmr9.pfb></usr/share/texmf/
fonts/type1/public/amsfonts/cm/cmss9.pfb></usr/share/texmf/fonts/type1/public/a
msfonts/cm/cmsy10.pfb></usr/share/texmf/fonts/type1/public/amsfonts/cm/cmsy8.pf
b></usr/share/texmf/fonts/type1/public/amsfonts/cm/cmti10.pfb></usr/share/texmf
/fonts/type1/public/amsfonts/cm/cmti9.pfb></usr/share/texmf/fonts/type1/public/
amsfonts/symbols/msbm10.pfb>
Output written on proposalslices.pdf (39 pages, 2788218 bytes).
PDF statistics:
 603 PDF objects out of 1000 (max. 8388607)
 348 compressed objects within 4 object streams
 83 named destinations out of 1000 (max. 500000)
 470 words of extra memory for PDF output out of 10000 (max. 10000000)

