This is pdfTeX, Version 3.1415926-2.5-1.40.14 (TeX Live 2013/TeX Live for opensuse.org) (format=pdflatex 2013.10.19)  17 DEC 2013 13:29
entering extended mode
 restricted \write18 enabled.
 %&-line parsing enabled.
**\nonstopmode\input research_slices.tex
(./research_slices.tex (/usr/share/texmf/tex/latex/beamer/beamer.cls
(/usr/share/texmf/tex/latex/beamer/beamerbasercs.sty
Package: beamerbasercs 2013/01/04 (rcs-revision 9a97a4eee358)
)
Document Class: beamer 2013/01/04 3.26 A class for typesetting presentations (r
cs-revision e81e0c94bcc6)
(/usr/share/texmf/tex/latex/beamer/beamerbasemodes.sty
Package: beamerbasemodes 2012/04/15 (rcs-revision cc6557182d97)
\beamer@tempbox=\box26
\beamer@tempcount=\count79
\c@beamerpauses=\count80

(/usr/share/texmf/tex/latex/beamer/beamerbasedecode.sty
Package: beamerbasedecode 2010/05/01 (rcs-revision efa082c6111d)
\beamer@slideinframe=\count81
\beamer@minimum=\count82
)
\beamer@commentbox=\box27
\beamer@modecount=\count83
)
(/usr/share/texmf/tex/generic/oberdiek/ifpdf.sty
Package: ifpdf 2011/01/30 v2.3 Provides the ifpdf switch (HO)
Package ifpdf Info: pdfTeX in PDF mode is detected.
)
\headheight=\dimen102
\headdp=\dimen103
\footheight=\dimen104
\sidebarheight=\dimen105
\beamer@tempdim=\dimen106
\beamer@finalheight=\dimen107
\beamer@animht=\dimen108
\beamer@animdp=\dimen109
\beamer@animwd=\dimen110
\beamer@leftmargin=\dimen111
\beamer@rightmargin=\dimen112
\beamer@leftsidebar=\dimen113
\beamer@rightsidebar=\dimen114
\beamer@boxsize=\dimen115
\beamer@vboxoffset=\dimen116
\beamer@descdefault=\dimen117
\beamer@descriptionwidth=\dimen118
\beamer@lastskip=\skip41
\beamer@areabox=\box28
\beamer@animcurrent=\box29
\beamer@animshowbox=\box30
\beamer@sectionbox=\box31
\beamer@logobox=\box32
\beamer@linebox=\box33
\beamer@sectioncount=\count84
\beamer@subsubsectionmax=\count85
\beamer@subsectionmax=\count86
\beamer@sectionmax=\count87
\beamer@totalheads=\count88
\beamer@headcounter=\count89
\beamer@partstartpage=\count90
\beamer@sectionstartpage=\count91
\beamer@subsectionstartpage=\count92
\beamer@animationtempa=\count93
\beamer@animationtempb=\count94
\beamer@xpos=\count95
\beamer@ypos=\count96
\beamer@showpartnumber=\count97
\beamer@currentsubsection=\count98
\beamer@coveringdepth=\count99
\beamer@sectionadjust=\count100
\beamer@tocsectionnumber=\count101

(/usr/share/texmf/tex/latex/beamer/beamerbaseoptions.sty
Package: beamerbaseoptions 2010/04/27 (rcs-revision 982469101dd6)

(/usr/share/texmf/tex/latex/graphics/keyval.sty
Package: keyval 1999/03/16 v1.13 key=value parser (DPC)
\KV@toks@=\toks14
))
\beamer@paperwidth=\skip42
\beamer@paperheight=\skip43

(/usr/share/texmf/tex/latex/geometry/geometry.sty
Package: geometry 2010/09/12 v5.6 Page Geometry

(/usr/share/texmf/tex/generic/oberdiek/ifvtex.sty
Package: ifvtex 2010/03/01 v1.5 Detect VTeX and its facilities (HO)
Package ifvtex Info: VTeX not detected.
)
(/usr/share/texmf/tex/generic/ifxetex/ifxetex.sty
Package: ifxetex 2010/09/12 v0.6 Provides ifxetex conditional
)
\Gm@cnth=\count102
\Gm@cntv=\count103
\c@Gm@tempcnt=\count104
\Gm@bindingoffset=\dimen119
\Gm@wd@mp=\dimen120
\Gm@odd@mp=\dimen121
\Gm@even@mp=\dimen122
\Gm@layoutwidth=\dimen123
\Gm@layoutheight=\dimen124
\Gm@layouthoffset=\dimen125
\Gm@layoutvoffset=\dimen126
\Gm@dimlist=\toks15
)
(/usr/share/texmf/tex/latex/base/size10.clo
File: size10.clo 2007/10/19 v1.4h Standard LaTeX file (size option)
)
(/usr/share/texmf/tex/latex/pgf/basiclayer/pgfcore.sty
(/usr/share/texmf/tex/latex/graphics/graphicx.sty
Package: graphicx 1999/02/16 v1.0f Enhanced LaTeX Graphics (DPC,SPQR)

(/usr/share/texmf/tex/latex/graphics/graphics.sty
Package: graphics 2009/02/05 v1.0o Standard LaTeX Graphics (DPC,SPQR)

(/usr/share/texmf/tex/latex/graphics/trig.sty
Package: trig 1999/03/16 v1.09 sin cos tan (DPC)
)
(/usr/share/texmf/tex/latex/latexconfig/graphics.cfg
File: graphics.cfg 2010/04/23 v1.9 graphics configuration of TeX Live
)
Package graphics Info: Driver file: pdftex.def on input line 91.

(/usr/share/texmf/tex/latex/pdftex-def/pdftex.def
File: pdftex.def 2011/05/27 v0.06d Graphics/color for pdfTeX

(/usr/share/texmf/tex/generic/oberdiek/infwarerr.sty
Package: infwarerr 2010/04/08 v1.3 Providing info/warning/error messages (HO)
)
(/usr/share/texmf/tex/generic/oberdiek/ltxcmds.sty
Package: ltxcmds 2011/11/09 v1.22 LaTeX kernel commands for general use (HO)
)
\Gread@gobject=\count105
))
\Gin@req@height=\dimen127
\Gin@req@width=\dimen128
)
(/usr/share/texmf/tex/latex/pgf/systemlayer/pgfsys.sty
(/usr/share/texmf/tex/latex/pgf/utilities/pgfrcs.sty
(/usr/share/texmf/tex/generic/pgf/utilities/pgfutil-common.tex
\pgfutil@everybye=\toks16
)
(/usr/share/texmf/tex/generic/pgf/utilities/pgfutil-latex.def
\pgfutil@abb=\box34

(/usr/share/texmf/tex/latex/ms/everyshi.sty
Package: everyshi 2001/05/15 v3.00 EveryShipout Package (MS)
))
(/usr/share/texmf/tex/generic/pgf/utilities/pgfrcs.code.tex
Package: pgfrcs 2010/10/25 v2.10 (rcs-revision 1.24)
))
(/usr/share/texmf/tex/generic/pgf/systemlayer/pgfsys.code.tex
Package: pgfsys 2010/06/30 v2.10 (rcs-revision 1.37)

(/usr/share/texmf/tex/generic/pgf/utilities/pgfkeys.code.tex
\pgfkeys@pathtoks=\toks17
\pgfkeys@temptoks=\toks18

(/usr/share/texmf/tex/generic/pgf/utilities/pgfkeysfiltered.code.tex
\pgfkeys@tmptoks=\toks19
))
\pgf@x=\dimen129
\pgf@y=\dimen130
\pgf@xa=\dimen131
\pgf@ya=\dimen132
\pgf@xb=\dimen133
\pgf@yb=\dimen134
\pgf@xc=\dimen135
\pgf@yc=\dimen136
\w@pgf@writea=\write3
\r@pgf@reada=\read1
\c@pgf@counta=\count106
\c@pgf@countb=\count107
\c@pgf@countc=\count108
\c@pgf@countd=\count109

(/usr/share/texmf/tex/generic/pgf/systemlayer/pgf.cfg
File: pgf.cfg 2008/05/14  (rcs-revision 1.7)
)
Package pgfsys Info: Driver file for pgf: pgfsys-pdftex.def on input line 900.

(/usr/share/texmf/tex/generic/pgf/systemlayer/pgfsys-pdftex.def
File: pgfsys-pdftex.def 2009/05/22  (rcs-revision 1.26)

(/usr/share/texmf/tex/generic/pgf/systemlayer/pgfsys-common-pdf.def
File: pgfsys-common-pdf.def 2008/05/19  (rcs-revision 1.10)
)))
(/usr/share/texmf/tex/generic/pgf/systemlayer/pgfsyssoftpath.code.tex
File: pgfsyssoftpath.code.tex 2008/07/18  (rcs-revision 1.7)
\pgfsyssoftpath@smallbuffer@items=\count110
\pgfsyssoftpath@bigbuffer@items=\count111
)
(/usr/share/texmf/tex/generic/pgf/systemlayer/pgfsysprotocol.code.tex
File: pgfsysprotocol.code.tex 2006/10/16  (rcs-revision 1.4)
))
(/usr/share/texmf/tex/latex/xcolor/xcolor.sty
Package: xcolor 2007/01/21 v2.11 LaTeX color extensions (UK)

(/usr/share/texmf/tex/latex/latexconfig/color.cfg
File: color.cfg 2007/01/18 v1.5 color configuration of teTeX/TeXLive
)
Package xcolor Info: Driver file: pdftex.def on input line 225.
Package xcolor Info: Model `cmy' substituted by `cmy0' on input line 1337.
Package xcolor Info: Model `hsb' substituted by `rgb' on input line 1341.
Package xcolor Info: Model `RGB' extended on input line 1353.
Package xcolor Info: Model `HTML' substituted by `rgb' on input line 1355.
Package xcolor Info: Model `Hsb' substituted by `hsb' on input line 1356.
Package xcolor Info: Model `tHsb' substituted by `hsb' on input line 1357.
Package xcolor Info: Model `HSB' substituted by `hsb' on input line 1358.
Package xcolor Info: Model `Gray' substituted by `gray' on input line 1359.
Package xcolor Info: Model `wave' substituted by `hsb' on input line 1360.
)
(/usr/share/texmf/tex/generic/pgf/basiclayer/pgfcore.code.tex
Package: pgfcore 2010/04/11 v2.10 (rcs-revision 1.7)

(/usr/share/texmf/tex/generic/pgf/math/pgfmath.code.tex
(/usr/share/texmf/tex/generic/pgf/math/pgfmathcalc.code.tex
(/usr/share/texmf/tex/generic/pgf/math/pgfmathutil.code.tex)
(/usr/share/texmf/tex/generic/pgf/math/pgfmathparser.code.tex
\pgfmath@dimen=\dimen137
\pgfmath@count=\count112
\pgfmath@box=\box35
\pgfmath@toks=\toks20
\pgfmath@stack@operand=\toks21
\pgfmath@stack@operation=\toks22
)
(/usr/share/texmf/tex/generic/pgf/math/pgfmathfunctions.code.tex
(/usr/share/texmf/tex/generic/pgf/math/pgfmathfunctions.basic.code.tex)
(/usr/share/texmf/tex/generic/pgf/math/pgfmathfunctions.trigonometric.code.tex)
(/usr/share/texmf/tex/generic/pgf/math/pgfmathfunctions.random.code.tex)
(/usr/share/texmf/tex/generic/pgf/math/pgfmathfunctions.comparison.code.tex)
(/usr/share/texmf/tex/generic/pgf/math/pgfmathfunctions.base.code.tex)
(/usr/share/texmf/tex/generic/pgf/math/pgfmathfunctions.round.code.tex)
(/usr/share/texmf/tex/generic/pgf/math/pgfmathfunctions.misc.code.tex)))
(/usr/share/texmf/tex/generic/pgf/math/pgfmathfloat.code.tex
\c@pgfmathroundto@lastzeros=\count113
))
(/usr/share/texmf/tex/generic/pgf/basiclayer/pgfcorepoints.code.tex
File: pgfcorepoints.code.tex 2010/04/09  (rcs-revision 1.20)
\pgf@picminx=\dimen138
\pgf@picmaxx=\dimen139
\pgf@picminy=\dimen140
\pgf@picmaxy=\dimen141
\pgf@pathminx=\dimen142
\pgf@pathmaxx=\dimen143
\pgf@pathminy=\dimen144
\pgf@pathmaxy=\dimen145
\pgf@xx=\dimen146
\pgf@xy=\dimen147
\pgf@yx=\dimen148
\pgf@yy=\dimen149
\pgf@zx=\dimen150
\pgf@zy=\dimen151
)
(/usr/share/texmf/tex/generic/pgf/basiclayer/pgfcorepathconstruct.code.tex
File: pgfcorepathconstruct.code.tex 2010/08/03  (rcs-revision 1.24)
\pgf@path@lastx=\dimen152
\pgf@path@lasty=\dimen153
)
(/usr/share/texmf/tex/generic/pgf/basiclayer/pgfcorepathusage.code.tex
File: pgfcorepathusage.code.tex 2008/04/22  (rcs-revision 1.12)
\pgf@shorten@end@additional=\dimen154
\pgf@shorten@start@additional=\dimen155
)
(/usr/share/texmf/tex/generic/pgf/basiclayer/pgfcorescopes.code.tex
File: pgfcorescopes.code.tex 2010/09/08  (rcs-revision 1.34)
\pgfpic=\box36
\pgf@hbox=\box37
\pgf@layerbox@main=\box38
\pgf@picture@serial@count=\count114
)
(/usr/share/texmf/tex/generic/pgf/basiclayer/pgfcoregraphicstate.code.tex
File: pgfcoregraphicstate.code.tex 2008/04/22  (rcs-revision 1.9)
\pgflinewidth=\dimen156
)
(/usr/share/texmf/tex/generic/pgf/basiclayer/pgfcoretransformations.code.tex
File: pgfcoretransformations.code.tex 2009/06/10  (rcs-revision 1.11)
\pgf@pt@x=\dimen157
\pgf@pt@y=\dimen158
\pgf@pt@temp=\dimen159
)
(/usr/share/texmf/tex/generic/pgf/basiclayer/pgfcorequick.code.tex
File: pgfcorequick.code.tex 2008/10/09  (rcs-revision 1.3)
)
(/usr/share/texmf/tex/generic/pgf/basiclayer/pgfcoreobjects.code.tex
File: pgfcoreobjects.code.tex 2006/10/11  (rcs-revision 1.2)
)
(/usr/share/texmf/tex/generic/pgf/basiclayer/pgfcorepathprocessing.code.tex
File: pgfcorepathprocessing.code.tex 2008/10/09  (rcs-revision 1.8)
)
(/usr/share/texmf/tex/generic/pgf/basiclayer/pgfcorearrows.code.tex
File: pgfcorearrows.code.tex 2008/04/23  (rcs-revision 1.11)
)
(/usr/share/texmf/tex/generic/pgf/basiclayer/pgfcoreshade.code.tex
File: pgfcoreshade.code.tex 2008/11/23  (rcs-revision 1.13)
\pgf@max=\dimen160
\pgf@sys@shading@range@num=\count115
)
(/usr/share/texmf/tex/generic/pgf/basiclayer/pgfcoreimage.code.tex
File: pgfcoreimage.code.tex 2010/03/25  (rcs-revision 1.16)

(/usr/share/texmf/tex/generic/pgf/basiclayer/pgfcoreexternal.code.tex
File: pgfcoreexternal.code.tex 2010/09/01  (rcs-revision 1.17)
\pgfexternal@startupbox=\box39
))
(/usr/share/texmf/tex/generic/pgf/basiclayer/pgfcorelayers.code.tex
File: pgfcorelayers.code.tex 2010/08/27  (rcs-revision 1.2)
)
(/usr/share/texmf/tex/generic/pgf/basiclayer/pgfcoretransparency.code.tex
File: pgfcoretransparency.code.tex 2008/01/17  (rcs-revision 1.2)
)
(/usr/share/texmf/tex/generic/pgf/basiclayer/pgfcorepatterns.code.tex
File: pgfcorepatterns.code.tex 2009/07/02  (rcs-revision 1.3)
)))
(/usr/share/texmf/tex/latex/pgf/utilities/xxcolor.sty
Package: xxcolor 2003/10/24 ver 0.1
\XC@nummixins=\count116
\XC@countmixins=\count117
)
(/usr/share/texmf/tex/latex/hyperref/hyperref.sty
Package: hyperref 2012/11/06 v6.83m Hypertext links for LaTeX

(/usr/share/texmf/tex/generic/oberdiek/hobsub-hyperref.sty
Package: hobsub-hyperref 2012/05/28 v1.13 Bundle oberdiek, subset hyperref (HO)


(/usr/share/texmf/tex/generic/oberdiek/hobsub-generic.sty
Package: hobsub-generic 2012/05/28 v1.13 Bundle oberdiek, subset generic (HO)
Package: hobsub 2012/05/28 v1.13 Construct package bundles (HO)
Package hobsub Info: Skipping package `infwarerr' (already loaded).
Package hobsub Info: Skipping package `ltxcmds' (already loaded).
Package: ifluatex 2010/03/01 v1.3 Provides the ifluatex switch (HO)
Package ifluatex Info: LuaTeX not detected.
Package hobsub Info: Skipping package `ifvtex' (already loaded).
Package: intcalc 2007/09/27 v1.1 Expandable calculations with integers (HO)
Package hobsub Info: Skipping package `ifpdf' (already loaded).
Package: etexcmds 2011/02/16 v1.5 Avoid name clashes with e-TeX commands (HO)
Package etexcmds Info: Could not find \expanded.
(etexcmds)             That can mean that you are not using pdfTeX 1.50 or
(etexcmds)             that some package has redefined \expanded.
(etexcmds)             In the latter case, load this package earlier.
Package: kvsetkeys 2012/04/25 v1.16 Key value parser (HO)
Package: kvdefinekeys 2011/04/07 v1.3 Define keys (HO)
Package: pdftexcmds 2011/11/29 v0.20 Utility functions of pdfTeX for LuaTeX (HO
)
Package pdftexcmds Info: LuaTeX not detected.
Package pdftexcmds Info: \pdf@primitive is available.
Package pdftexcmds Info: \pdf@ifprimitive is available.
Package pdftexcmds Info: \pdfdraftmode found.
Package: pdfescape 2011/11/25 v1.13 Implements pdfTeX's escape features (HO)
Package: bigintcalc 2012/04/08 v1.3 Expandable calculations on big integers (HO
)
Package: bitset 2011/01/30 v1.1 Handle bit-vector datatype (HO)
Package: uniquecounter 2011/01/30 v1.2 Provide unlimited unique counter (HO)
)
Package hobsub Info: Skipping package `hobsub' (already loaded).
Package: letltxmacro 2010/09/02 v1.4 Let assignment for LaTeX macros (HO)
Package: hopatch 2012/05/28 v1.2 Wrapper for package hooks (HO)
Package: xcolor-patch 2011/01/30 xcolor patch
Package: atveryend 2011/06/30 v1.8 Hooks at the very end of document (HO)
Package atveryend Info: \enddocument detected (standard20110627).
Package: atbegshi 2011/10/05 v1.16 At begin shipout hook (HO)
Package: refcount 2011/10/16 v3.4 Data extraction from label references (HO)
Package: hycolor 2011/01/30 v1.7 Color options for hyperref/bookmark (HO)
)
(/usr/share/texmf/tex/latex/oberdiek/auxhook.sty
Package: auxhook 2011/03/04 v1.3 Hooks for auxiliary files (HO)
)
(/usr/share/texmf/tex/latex/oberdiek/kvoptions.sty
Package: kvoptions 2011/06/30 v3.11 Key value format for package options (HO)
)
\@linkdim=\dimen161
\Hy@linkcounter=\count118
\Hy@pagecounter=\count119

(/usr/share/texmf/tex/latex/hyperref/pd1enc.def
File: pd1enc.def 2012/11/06 v6.83m Hyperref: PDFDocEncoding definition (HO)
)
\Hy@SavedSpaceFactor=\count120

(/usr/share/texmf/tex/latex/latexconfig/hyperref.cfg
File: hyperref.cfg 2002/06/06 v1.2 hyperref configuration of TeXLive
)
Package hyperref Info: Option `bookmarks' set `true' on input line 4319.
Package hyperref Info: Option `bookmarksopen' set `true' on input line 4319.
Package hyperref Info: Option `implicit' set `false' on input line 4319.
Package hyperref Info: Hyper figures OFF on input line 4443.
Package hyperref Info: Link nesting OFF on input line 4448.
Package hyperref Info: Hyper index ON on input line 4451.
Package hyperref Info: Plain pages OFF on input line 4458.
Package hyperref Info: Backreferencing OFF on input line 4463.
Package hyperref Info: Implicit mode OFF; no redefinition of LaTeX internals.
Package hyperref Info: Bookmarks ON on input line 4688.
\c@Hy@tempcnt=\count121

(/usr/share/texmf/tex/latex/url/url.sty
\Urlmuskip=\muskip10
Package: url 2006/04/12  ver 3.3  Verb mode for urls, etc.
)
LaTeX Info: Redefining \url on input line 5041.
\XeTeXLinkMargin=\dimen162
\Fld@menulength=\count122
\Field@Width=\dimen163
\Fld@charsize=\dimen164
Package hyperref Info: Hyper figures OFF on input line 6295.
Package hyperref Info: Link nesting OFF on input line 6300.
Package hyperref Info: Hyper index ON on input line 6303.
Package hyperref Info: backreferencing OFF on input line 6310.
Package hyperref Info: Link coloring OFF on input line 6315.
Package hyperref Info: Link coloring with OCG OFF on input line 6320.
Package hyperref Info: PDF/A mode OFF on input line 6325.
LaTeX Info: Redefining \ref on input line 6365.
LaTeX Info: Redefining \pageref on input line 6369.
\Hy@abspage=\count123


Package hyperref Message: Stopped early.

)

Package hyperref Message: Driver (autodetected): hpdftex.

(/usr/share/texmf/tex/latex/hyperref/hpdftex.def
File: hpdftex.def 2012/11/06 v6.83m Hyperref driver for pdfTeX
\Fld@listcount=\count124
\c@bookmark@seq@number=\count125

(/usr/share/texmf/tex/latex/oberdiek/rerunfilecheck.sty
Package: rerunfilecheck 2011/04/15 v1.7 Rerun checks for auxiliary files (HO)
Package uniquecounter Info: New unique counter `rerunfilecheck' on input line 2
82.
))
(/usr/share/texmf/tex/latex/beamer/beamerbaserequires.sty
Package: beamerbaserequires 2010/05/01  (rcs-revision efa082c6111d)

(/usr/share/texmf/tex/latex/beamer/beamerbasecompatibility.sty
Package: beamerbasecompatibility 2012/05/01  (rcs-revision 67c48b3b652d)
)
(/usr/share/texmf/tex/latex/beamer/beamerbasefont.sty
Package: beamerbasefont 2012/09/19  (rcs-revision 733629cd0c6c)

(/usr/share/texmf/tex/latex/amsfonts/amssymb.sty
Package: amssymb 2013/01/14 v3.01 AMS font symbols

(/usr/share/texmf/tex/latex/amsfonts/amsfonts.sty
Package: amsfonts 2013/01/14 v3.01 Basic AMSFonts support
\@emptytoks=\toks23
\symAMSa=\mathgroup4
\symAMSb=\mathgroup5
LaTeX Font Info:    Overwriting math alphabet `\mathfrak' in version `bold'
(Font)                  U/euf/m/n --> U/euf/b/n on input line 106.
)))
(/usr/share/texmf/tex/latex/beamer/beamerbasetranslator.sty
Package: beamerbasetranslator 2010/06/11  (rcs-revision 85fd1cc7fc42)

(/usr/share/texmf/tex/latex/beamer/translator/translator.sty
Package: translator 2010/06/12 ver 1.10

(/usr/share/texmf/tex/latex/beamer/translator/translator-language-mappings.tex)
)) (/usr/share/texmf/tex/latex/beamer/beamerbasemisc.sty
Package: beamerbasemisc 2012/02/24  (rcs-revision 2ff5461be705)
)
(/usr/share/texmf/tex/latex/beamer/beamerbasetwoscreens.sty
Package: beamerbasetwoscreens 2010/05/01  (rcs-revision efa082c6111d)
)
(/usr/share/texmf/tex/latex/beamer/beamerbaseoverlay.sty
Package: beamerbaseoverlay 2012/11/11  (rcs-revision 6afbc49b1109)
\beamer@argscount=\count126
\beamer@lastskipcover=\skip44
\beamer@trivlistdepth=\count127
)
(/usr/share/texmf/tex/latex/beamer/beamerbasetitle.sty
Package: beamerbasetitle 2010/09/21  (rcs-revision f0446ed0b6ae)
)
(/usr/share/texmf/tex/latex/beamer/beamerbasesection.sty
Package: beamerbasesection 2013/01/04  (rcs-revision 54309ceef997)
\c@lecture=\count128
\c@part=\count129
\c@section=\count130
\c@subsection=\count131
\c@subsubsection=\count132
)
(/usr/share/texmf/tex/latex/beamer/beamerbaseframe.sty
Package: beamerbaseframe 2012/12/26  (rcs-revision 1443917db2cf)
\beamer@framebox=\box40
\beamer@frametitlebox=\box41
\beamer@zoombox=\box42
\beamer@zoomcount=\count133
\beamer@zoomframecount=\count134
\beamer@frametextheight=\dimen165
\c@subsectionslide=\count135
\beamer@frametopskip=\skip45
\beamer@framebottomskip=\skip46
\beamer@frametopskipautobreak=\skip47
\beamer@framebottomskipautobreak=\skip48
\beamer@envbody=\toks24
\framewidth=\dimen166
\c@framenumber=\count136
)
(/usr/share/texmf/tex/latex/beamer/beamerbaseverbatim.sty
Package: beamerbaseverbatim 2012/08/30  (rcs-revision dfdb135076b3)
\beamer@verbatimfileout=\write4
)
(/usr/share/texmf/tex/latex/beamer/beamerbaseframesize.sty
Package: beamerbaseframesize 2011/09/12  (rcs-revision 70f9d8411e54)
\beamer@splitbox=\box43
\beamer@autobreakcount=\count137
\beamer@autobreaklastheight=\dimen167
\beamer@frametitletoks=\toks25
\beamer@framesubtitletoks=\toks26
)
(/usr/share/texmf/tex/latex/beamer/beamerbaseframecomponents.sty
Package: beamerbaseframecomponents 2012/09/13  (rcs-revision dcd846607320)
\beamer@footins=\box44
)
(/usr/share/texmf/tex/latex/beamer/beamerbasecolor.sty
Package: beamerbasecolor 2010/06/06  (rcs-revision d1a9b48be06d)
)
(/usr/share/texmf/tex/latex/beamer/beamerbasenotes.sty
Package: beamerbasenotes 2012/12/19  (rcs-revision 1686da3db3c9)
\beamer@frameboxcopy=\box45
)
(/usr/share/texmf/tex/latex/beamer/beamerbasetoc.sty
Package: beamerbasetoc 2012/10/02  (rcs-revision 5ed0f4010e8a)
)
(/usr/share/texmf/tex/latex/beamer/beamerbasetemplates.sty
Package: beamerbasetemplates 2010/05/01  (rcs-revision efa082c6111d)
\beamer@sbttoks=\toks27

(/usr/share/texmf/tex/latex/beamer/beamerbaseauxtemplates.sty
Package: beamerbaseauxtemplates 2012/05/01  (rcs-revision 67c48b3b652d)

(/usr/share/texmf/tex/latex/beamer/beamerbaseboxes.sty
Package: beamerbaseboxes 2012/05/13  (rcs-revision 56972908a390)
\bmb@box=\box46
\bmb@colorbox=\box47
\bmb@boxshadow=\box48
\bmb@boxshadowball=\box49
\bmb@boxshadowballlarge=\box50
\bmb@temp=\dimen168
\bmb@dima=\dimen169
\bmb@dimb=\dimen170
\bmb@prevheight=\dimen171
)
\beamer@blockheadheight=\dimen172
))
(/usr/share/texmf/tex/latex/beamer/beamerbaselocalstructure.sty
Package: beamerbaselocalstructure 2012/11/13  (rcs-revision ddfba79dac19)

(/usr/share/texmf/tex/latex/tools/enumerate.sty
Package: enumerate 1999/03/05 v3.00 enumerate extensions (DPC)
\@enLab=\toks28
)
\c@figure=\count138
\c@table=\count139
\abovecaptionskip=\skip49
\belowcaptionskip=\skip50
)
(/usr/share/texmf/tex/latex/beamer/beamerbasenavigation.sty
Package: beamerbasenavigation 2012/04/03  (rcs-revision 42a0f21a412d)
\beamer@section@min@dim=\dimen173
)
(/usr/share/texmf/tex/latex/beamer/beamerbasetheorems.sty
Package: beamerbasetheorems 2010/06/06  (rcs-revision 7e7cc5e53e9d)

(/usr/share/texmf/tex/latex/amsmath/amsmath.sty
Package: amsmath 2013/01/14 v2.14 AMS math features
\@mathmargin=\skip51

For additional information on amsmath, use the `?' option.
(/usr/share/texmf/tex/latex/amsmath/amstext.sty
Package: amstext 2000/06/29 v2.01

(/usr/share/texmf/tex/latex/amsmath/amsgen.sty
File: amsgen.sty 1999/11/30 v2.0
\@emptytoks=\toks29
\ex@=\dimen174
))
(/usr/share/texmf/tex/latex/amsmath/amsbsy.sty
Package: amsbsy 1999/11/29 v1.2d
\pmbraise@=\dimen175
)
(/usr/share/texmf/tex/latex/amsmath/amsopn.sty
Package: amsopn 1999/12/14 v2.01 operator names
)
\inf@bad=\count140
LaTeX Info: Redefining \frac on input line 210.
\uproot@=\count141
\leftroot@=\count142
LaTeX Info: Redefining \overline on input line 306.
\classnum@=\count143
\DOTSCASE@=\count144
LaTeX Info: Redefining \ldots on input line 378.
LaTeX Info: Redefining \dots on input line 381.
LaTeX Info: Redefining \cdots on input line 466.
\Mathstrutbox@=\box51
\strutbox@=\box52
\big@size=\dimen176
LaTeX Font Info:    Redeclaring font encoding OML on input line 566.
LaTeX Font Info:    Redeclaring font encoding OMS on input line 567.
\macc@depth=\count145
\c@MaxMatrixCols=\count146
\dotsspace@=\muskip11
\c@parentequation=\count147
\dspbrk@lvl=\count148
\tag@help=\toks30
\row@=\count149
\column@=\count150
\maxfields@=\count151
\andhelp@=\toks31
\eqnshift@=\dimen177
\alignsep@=\dimen178
\tagshift@=\dimen179
\tagwidth@=\dimen180
\totwidth@=\dimen181
\lineht@=\dimen182
\@envbody=\toks32
\multlinegap=\skip52
\multlinetaggap=\skip53
\mathdisplay@stack=\toks33
LaTeX Info: Redefining \[ on input line 2665.
LaTeX Info: Redefining \] on input line 2666.
)
(/usr/share/texmf/tex/latex/amscls/amsthm.sty
Package: amsthm 2004/08/06 v2.20
\thm@style=\toks34
\thm@bodyfont=\toks35
\thm@headfont=\toks36
\thm@notefont=\toks37
\thm@headpunct=\toks38
\thm@preskip=\skip54
\thm@postskip=\skip55
\thm@headsep=\skip56
\dth@everypar=\toks39
)
\c@theorem=\count152
)
(/usr/share/texmf/tex/latex/beamer/beamerbasethemes.sty
Package: beamerbasethemes 2010/05/01  (rcs-revision efa082c6111d)
))
(/usr/share/texmf/tex/latex/beamer/themes/theme/beamerthemedefault.sty
Package: beamerthemedefault 2010/06/17  (rcs-revision d02a7cf4d8ae)

(/usr/share/texmf/tex/latex/beamer/themes/font/beamerfontthemedefault.sty
Package: beamerfontthemedefault 2012/12/19  (rcs-revision 1686da3db3c9)
)
(/usr/share/texmf/tex/latex/beamer/themes/color/beamercolorthemedefault.sty
Package: beamercolorthemedefault 2012/12/19  (rcs-revision 1686da3db3c9)
)
(/usr/share/texmf/tex/latex/beamer/themes/inner/beamerinnerthemedefault.sty
Package: beamerinnerthemedefault 2012/05/01  (rcs-revision 67c48b3b652d)
\beamer@dima=\dimen183
\beamer@dimb=\dimen184
)
(/usr/share/texmf/tex/latex/beamer/themes/outer/beamerouterthemedefault.sty
Package: beamerouterthemedefault 2012/12/19  (rcs-revision 1686da3db3c9)
)))
(/usr/share/texmf/tex/latex/caption/subcaption.sty
Package: subcaption 2013/02/03 v1.1-62 Sub-captions (AR)

(/usr/share/texmf/tex/latex/caption/caption.sty
Package: caption 2013/05/02 v3.3-89 Customizing captions (AR)

(/usr/share/texmf/tex/latex/caption/caption3.sty
Package: caption3 2013/05/02 v1.6-88 caption3 kernel (AR)
Package caption3 Info: TeX engine: e-TeX on input line 57.
\captionmargin=\dimen185
\captionmargin@=\dimen186
\captionwidth=\dimen187
\caption@tempdima=\dimen188
\caption@indent=\dimen189
\caption@parindent=\dimen190
\caption@hangindent=\dimen191
)
\c@ContinuedFloat=\count153
Package caption Info: beamer document class.
Package caption Info: hyperref package is loaded.
Package caption Info: Hyperref support is turned off
(caption)             because hyperref has stopped early.
)
\c@subfigure=\count154
\c@subtable=\count155
)
(/usr/share/texmf/tex/latex/algorithm2e/algorithm2e.sty
Package: algorithm2e 2013/01/06 v5.00 algorithms environments
\c@AlgoLine=\count156

(/usr/share/texmf/tex/latex/base/ifthen.sty
Package: ifthen 2001/05/26 v1.1c Standard LaTeX ifthen package (DPC)
)
(/usr/share/texmf/tex/latex/tools/xspace.sty
Package: xspace 2009/10/20 v1.13 Space after command names (DPC,MH)
)
(/usr/share/texmf/tex/latex/relsize/relsize.sty
Package: relsize 2013/03/29 ver 4.1
)
********************************************************
Package `algorithm2e' Release 5.0 -- january 06 2013 --
- algorithm2e-announce@lirmm.fr mailing list for announcement about releases
- algorithm2e-discussion@lirmm.fr mailing list for discussion about package
subscribe by emailing sympa@lirmm.fr with 'subscribe <list> <firstname name>'
- Author: Christophe Fiorio (cfiorio@um2.fr)
********************************************************
\skiptotal=\skip57
\skiplinenumber=\skip58
\skiprule=\skip59
\skiphlne=\skip60
\skiptext=\skip61
\skiplength=\skip62
\algomargin=\skip63
\skipalgocfslide=\skip64
\algowidth=\dimen192
\inoutsize=\dimen193
\inoutindent=\dimen194
\interspacetitleruled=\dimen195
\interspacealgoruled=\dimen196
\interspacetitleboxruled=\dimen197
\algocf@inoutbox=\box53
\algocf@inputbox=\box54
\AlCapSkip=\skip65
\AlCapHSkip=\skip66
\algoskipindent=\skip67
\algocf@nlbox=\box55
\algocf@hangingbox=\box56
\algocf@untilbox=\box57
\algocf@skipuntil=\skip68
\algocf@capbox=\box58
\algoheightruledefault=\skip69
\algoheightrule=\skip70
\algotitleheightruledefault=\skip71
\algotitleheightrule=\skip72
\c@algocfline=\count157
\c@algocfproc=\count158
\c@algocf=\count159
\algocf@algoframe=\box59
\algocf@algobox=\box60
) (/usr/share/texmf/tex/latex/rotating/rotating.sty
Package: rotating 2009/03/28 v2.16a rotated objects in LaTeX
\c@r@tfl@t=\count160
\rotFPtop=\skip73
\rotFPbot=\skip74
\rot@float@box=\box61
\rot@mess@toks=\toks40
)
(/home/sci/weiliu/haldefs.sty (/usr/share/texmf/tex/latex/base/latexsym.sty
Package: latexsym 1998/08/17 v2.2e Standard LaTeX package (lasy symbols)
\symlasy=\mathgroup6
LaTeX Font Info:    Overwriting symbol font `lasy' in version `bold'
(Font)                  U/lasy/m/n --> U/lasy/b/n on input line 47.
)
\c@mytheorem=\count161
\c@myproposition=\count162
\c@mydefinition=\count163
\c@mycorollary=\count164
\c@myexample=\count165
\c@myexercise=\count166
)
(/usr/share/texmf/tex/latex/media9/media9.sty
(/usr/share/texmf/tex/latex/l3kernel/expl3.sty
(/usr/share/texmf/tex/latex/l3kernel/l3names.sty
(/usr/share/texmf/tex/latex/l3kernel/l3bootstrap.sty
Package: l3bootstrap 2013/01/08 v4420 L3 Experimental bootstrap code
)
Package: l3names 2012/12/07 v4346 L3 Namespace for primitives
)
(/usr/share/texmf/tex/latex/etex-pkg/etex.sty
Package: etex 1998/03/26 v2.0 eTeX basic definition package (PEB)
\et@xins=\count167
)
Package: expl3 2013/03/14 v4469 L3 Experimental code bundle wrapper

(/usr/share/texmf/tex/latex/l3kernel/l3basics.sty
Package: l3basics 2013/01/10 v4428 L3 Basic definitions
)
(/usr/share/texmf/tex/latex/l3kernel/l3expan.sty
Package: l3expan 2013/02/03 v4458 L3 Argument expansion
)
(/usr/share/texmf/tex/latex/l3kernel/l3tl.sty
Package: l3tl 2013/01/08 v4415 L3 Token lists
)
(/usr/share/texmf/tex/latex/l3kernel/l3seq.sty
Package: l3seq 2013/01/12 v4434 L3 Sequences and stacks
)
(/usr/share/texmf/tex/latex/l3kernel/l3int.sty
Package: l3int 2013/01/13 v4444 L3 Integers
\c_max_int=\count168
\l_tmpa_int=\count169
\l_tmpb_int=\count170
\g_tmpa_int=\count171
\g_tmpb_int=\count172
)
(/usr/share/texmf/tex/latex/l3kernel/l3quark.sty
Package: l3quark 2012/11/04 v4268 L3 Quarks
)
(/usr/share/texmf/tex/latex/l3kernel/l3prg.sty
Package: l3prg 2013/02/13 v4459 L3 Control structures
\g__prg_map_int=\count173
)
(/usr/share/texmf/tex/latex/l3kernel/l3clist.sty
Package: l3clist 2013/01/08 v4414 L3 Comma separated lists
)
(/usr/share/texmf/tex/latex/l3kernel/l3token.sty
Package: l3token 2013/01/10 v4428 L3 Experimental token manipulation
)
(/usr/share/texmf/tex/latex/l3kernel/l3prop.sty
Package: l3prop 2013/01/09 v4423 L3 Property lists
)
(/usr/share/texmf/tex/latex/l3kernel/l3msg.sty
Package: l3msg 2013/01/08 v4412 L3 Messages
)
(/usr/share/texmf/tex/latex/l3kernel/l3file.sty
Package: l3file 2013/01/14 v4446 L3 File and I/O operations
\l_iow_line_count_int=\count174
\l__iow_target_count_int=\count175
\l__iow_current_line_int=\count176
\l__iow_current_word_int=\count177
\l__iow_current_indentation_int=\count178
)
(/usr/share/texmf/tex/latex/l3kernel/l3skip.sty
Package: l3skip 2013/01/13 v4444 L3 Dimensions and skips
\c_zero_dim=\dimen198
\c_max_dim=\dimen199
\l_tmpa_dim=\dimen200
\l_tmpb_dim=\dimen201
Normal \dimen register pool exhausted, switching to extended pool.
\g_tmpa_dim=\dimen256
\g_tmpb_dim=\dimen257
\c_zero_skip=\skip75
\c_max_skip=\skip76
\l_tmpa_skip=\skip77
\l_tmpb_skip=\skip78
\g_tmpa_skip=\skip79
\g_tmpb_skip=\skip80
\c_zero_muskip=\muskip12
\c_max_muskip=\muskip13
\l_tmpa_muskip=\muskip14
\l_tmpb_muskip=\muskip15
\g_tmpa_muskip=\muskip16
\g_tmpb_muskip=\muskip17
)
(/usr/share/texmf/tex/latex/l3kernel/l3keys.sty
Package: l3keys 2013/02/24 v4461 L3 Experimental key-value interfaces
\g__keyval_level_int=\count179
\l_keys_choice_int=\count180
)
(/usr/share/texmf/tex/latex/l3kernel/l3fp.sty
Package: l3fp 2013/01/19 v4449 L3 Floating points
\c__fp_leading_shift_int=\count181
\c__fp_middle_shift_int=\count182
\c__fp_trailing_shift_int=\count183
\c__fp_big_leading_shift_int=\count184
\c__fp_big_middle_shift_int=\count185
\c__fp_big_trailing_shift_int=\count186
\c__fp_Bigg_leading_shift_int=\count187
\c__fp_Bigg_middle_shift_int=\count188
\c__fp_Bigg_trailing_shift_int=\count189
)
(/usr/share/texmf/tex/latex/l3kernel/l3box.sty
Package: l3box 2013/01/08 v4411 L3 Experimental boxes
\c_empty_box=\box62
\l_tmpa_box=\box63
\l_tmpb_box=\box64
\g_tmpa_box=\box65
\g_tmpb_box=\box66
)
(/usr/share/texmf/tex/latex/l3kernel/l3coffins.sty
Package: l3coffins 2012/09/09 v4212 L3 Coffin code layer
\l__coffin_internal_box=\box67
\l__coffin_internal_dim=\dimen258
\l__coffin_offset_x_dim=\dimen259
\l__coffin_offset_y_dim=\dimen260
\l__coffin_x_dim=\dimen261
\l__coffin_y_dim=\dimen262
\l__coffin_x_prime_dim=\dimen263
\l__coffin_y_prime_dim=\dimen264
\c_empty_coffin=\box68
\l__coffin_aligned_coffin=\box69
\l__coffin_aligned_internal_coffin=\box70
\l_tmpa_coffin=\box71
\l_tmpb_coffin=\box72
\l__coffin_display_coffin=\box73
\l__coffin_display_coord_coffin=\box74
\l__coffin_display_pole_coffin=\box75
\l__coffin_display_offset_dim=\dimen265
\l__coffin_display_x_dim=\dimen266
\l__coffin_display_y_dim=\dimen267
)
(/usr/share/texmf/tex/latex/l3kernel/l3color.sty
Package: l3color 2012/08/29 v4156 L3 Experimental color support
)
(/usr/share/texmf/tex/latex/l3kernel/l3luatex.sty
Package: l3luatex 2012/08/03 v4049 L3 Experimental LuaTeX-specific functions
\g__cctab_allocate_int=\count190
\g__cctab_stack_int=\count191
)
(/usr/share/texmf/tex/latex/l3kernel/l3candidates.sty
Package: l3candidates 2013/03/14 v4468 L3 Experimental additions to l3kernel
\l__box_top_dim=\dimen268
\l__box_bottom_dim=\dimen269
\l__box_left_dim=\dimen270
\l__box_right_dim=\dimen271
\l__box_top_new_dim=\dimen272
\l__box_bottom_new_dim=\dimen273
\l__box_left_new_dim=\dimen274
\l__box_right_new_dim=\dimen275
\l__box_internal_box=\box76
\l__coffin_bounding_shift_dim=\dimen276
\l__coffin_left_corner_dim=\dimen277
\l__coffin_right_corner_dim=\dimen278
\l__coffin_bottom_corner_dim=\dimen279
\l__coffin_top_corner_dim=\dimen280
\l__coffin_scaled_total_height_dim=\dimen281
\l__coffin_scaled_width_dim=\dimen282
))
(/usr/share/texmf/tex/latex/l3experimental/l3str/l3regex.sty
Package: l3regex 2013/01/22 v4455 L3 Experimental regular expressions

(/usr/share/texmf/tex/latex/l3experimental/l3str/l3tl-build.sty
Package: l3tl-build 2011/12/08 v3039 L3 Experimental token list construction
\l__tl_build_start_index_int=\count192
\l__tl_build_index_int=\count193
)
(/usr/share/texmf/tex/latex/l3experimental/l3str/l3tl-analysis.sty
Package: l3tl-analysis 2011/12/08 v3039 L3 Experimental token lists analysis

(/usr/share/texmf/tex/latex/l3experimental/l3str/l3str.sty
Package: l3str 2013/01/20 v4452 L3 Experimental strings
)
\l__tl_analysis_normal_int=\count194
\l__tl_analysis_index_int=\count195
\l__tl_analysis_nesting_int=\count196
\l__tl_analysis_type_int=\count197
)
(/usr/share/texmf/tex/latex/l3experimental/l3str/l3flag.sty
Package: l3flag 2011/12/08 v3039 L3 Experimental flags
)
(/usr/share/texmf/tex/latex/l3experimental/l3str/l3str-convert.sty
Package: l3str-convert 2013/01/08 v4339 L3 Experimental string encoding convers
ions
\l__str_internal_int=\count198
\c__str_replacement_char_int=\count199
)
\l__regex_internal_a_int=\count200
\l__regex_internal_b_int=\count201
Normal \count register pool exhausted, switching to extended pool.
\l__regex_internal_c_int=\count277
\l__regex_balance_int=\count278
\l__regex_group_level_int=\count279
\l__regex_mode_int=\count280
\l__regex_catcodes_int=\count281
\l__regex_default_catcodes_int=\count282
\c__regex_catcode_D_int=\count283
\c__regex_catcode_S_int=\count284
\c__regex_catcode_L_int=\count285
\c__regex_catcode_O_int=\count286
\c__regex_catcode_A_int=\count287
\c__regex_all_catcodes_int=\count288
\l__regex_show_lines_int=\count289
\l__regex_min_state_int=\count290
\l__regex_max_state_int=\count291
\l__regex_left_state_int=\count292
\l__regex_right_state_int=\count293
\l__regex_capturing_group_int=\count294
\l__regex_min_pos_int=\count295
\l__regex_max_pos_int=\count296
\l__regex_current_pos_int=\count297
\l__regex_start_pos_int=\count298
\l__regex_success_pos_int=\count299
\l__regex_current_char_int=\count300
\l__regex_current_catcode_int=\count301
\l__regex_last_char_int=\count302
\l__regex_case_changed_char_int=\count303
\l__regex_current_state_int=\count304
\l__regex_step_int=\count305
\l__regex_min_active_int=\count306
\l__regex_max_active_int=\count307
\l__regex_replacement_csnames_int=\count308
\l__regex_match_count_int=\count309
\l__regex_submatch_int=\count310
\l__regex_zeroth_submatch_int=\count311
)
(/usr/share/texmf/tex/latex/l3packages/l3keys2e/l3keys2e.sty
Package: l3keys2e 2013/03/12 v4467 LaTeX2e option processing using LaTeX3 keys
)
(/usr/share/texmf/tex/latex/l3packages/xparse/xparse.sty
Package: xparse 2013/03/12 v4467 L3 Experimental document command parser
\l__xparse_current_arg_int=\count312
\l__xparse_m_args_int=\count313
\l__xparse_mandatory_args_int=\count314
\l__xparse_processor_int=\count315
\l__xparse_v_nesting_int=\count316
)
Package: media9 2013/03/27 v0.27 acrobat-9/X compatible media
\l_mix_poster_box=\box77
\g_mix_wd_dim=\dimen283
\g_mix_ht_dim=\dimen284
\g_mix_dp_dim=\dimen285
\g_mix_rmcnt_int=\count317
\l_mix_viewcnt_int=\count318
\g@mix@page@int=\count319
\g_mix_resizeflag_int=\count320
\l_mix_lineno_int=\count321
.................................................
. LaTeX info: "xparse/define-command"
. 
. Defining document command \addmediapath with arg. spec. 'm' on line 1082.
.................................................
.................................................
. LaTeX info: "xparse/define-command"
. 
. Defining document command \includemedia with arg. spec. 'O{}mm' on line
. 1343.
.................................................
\g_mix_mbtncnt_int=\count322
.................................................
. LaTeX info: "xparse/define-command"
. 
. Defining document command \mediabutton with arg. spec. 'O{}m' on line 2400.
.................................................
)
(/usr/share/texmf/tex/latex/pgf/frontendlayer/tikz.sty
(/usr/share/texmf/tex/latex/pgf/basiclayer/pgf.sty
Package: pgf 2008/01/15 v2.10 (rcs-revision 1.12)

(/usr/share/texmf/tex/generic/pgf/modules/pgfmoduleshapes.code.tex
File: pgfmoduleshapes.code.tex 2010/09/09  (rcs-revision 1.13)
\pgfnodeparttextbox=\box78
)
(/usr/share/texmf/tex/generic/pgf/modules/pgfmoduleplot.code.tex
File: pgfmoduleplot.code.tex 2010/10/22  (rcs-revision 1.8)
)
(/usr/share/texmf/tex/latex/pgf/compatibility/pgfcomp-version-0-65.sty
Package: pgfcomp-version-0-65 2007/07/03 v2.10 (rcs-revision 1.7)
\pgf@nodesepstart=\dimen286
\pgf@nodesepend=\dimen287
)
(/usr/share/texmf/tex/latex/pgf/compatibility/pgfcomp-version-1-18.sty
Package: pgfcomp-version-1-18 2007/07/23 v2.10 (rcs-revision 1.1)
))
(/usr/share/texmf/tex/latex/pgf/utilities/pgffor.sty
(/usr/share/texmf/tex/latex/pgf/utilities/pgfkeys.sty
(/usr/share/texmf/tex/generic/pgf/utilities/pgfkeys.code.tex))
(/usr/share/texmf/tex/generic/pgf/utilities/pgffor.code.tex
Package: pgffor 2010/03/23 v2.10 (rcs-revision 1.18)
\pgffor@iter=\dimen288
\pgffor@skip=\dimen289
\pgffor@stack=\toks41
\pgffor@toks=\toks42
))
(/usr/share/texmf/tex/generic/pgf/frontendlayer/tikz/tikz.code.tex
Package: tikz 2010/10/13 v2.10 (rcs-revision 1.76)

(/usr/share/texmf/tex/generic/pgf/libraries/pgflibraryplothandlers.code.tex
File: pgflibraryplothandlers.code.tex 2010/05/31 v2.10 (rcs-revision 1.15)
\pgf@plot@mark@count=\count323
\pgfplotmarksize=\dimen290
)
\tikz@lastx=\dimen291
\tikz@lasty=\dimen292
\tikz@lastxsaved=\dimen293
\tikz@lastysaved=\dimen294
\tikzleveldistance=\dimen295
\tikzsiblingdistance=\dimen296
\tikz@figbox=\box79
\tikz@tempbox=\box80
\tikztreelevel=\count324
\tikznumberofchildren=\count325
\tikznumberofcurrentchild=\count326
\tikz@fig@count=\count327

(/usr/share/texmf/tex/generic/pgf/modules/pgfmodulematrix.code.tex
File: pgfmodulematrix.code.tex 2010/08/24  (rcs-revision 1.4)
\pgfmatrixcurrentrow=\count328
\pgfmatrixcurrentcolumn=\count329
\pgf@matrix@numberofcolumns=\count330
)
\tikz@expandcount=\count331

(/usr/share/texmf/tex/generic/pgf/frontendlayer/tikz/libraries/tikzlibrarytopat
hs.code.tex
File: tikzlibrarytopaths.code.tex 2008/06/17 v2.10 (rcs-revision 1.2)
))) (/usr/share/texmf/tex/latex/fundus-calligra/calligra.sty
Package: calligra 2012/04/10 v1.9 LaTeX package calligra
)
(/usr/share/texmf/tex/latex/beamer/themes/theme/beamerthemeWarsaw.sty
Package: beamerthemeWarsaw 2010/06/17  (rcs-revision d02a7cf4d8ae)

(/usr/share/texmf/tex/latex/beamer/themes/inner/beamerinnerthemerounded.sty
Package: beamerinnerthemerounded 2010/06/17  (rcs-revision d02a7cf4d8ae)
)
(/usr/share/texmf/tex/latex/beamer/themes/outer/beamerouterthemeshadow.sty
Package: beamerouterthemeshadow 2010/06/17  (rcs-revision d02a7cf4d8ae)

(/usr/share/texmf/tex/latex/beamer/themes/outer/beamerouterthemesplit.sty
Package: beamerouterthemesplit 2012/10/16  (rcs-revision 51a8c72084af)
))
(/usr/share/texmf/tex/latex/beamer/themes/color/beamercolorthemeorchid.sty
Package: beamercolorthemeorchid 2010/06/17  (rcs-revision d02a7cf4d8ae)
)
(/usr/share/texmf/tex/latex/beamer/themes/color/beamercolorthemewhale.sty
Package: beamercolorthemewhale 2010/06/17  (rcs-revision d02a7cf4d8ae)
))
(/usr/share/texmf/tex/latex/beamer/themes/inner/beamerinnerthemerectangles.sty
Package: beamerinnerthemerectangles 2010/06/17  (rcs-revision d02a7cf4d8ae)
) (./research_slices.aux)
\openout1 = `research_slices.aux'.

LaTeX Font Info:    Checking defaults for OML/cmm/m/it on input line 57.
LaTeX Font Info:    ... okay on input line 57.
LaTeX Font Info:    Checking defaults for T1/cmr/m/n on input line 57.
LaTeX Font Info:    ... okay on input line 57.
LaTeX Font Info:    Checking defaults for OT1/cmr/m/n on input line 57.
LaTeX Font Info:    ... okay on input line 57.
LaTeX Font Info:    Checking defaults for OMS/cmsy/m/n on input line 57.
LaTeX Font Info:    ... okay on input line 57.
LaTeX Font Info:    Checking defaults for OMX/cmex/m/n on input line 57.
LaTeX Font Info:    ... okay on input line 57.
LaTeX Font Info:    Checking defaults for U/cmr/m/n on input line 57.
LaTeX Font Info:    ... okay on input line 57.
LaTeX Font Info:    Checking defaults for PD1/pdf/m/n on input line 57.
LaTeX Font Info:    ... okay on input line 57.

*geometry* driver: auto-detecting
*geometry* detected driver: pdftex
*geometry* verbose mode - [ preamble ] result:
* driver: pdftex
* paper: custom
* layout: <same size as paper>
* layoutoffset:(h,v)=(0.0pt,0.0pt)
* modes: includehead includefoot 
* h-part:(L,W,R)=(28.45274pt, 307.28987pt, 28.45274pt)
* v-part:(T,H,B)=(0.0pt, 273.14662pt, 0.0pt)
* \paperwidth=364.19536pt
* \paperheight=273.14662pt
* \textwidth=307.28987pt
* \textheight=244.6939pt
* \oddsidemargin=-43.81725pt
* \evensidemargin=-43.81725pt
* \topmargin=-72.26999pt
* \headheight=14.22636pt
* \headsep=0.0pt
* \topskip=10.0pt
* \footskip=14.22636pt
* \marginparwidth=3.0pt
* \marginparsep=11.0pt
* \columnsep=10.0pt
* \skip\footins=9.0pt plus 4.0pt minus 2.0pt
* \hoffset=0.0pt
* \voffset=0.0pt
* \mag=1000
* \@twocolumnfalse
* \@twosidefalse
* \@mparswitchfalse
* \@reversemarginfalse
* (1in=72.27pt=25.4mm, 1cm=28.453pt)

(/usr/share/texmf/tex/context/base/supp-pdf.mkii
[Loading MPS to PDF converter (version 2006.09.02).]
\scratchcounter=\count332
\scratchdimen=\dimen297
\scratchbox=\box81
\nofMPsegments=\count333
\nofMParguments=\count334
\everyMPshowfont=\toks43
\MPscratchCnt=\count335
\MPscratchDim=\dimen298
\MPnumerator=\count336
\makeMPintoPDFobject=\count337
\everyMPtoPDFconversion=\toks44
) (/usr/share/texmf/tex/latex/oberdiek/epstopdf-base.sty
Package: epstopdf-base 2010/02/09 v2.5 Base part for package epstopdf

(/usr/share/texmf/tex/latex/oberdiek/grfext.sty
Package: grfext 2010/08/19 v1.1 Manage graphics extensions (HO)
)
Package grfext Info: Graphics extension search list:
(grfext)             [.png,.pdf,.jpg,.mps,.jpeg,.jbig2,.jb2,.PNG,.PDF,.JPG,.JPE
G,.JBIG2,.JB2,.eps]
(grfext)             \AppendGraphicsExtensions on input line 452.

(/usr/share/texmf/tex/latex/latexconfig/epstopdf-sys.cfg
File: epstopdf-sys.cfg 2010/07/13 v1.3 Configuration of (r)epstopdf for TeX Liv
e
))
ABD: EveryShipout initializing macros
\AtBeginShipoutBox=\box82
Package hyperref Info: Link coloring OFF on input line 57.

(/usr/share/texmf/tex/latex/hyperref/nameref.sty
Package: nameref 2012/10/27 v2.43 Cross-referencing by name of section

(/usr/share/texmf/tex/generic/oberdiek/gettitlestring.sty
Package: gettitlestring 2010/12/03 v1.4 Cleanup title references (HO)
)
\c@section@level=\count338
)
LaTeX Info: Redefining \ref on input line 57.
LaTeX Info: Redefining \pageref on input line 57.
LaTeX Info: Redefining \nameref on input line 57.

(./research_slices.out) (./research_slices.out)
\@outlinefile=\write5
\openout5 = `research_slices.out'.


(/usr/share/texmf/tex/latex/beamer/translator/dicts/translator-basic-dictionary
/translator-basic-dictionary-English.dict
Dictionary: translator-basic-dictionary, Language: English 
)
(/usr/share/texmf/tex/latex/beamer/translator/dicts/translator-bibliography-dic
tionary/translator-bibliography-dictionary-English.dict
Dictionary: translator-bibliography-dictionary, Language: English 
)
(/usr/share/texmf/tex/latex/beamer/translator/dicts/translator-environment-dict
ionary/translator-environment-dictionary-English.dict
Dictionary: translator-environment-dictionary, Language: English 
)
(/usr/share/texmf/tex/latex/beamer/translator/dicts/translator-months-dictionar
y/translator-months-dictionary-English.dict
Dictionary: translator-months-dictionary, Language: English 
)
(/usr/share/texmf/tex/latex/beamer/translator/dicts/translator-numbers-dictiona
ry/translator-numbers-dictionary-English.dict
Dictionary: translator-numbers-dictionary, Language: English 
)
(/usr/share/texmf/tex/latex/beamer/translator/dicts/translator-theorem-dictiona
ry/translator-theorem-dictionary-English.dict
Dictionary: translator-theorem-dictionary, Language: English 
)
LaTeX Info: Redefining \includegraphics on input line 57.
Package caption Info: Begin \AtBeginDocument code.
Package caption Info: rotating package is loaded.
Package caption Info: End \AtBeginDocument code.
 (./research_slices.nav)
<sfig/SCI_logo_mono.png, id=125, 175.857pt x 87.2058pt>
File: sfig/SCI_logo_mono.png Graphic file (type png)

<use sfig/SCI_logo_mono.png>
Package pdftex.def Info: sfig/SCI_logo_mono.png used on input line 81.
(pdftex.def)             Requested size: 57.37556pt x 28.45274pt.

<sfig/ulogo.pdf, id=126, 235.88126pt x 162.6075pt>
File: sfig/ulogo.pdf Graphic file (type pdf)
 <use sfig/ulogo.pdf>
Package pdftex.def Info: sfig/ulogo.pdf used on input line 81.
(pdftex.def)             Requested size: 41.27263pt x 28.45274pt.

<sfig/bg_conn1.png, id=127, 537.9297pt x 384.4764pt>
File: sfig/bg_conn1.png Graphic file (type png)
 <use sfig/bg_conn1.png>
Package pdftex.def Info: sfig/bg_conn1.png used on input line 81.
(pdftex.def)             Requested size: 364.20319pt x 273.15027pt.


LaTeX Font Warning: Font shape `OT1/cmss/m/n' in size <4> not available
(Font)              size <5> substituted on input line 81.

[1

{/var/lib/texmf/fonts/map/pdftex/updmap/pdftex.map} <./sfig/bg_conn1.png> <./sf
ig/SCI_logo_mono.png> <./sfig/ulogo.pdf>]
<sfig/fmri_exp.pdf, id=147, 365.1431pt x 208.90436pt>
File: sfig/fmri_exp.pdf Graphic file (type pdf)
 <use sfig/fmri_exp.pdf>
Package pdftex.def Info: sfig/fmri_exp.pdf used on input line 88.
(pdftex.def)             Requested size: 307.28987pt x 175.81316pt.

[2

 <./sfig/fmri_exp.pdf

pdfTeX warning: pdflatex (file ./sfig/fmri_exp.pdf): PDF inclusion: multiple pd
fs with page group included in a single page
>] <sfig/wordcloud.pdf, id=166, 358.40865pt x 221.97386pt>
File: sfig/wordcloud.pdf Graphic file (type pdf)

<use sfig/wordcloud.pdf>
Package pdftex.def Info: sfig/wordcloud.pdf used on input line 94.
(pdftex.def)             Requested size: 307.28987pt x 190.3146pt.
 [3

 <./sfig/wordcloud.pdf>]
<sfig/rsfmri_usage.pdf, id=176, 361.29982pt x 230.77168pt>
File: sfig/rsfmri_usage.pdf Graphic file (type pdf)

<use sfig/rsfmri_usage.pdf>
Package pdftex.def Info: sfig/rsfmri_usage.pdf used on input line 94.
(pdftex.def)             Requested size: 307.28987pt x 196.2836pt.
 [4

 <./sfig/rsfmri_usage.pdf>]
(./research_slices.toc) [5

] <sfig/4dfmri.png, id=231, 448.7967pt x 220.4235pt>
File: sfig/4dfmri.png Graphic file (type png)

<use sfig/4dfmri.png>
Package pdftex.def Info: sfig/4dfmri.png used on input line 140.
(pdftex.def)             Requested size: 113.81145pt x 55.89612pt.
LaTeX Font Info:    Try loading font information for U+msa on input line 140.
 (/usr/share/texmf/tex/latex/amsfonts/umsa.fd
File: umsa.fd 2013/01/14 v3.01 AMS symbols A
)
LaTeX Font Info:    Try loading font information for U+msb on input line 140.

(/usr/share/texmf/tex/latex/amsfonts/umsb.fd
File: umsb.fd 2013/01/14 v3.01 AMS symbols B
)
LaTeX Font Info:    Try loading font information for U+lasy on input line 140.

(/usr/share/texmf/tex/latex/base/ulasy.fd
File: ulasy.fd 1998/08/17 v2.2e LaTeX symbol font definitions
)
\g__file_internal_ior=\read2
<<sfig/fmrimovie.swf>>
Overfull \hbox (8.5359pt too wide) in paragraph at lines 140--140
[][][][][][]  
 []

<sfig/easy_seg.png, id=243, 301.6068pt x 67.9338pt>
File: sfig/easy_seg.png Graphic file (type png)
 <use sfig/easy_seg.png>
Package pdftex.def Info: sfig/easy_seg.png used on input line 140.
(pdftex.def)             Requested size: 232.76718pt x 52.42851pt.

[6

 <./sfig/4dfmri.png> <./sfig/easy_seg.png>]
<sfig/task_rest.pdf, id=251, 294.50732pt x 99.20685pt>
File: sfig/task_rest.pdf Graphic file (type pdf)

<use sfig/task_rest.pdf>
Package pdftex.def Info: sfig/task_rest.pdf used on input line 175.
(pdftex.def)             Requested size: 307.28987pt x 103.51477pt.
 [7

 <./sfig/task_rest.pdf

pdfTeX warning: pdflatex (file ./sfig/task_rest.pdf): PDF inclusion: multiple p
dfs with page group included in a single page
>] <prep/prep.png, id=271, 535.2798pt x 323.0469pt>
File: prep/prep.png Graphic file (type png)
 <use prep/prep.png>
Package pdftex.def Info: prep/prep.png used on input line 183.
(pdftex.def)             Requested size: 307.28987pt x 185.45969pt.

[8

 <./prep/prep.png>] <sfig/allmethods.pdf, id=278, 343.05138pt x 252.87389pt>
File: sfig/allmethods.pdf Graphic file (type pdf)

<use sfig/allmethods.pdf>
Package pdftex.def Info: sfig/allmethods.pdf used on input line 190.
(pdftex.def)             Requested size: 307.28987pt x 226.52327pt.
 [9

 <./sfig/allmethods.pdf>]
<sfig/mrf.pdf, id=315, 449.68pt x 290.20921pt>
File: sfig/mrf.pdf Graphic file (type pdf)
 <use sfig/mrf.pdf>
Package pdftex.def Info: sfig/mrf.pdf used on input line 231.
(pdftex.def)             Requested size: 85.35826pt x 55.08717pt.

<sfig/general_mrf.pdf, id=316, 122.80374pt x 155.0867pt>
File: sfig/general_mrf.pdf Graphic file (type pdf)

<use sfig/general_mrf.pdf>
Package pdftex.def Info: sfig/general_mrf.pdf used on input line 231.
(pdftex.def)             Requested size: 85.35826pt x 107.80267pt.
 [10

 <./sfig/mrf.pdf> <./sfig/general_mrf.pdf

pdfTeX warning: pdflatex (file ./sfig/general_mrf.pdf): PDF inclusion: multiple
 pdfs with page group included in a single page
>] <sfig/clique_examples.pdf, id=332, 425.09955pt x 155.08672pt>
File: sfig/clique_examples.pdf Graphic file (type pdf)

<use sfig/clique_examples.pdf>
Package pdftex.def Info: sfig/clique_examples.pdf used on input line 255.
(pdftex.def)             Requested size: 245.83282pt x 89.6853pt.
 [11

 <./sfig/clique_examples.pdf>]
<sfig/hmm_chain.pdf, id=348, 127.84377pt x 70.20433pt>
File: sfig/hmm_chain.pdf Graphic file (type pdf)

<use sfig/hmm_chain.pdf>
Package pdftex.def Info: sfig/hmm_chain.pdf used on input line 294.
(pdftex.def)             Requested size: 107.55098pt x 59.06334pt.
 <sfig/hmm.pdf, id=349, 495.8974pt x 406.5904pt>
File: sfig/hmm.pdf Graphic file (type pdf)

<use sfig/hmm.pdf>
Package pdftex.def Info: sfig/hmm.pdf used on input line 294.
(pdftex.def)             Requested size: 107.55098pt x 88.17833pt.
 <sfig/crf.pdf, id=350, 537.78957pt x 406.5904pt>
File: sfig/crf.pdf Graphic file (type pdf)

<use sfig/crf.pdf>
Package pdftex.def Info: sfig/crf.pdf used on input line 294.
(pdftex.def)             Requested size: 107.55098pt x 81.31042pt.

Overfull \vbox (6.53192pt too high) detected at line 294
 []

[12

 <./sfig/hmm_chain.pdf> <./sfig/hmm.pdf

pdfTeX warning: pdflatex (file ./sfig/hmm.pdf): PDF inclusion: multiple pdfs wi
th page group included in a single page
> <./sfig/crf.pdf

pdfTeX warning: pdflatex (file ./sfig/crf.pdf): PDF inclusion: multiple pdfs wi
th page group included in a single page
>] (./research_slices.toc) [13

]
<sfig/pairwise_conn.pdf, id=375, 203.159pt x 241.703pt>
File: sfig/pairwise_conn.pdf Graphic file (type pdf)

<use sfig/pairwise_conn.pdf>
Package pdftex.def Info: sfig/pairwise_conn.pdf used on input line 322.
(pdftex.def)             Requested size: 138.2795pt x 164.51443pt.
 [14

 <./sfig/pairwise_conn.pdf>]
<sfig/6dmrf.pdf, id=384, 344.27835pt x 409.71968pt>
File: sfig/6dmrf.pdf Graphic file (type pdf)
 <use sfig/6dmrf.pdf>
Package pdftex.def Info: sfig/6dmrf.pdf used on input line 345.
(pdftex.def)             Requested size: 169.01036pt x 201.1395pt.

[15

 <./sfig/6dmrf.pdf>] <sfig/chaintree.pdf, id=502, 203.65392pt x 92.49062pt>
File: sfig/chaintree.pdf Graphic file (type pdf)

<use sfig/chaintree.pdf>
Package pdftex.def Info: sfig/chaintree.pdf used on input line 379.
(pdftex.def)             Requested size: 159.78983pt x 72.57281pt.

<sfig/generalgraphs.pdf, id=503, 140.63417pt x 290.94861pt>
File: sfig/generalgraphs.pdf Graphic file (type pdf)

<use sfig/generalgraphs.pdf>
Package pdftex.def Info: sfig/generalgraphs.pdf used on input line 379.
(pdftex.def)             Requested size: 114.04395pt x 235.93036pt.

Overfull \hbox (6.49062pt too wide) in paragraph at lines 379--379
[][]  
 []

[16

 <./sfig/chaintree.pdf> <./sfig/generalgraphs.pdf

pdfTeX warning: pdflatex (file ./sfig/generalgraphs.pdf): PDF inclusion: multip
le pdfs with page group included in a single page
>] <sfig/chaintree_check.pdf, id=523, 203.65392pt x 96.0473pt>
File: sfig/chaintree_check.pdf Graphic file (type pdf)

<use sfig/chaintree_check.pdf>
Package pdftex.def Info: sfig/chaintree_check.pdf used on input line 379.
(pdftex.def)             Requested size: 159.78983pt x 75.36357pt.

<sfig/generalgraphs_check.pdf, id=524, 140.63417pt x 290.94861pt>
File: sfig/generalgraphs_check.pdf Graphic file (type pdf)

<use sfig/generalgraphs_check.pdf>
Package pdftex.def Info: sfig/generalgraphs_check.pdf used on input line 379.
(pdftex.def)             Requested size: 114.04395pt x 235.93036pt.

Overfull \hbox (6.49062pt too wide) in paragraph at lines 379--379
[][]  
 []

[17

 <./sfig/chaintree_check.pdf> <./sfig/generalgraphs_check.pdf

pdfTeX warning: pdflatex (file ./sfig/generalgraphs_check.pdf): PDF inclusion: 
multiple pdfs with page group included in a single page
>] <sfig/appinference.pdf, id=546, 509.62823pt x 294.37775pt>
File: sfig/appinference.pdf Graphic file (type pdf)

<use sfig/appinference.pdf>
Package pdftex.def Info: sfig/appinference.pdf used on input line 384.
(pdftex.def)             Requested size: 307.28987pt x 177.49942pt.
 [18

 <./sfig/appinference.pdf>]
<sfig/variational_inf.pdf, id=564, 97.3029pt x 57.49413pt>
File: sfig/variational_inf.pdf Graphic file (type pdf)

<use sfig/variational_inf.pdf>
Package pdftex.def Info: sfig/variational_inf.pdf used on input line 398.
(pdftex.def)             Requested size: 153.64493pt x 90.79054pt.
 [19

 <./sfig/variational_inf.pdf>]
<sfig/m1_syn.pdf, id=573, 219.97868pt x 158.25468pt>
File: sfig/m1_syn.pdf Graphic file (type pdf)
 <use sfig/m1_syn.pdf>
Package pdftex.def Info: sfig/m1_syn.pdf used on input line 446.
(pdftex.def)             Requested size: 184.3758pt x 132.64566pt.

<sfig/m1_real.pdf, id=574, 197.85654pt x 75.0906pt>
File: sfig/m1_real.pdf Graphic file (type pdf)
 <use sfig/m1_real.pdf>
Package pdftex.def Info: sfig/m1_real.pdf used on input line 446.
(pdftex.def)             Requested size: 184.3758pt x 69.97789pt.

Overfull \vbox (1.81801pt too high) detected at line 446
 []

[20

 <./sfig/m1_syn.pdf> <./sfig/m1_real.pdf

pdfTeX warning: pdflatex (file ./sfig/m1_real.pdf): PDF inclusion: multiple pdf
s with page group included in a single page
>]
File: sfig/m1_syn.pdf Graphic file (type pdf)
 <use sfig/m1_syn.pdf>
Package pdftex.def Info: sfig/m1_syn.pdf used on input line 446.
(pdftex.def)             Requested size: 184.3758pt x 132.64566pt.
File: sfig/m1_real.pdf Graphic file (type pdf)
 <use sfig/m1_real.pdf>
Package pdftex.def Info: sfig/m1_real.pdf used on input line 446.
(pdftex.def)             Requested size: 184.3758pt x 69.97789pt.

Overfull \vbox (1.81801pt too high) detected at line 446
 []

[21

] (./research_slices.toc) [22

]
<sfig/myseg.png, id=636, 978.5358pt x 646.0938pt>
File: sfig/myseg.png Graphic file (type png)
 <use sfig/myseg.png>
Package pdftex.def Info: sfig/myseg.png used on input line 472.
(pdftex.def)             Requested size: 215.10196pt x 142.02277pt.

Overfull \vbox (9.19511pt too high) detected at line 472
 []

[23

 <./sfig/myseg.png>] <sfig/vmf.pdf, id=642, 89.63579pt x 80.84007pt>
File: sfig/vmf.pdf Graphic file (type pdf)

<use sfig/vmf.pdf>
Package pdftex.def Info: sfig/vmf.pdf used on input line 498.
(pdftex.def)             Requested size: 110.62659pt x 99.77312pt.
 <sfig/genevmf.pdf, id=643, 398.81465pt x 492.07518pt>
File: sfig/genevmf.pdf Graphic file (type pdf)

<use sfig/genevmf.pdf>
Package pdftex.def Info: sfig/genevmf.pdf used on input line 498.
(pdftex.def)             Requested size: 122.91406pt x 151.65573pt.
 [24

 <./sfig/vmf.pdf> <./sfig/genevmf.pdf

pdfTeX warning: pdflatex (file ./sfig/genevmf.pdf): PDF inclusion: multiple pdf
s with page group included in a single page
>] <sfig/imagechain_mcmc.pdf, id=653, 463.97269pt x 299.98457pt>
File: sfig/imagechain_mcmc.pdf Graphic file (type pdf)

<use sfig/imagechain_mcmc.pdf>
Package pdftex.def Info: sfig/imagechain_mcmc.pdf used on input line 541.
(pdftex.def)             Requested size: 122.91406pt x 79.46806pt.
 [25

 <./sfig/imagechain_mcmc.pdf>]
File: sfig/imagechain_mcmc.pdf Graphic file (type pdf)

<use sfig/imagechain_mcmc.pdf>
Package pdftex.def Info: sfig/imagechain_mcmc.pdf used on input line 541.
(pdftex.def)             Requested size: 122.91406pt x 79.46806pt.
 [26

]
File: sfig/imagechain_mcmc.pdf Graphic file (type pdf)
 <use sfig/imagechain_mcmc.pdf>
Package pdftex.def Info: sfig/imagechain_mcmc.pdf used on input line 541.
(pdftex.def)             Requested size: 122.91406pt x 79.46806pt.
 [27

]
<sfig/simulations.png, id=673, 339.9099pt x 177.5433pt>
File: sfig/simulations.png Graphic file (type png)

<use sfig/simulations.png>
Package pdftex.def Info: sfig/simulations.png used on input line 559.
(pdftex.def)             Requested size: 307.28987pt x 160.50539pt.
<<sfig/gibbs_samples.swf>>
Overfull \vbox (8.61711pt too high) detected at line 559
 []

[28

 <./sfig/simulations.png>]
<sfig/m2_real.pdf, id=687, 329.77678pt x 256.97691pt>
File: sfig/m2_real.pdf Graphic file (type pdf)
 <use sfig/m2_real.pdf>
Package pdftex.def Info: sfig/m2_real.pdf used on input line 565.
(pdftex.def)             Requested size: 307.28987pt x 239.47226pt.

Overfull \vbox (1.22572pt too high) detected at line 565
 []

[29

 <./sfig/m2_real.pdf>] (./research_slices.toc) [30

]
<sfig/allsubs.png, id=741, 1357.82576pt x 79.83315pt>
File: sfig/allsubs.png Graphic file (type png)
 <use sfig/allsubs.png>
Package pdftex.def Info: sfig/allsubs.png used on input line 607.
(pdftex.def)             Requested size: 307.28987pt x 18.06644pt.

<sfig/bidirections.pdf, id=742, 1569.65167pt x 403.27577pt>
File: sfig/bidirections.pdf Graphic file (type pdf)

<use sfig/bidirections.pdf>
Package pdftex.def Info: sfig/bidirections.pdf used on input line 607.
(pdftex.def)             Requested size: 307.28987pt x 78.9492pt.
 [31

 <./sfig/allsubs.png> <./sfig/bidirections.pdf>] <sfig/hier3a.pdf, id=762, 544.
83904pt x 359.3528pt>
File: sfig/hier3a.pdf Graphic file (type pdf)
 <use sfig/hier3a.pdf>
Package pdftex.def Info: sfig/hier3a.pdf used on input line 622.
(pdftex.def)             Requested size: 215.10196pt x 141.87425pt.

[32

 <./sfig/hier3a.pdf>] <sfig/grp1.pdf, id=775, 1206.25926pt x 638.44547pt>
File: sfig/grp1.pdf Graphic file (type pdf)

<use sfig/grp1.pdf>
Package pdftex.def Info: sfig/grp1.pdf used on input line 632.
(pdftex.def)             Requested size: 307.28987pt x 162.64069pt.
 [33

 <./sfig/grp1.pdf>]
<sfig/grp2.pdf, id=789, 1206.25926pt x 638.44547pt>
File: sfig/grp2.pdf Graphic file (type pdf)
 <use sfig/grp2.pdf>
Package pdftex.def Info: sfig/grp2.pdf used on input line 632.
(pdftex.def)             Requested size: 307.28987pt x 162.64069pt.

[34

 <./sfig/grp2.pdf>] <sfig/hiergibbs2.pdf, id=803, 375.4025pt x 272.48755pt>
File: sfig/hiergibbs2.pdf Graphic file (type pdf)

<use sfig/hiergibbs2.pdf>
Package pdftex.def Info: sfig/hiergibbs2.pdf used on input line 661.
(pdftex.def)             Requested size: 153.64493pt x 111.52519pt.

<sfig/voxelgibbs.pdf, id=804, 239.22395pt x 121.80869pt>
File: sfig/voxelgibbs.pdf Graphic file (type pdf)

<use sfig/voxelgibbs.pdf>
Package pdftex.def Info: sfig/voxelgibbs.pdf used on input line 661.
(pdftex.def)             Requested size: 153.64493pt x 78.2342pt.
 [35

 <./sfig/hiergibbs2.pdf> <./sfig/voxelgibbs.pdf

pdfTeX warning: pdflatex (file ./sfig/voxelgibbs.pdf): PDF inclusion: multiple 
pdfs with page group included in a single page
>] <sfig/allmaps.png, id=825, 373.1541pt x 167.9073pt>
File: sfig/allmaps.png Graphic file (type png)
 <use sfig/allmaps.png>
Package pdftex.def Info: sfig/allmaps.png used on input line 667.
(pdftex.def)             Requested size: 307.28987pt x 138.27925pt.

[36

 <./sfig/allmaps.png>]
<sfig/boxplot.pdf, id=831, 866.23625pt x 360.34625pt>
File: sfig/boxplot.pdf Graphic file (type pdf)
 <use sfig/boxplot.pdf>
Package pdftex.def Info: sfig/boxplot.pdf used on input line 681.
(pdftex.def)             Requested size: 307.28987pt x 127.82759pt.

<sfig/012variance.png, id=832, 963.6pt x 289.08pt>
File: sfig/012variance.png Graphic file (type png)
 <use sfig/012variance.png>
Package pdftex.def Info: sfig/012variance.png used on input line 681.
(pdftex.def)             Requested size: 307.28987pt x 92.18547pt.

[37

 <./sfig/boxplot.pdf> <./sfig/012variance.png>]
File: sfig/boxplot.pdf Graphic file (type pdf)
 <use sfig/boxplot.pdf>
Package pdftex.def Info: sfig/boxplot.pdf used on input line 681.
(pdftex.def)             Requested size: 307.28987pt x 127.82759pt.
File: sfig/012variance.png Graphic file (type png)

<use sfig/012variance.png>
Package pdftex.def Info: sfig/012variance.png used on input line 681.
(pdftex.def)             Requested size: 307.28987pt x 92.18547pt.
 [38

]
<sfig/grp_mean.png, id=851, 963.6pt x 648.5028pt>
File: sfig/grp_mean.png Graphic file (type png)
 <use sfig/grp_mean.png>
Package pdftex.def Info: sfig/grp_mean.png used on input line 688.
(pdftex.def)             Requested size: 307.28987pt x 206.80278pt.

[39

 <./sfig/grp_mean.png>] <sfig/submean.png, id=857, 963.6pt x 932.7648pt>
File: sfig/submean.png Graphic file (type png)

<use sfig/submean.png>
Package pdftex.def Info: sfig/submean.png used on input line 700.
(pdftex.def)             Requested size: 215.10196pt x 208.21202pt.
 [40

 <./sfig/submean.png>] (./research_slices.toc)
[41

] <actlearn_fig/allchannels.png, id=877, 1356.12529pt x 262.18884pt>
File: actlearn_fig/allchannels.png Graphic file (type png)

<use actlearn_fig/allchannels.png>
Package pdftex.def Info: actlearn_fig/allchannels.png used on input line 726.
(pdftex.def)             Requested size: 230.46739pt x 44.5555pt.

<actlearn_fig/activelearn.pdf, id=878, 335.74252pt x 137.16974pt>
File: actlearn_fig/activelearn.pdf Graphic file (type pdf)

<use actlearn_fig/activelearn.pdf>
Package pdftex.def Info: actlearn_fig/activelearn.pdf used on input line 726.
(pdftex.def)             Requested size: 245.83282pt x 100.43864pt.

Overfull \vbox (0.22205pt too high) detected at line 726
 []

[42

 <./actlearn_fig/allchannels.png> <./actlearn_fig/activelearn.pdf>]
<actlearn_fig/flowchart.png, id=891, 1587.68156pt x 931.22906pt>
File: actlearn_fig/flowchart.png Graphic file (type png)

<use actlearn_fig/flowchart.png>
Package pdftex.def Info: actlearn_fig/flowchart.png used on input line 732.
(pdftex.def)             Requested size: 307.28987pt x 180.23193pt.
 [43

 <./actlearn_fig/flowchart.png>]
<actlearn_fig/prior.pdf, id=897, 364.19528pt x 273.14645pt>
File: actlearn_fig/prior.pdf Graphic file (type pdf)

<use actlearn_fig/prior.pdf>
Package pdftex.def Info: actlearn_fig/prior.pdf used on input line 738.
(pdftex.def)             Requested size: 307.28987pt x 230.47092pt.
 [44

 <./actlearn_fig/prior.pdf>]
<actlearn_fig/All_candidate_patches_sorted.png, id=910, 1135.24126pt x 180.675p
t>
File: actlearn_fig/All_candidate_patches_sorted.png Graphic file (type png)
 <use actlearn_fig/All_candidate_patches_sorted.png>
Package pdftex.def Info: actlearn_fig/All_candidate_patches_sorted.png used on 
input line 753.
(pdftex.def)             Requested size: 307.28987pt x 48.90419pt.
LaTeX Font Info:    Font shape `U/lasy/b/n' in size <7> not available
(Font)              Font shape `U/lasy/m/n' tried instead on input line 753.
LaTeX Font Info:    Font shape `U/lasy/b/n' in size <5> not available
(Font)              Font shape `U/lasy/m/n' tried instead on input line 753.
 [45

 <./actlearn_fig/All_candidate_patches_sorted.png>]
<actlearn_fig/iterative_process_new.png, id=917, 2237.35875pt x 1211.27531pt>
File: actlearn_fig/iterative_process_new.png Graphic file (type png)

<use actlearn_fig/iterative_process_new.png>
Package pdftex.def Info: actlearn_fig/iterative_process_new.png used on input l
ine 760.
(pdftex.def)             Requested size: 307.28987pt x 166.36142pt.
 [46

 <./actlearn_fig/iterative_process_new.png>]
<actlearn_fig/qualitative_comp.png, id=922, 1318.9275pt x 1029.8475pt>
File: actlearn_fig/qualitative_comp.png Graphic file (type png)

<use actlearn_fig/qualitative_comp.png>
Package pdftex.def Info: actlearn_fig/qualitative_comp.png used on input line 7
65.
(pdftex.def)             Requested size: 304.21866pt x 237.53566pt.
 [47

 <./actlearn_fig/qualitative_comp.png>] [48

] <sfig/dog_brain.jpg, id=933, 447.6725pt x 373.395pt>
File: sfig/dog_brain.jpg Graphic file (type jpg)

<use sfig/dog_brain.jpg>
Package pdftex.def Info: sfig/dog_brain.jpg used on input line 788.
(pdftex.def)             Requested size: 153.64493pt x 128.1548pt.
 [49

 <./sfig/dog_brain.jpg>]
<figures_m2/mcem/dmn_a.png, id=940, 303.1325pt x 329.23pt>
File: figures_m2/mcem/dmn_a.png Graphic file (type png)

<use figures_m2/mcem/dmn_a.png>
Package pdftex.def Info: figures_m2/mcem/dmn_a.png used on input line 835.
(pdftex.def)             Requested size: 39.6075pt x 43.02039pt.

<figures_m2/mcem/dmn_s.png, id=941, 384.43625pt x 296.10625pt>
File: figures_m2/mcem/dmn_s.png Graphic file (type png)

<use figures_m2/mcem/dmn_s.png>
Package pdftex.def Info: figures_m2/mcem/dmn_s.png used on input line 835.
(pdftex.def)             Requested size: 55.85034pt x 43.02039pt.

<figures_m2/ica_separate/DMN_a.png, id=942, 303.1325pt x 329.23pt>
File: figures_m2/ica_separate/DMN_a.png Graphic file (type png)

<use figures_m2/ica_separate/DMN_a.png>
Package pdftex.def Info: figures_m2/ica_separate/DMN_a.png used on input line 8
35.
(pdftex.def)             Requested size: 39.6075pt x 43.02039pt.

<figures_m2/ica_separate/DMN_s.png, id=943, 384.43625pt x 296.10625pt>
File: figures_m2/ica_separate/DMN_s.png Graphic file (type png)

<use figures_m2/ica_separate/DMN_s.png>
Package pdftex.def Info: figures_m2/ica_separate/DMN_s.png used on input line 8
35.
(pdftex.def)             Requested size: 55.85034pt x 43.02039pt.

<figures_m2/ica_single/dmn_a.png, id=944, 303.1325pt x 329.23pt>
File: figures_m2/ica_single/dmn_a.png Graphic file (type png)

<use figures_m2/ica_single/dmn_a.png>
Package pdftex.def Info: figures_m2/ica_single/dmn_a.png used on input line 835
.
(pdftex.def)             Requested size: 39.6075pt x 43.02039pt.

<figures_m2/ica_single/dmn_s.png, id=945, 384.43625pt x 296.10625pt>
File: figures_m2/ica_single/dmn_s.png Graphic file (type png)

<use figures_m2/ica_single/dmn_s.png>
Package pdftex.def Info: figures_m2/ica_single/dmn_s.png used on input line 835
.
(pdftex.def)             Requested size: 55.85034pt x 43.02039pt.

<figures_m2/mcem/motor_a.png, id=946, 303.1325pt x 329.23pt>
File: figures_m2/mcem/motor_a.png Graphic file (type png)

<use figures_m2/mcem/motor_a.png>
Package pdftex.def Info: figures_m2/mcem/motor_a.png used on input line 835.
(pdftex.def)             Requested size: 39.6075pt x 43.02039pt.

<figures_m2/mcem/motor_s.png, id=947, 384.43625pt x 296.10625pt>
File: figures_m2/mcem/motor_s.png Graphic file (type png)

<use figures_m2/mcem/motor_s.png>
Package pdftex.def Info: figures_m2/mcem/motor_s.png used on input line 835.
(pdftex.def)             Requested size: 55.85034pt x 43.02039pt.

<figures_m2/ica_separate/motor_a.png, id=948, 303.1325pt x 329.23pt>
File: figures_m2/ica_separate/motor_a.png Graphic file (type png)

<use figures_m2/ica_separate/motor_a.png>
Package pdftex.def Info: figures_m2/ica_separate/motor_a.png used on input line
 835.
(pdftex.def)             Requested size: 39.6075pt x 43.02039pt.

<figures_m2/ica_separate/motor_s.png, id=949, 384.43625pt x 296.10625pt>
File: figures_m2/ica_separate/motor_s.png Graphic file (type png)

<use figures_m2/ica_separate/motor_s.png>
Package pdftex.def Info: figures_m2/ica_separate/motor_s.png used on input line
 835.
(pdftex.def)             Requested size: 55.85034pt x 43.02039pt.

<figures_m2/ica_single/motor_a.png, id=950, 303.1325pt x 329.23pt>
File: figures_m2/ica_single/motor_a.png Graphic file (type png)

<use figures_m2/ica_single/motor_a.png>
Package pdftex.def Info: figures_m2/ica_single/motor_a.png used on input line 8
35.
(pdftex.def)             Requested size: 39.6075pt x 43.02039pt.

<figures_m2/ica_single/motor_s.png, id=951, 384.43625pt x 296.10625pt>
File: figures_m2/ica_single/motor_s.png Graphic file (type png)

<use figures_m2/ica_single/motor_s.png>
Package pdftex.def Info: figures_m2/ica_single/motor_s.png used on input line 8
35.
(pdftex.def)             Requested size: 55.85034pt x 43.02039pt.

<figures_m2/mcem/visual_a.png, id=952, 303.1325pt x 329.23pt>
File: figures_m2/mcem/visual_a.png Graphic file (type png)

<use figures_m2/mcem/visual_a.png>
Package pdftex.def Info: figures_m2/mcem/visual_a.png used on input line 835.
(pdftex.def)             Requested size: 39.6075pt x 43.02039pt.

<figures_m2/mcem/visual_s.png, id=953, 384.43625pt x 296.10625pt>
File: figures_m2/mcem/visual_s.png Graphic file (type png)

<use figures_m2/mcem/visual_s.png>
Package pdftex.def Info: figures_m2/mcem/visual_s.png used on input line 835.
(pdftex.def)             Requested size: 55.85034pt x 43.02039pt.

<figures_m2/ica_separate/visual_a.png, id=954, 303.1325pt x 329.23pt>
File: figures_m2/ica_separate/visual_a.png Graphic file (type png)

<use figures_m2/ica_separate/visual_a.png>
Package pdftex.def Info: figures_m2/ica_separate/visual_a.png used on input lin
e 835.
(pdftex.def)             Requested size: 39.6075pt x 43.02039pt.

<figures_m2/ica_separate/visual_s.png, id=955, 384.43625pt x 296.10625pt>
File: figures_m2/ica_separate/visual_s.png Graphic file (type png)

<use figures_m2/ica_separate/visual_s.png>
Package pdftex.def Info: figures_m2/ica_separate/visual_s.png used on input lin
e 835.
(pdftex.def)             Requested size: 55.85034pt x 43.02039pt.

<figures_m2/ica_single/visual_a.png, id=956, 303.1325pt x 329.23pt>
File: figures_m2/ica_single/visual_a.png Graphic file (type png)

<use figures_m2/ica_single/visual_a.png>
Package pdftex.def Info: figures_m2/ica_single/visual_a.png used on input line 
835.
(pdftex.def)             Requested size: 39.6075pt x 43.02039pt.

<figures_m2/ica_single/visual_s.png, id=957, 384.43625pt x 296.10625pt>
File: figures_m2/ica_single/visual_s.png Graphic file (type png)

<use figures_m2/ica_single/visual_s.png>
Package pdftex.def Info: figures_m2/ica_single/visual_s.png used on input line 
835.
(pdftex.def)             Requested size: 55.85034pt x 43.02039pt.

<figures_m2/mcem/atten_a.png, id=958, 303.1325pt x 329.23pt>
File: figures_m2/mcem/atten_a.png Graphic file (type png)

<use figures_m2/mcem/atten_a.png>
Package pdftex.def Info: figures_m2/mcem/atten_a.png used on input line 835.
(pdftex.def)             Requested size: 39.6075pt x 43.02039pt.

<figures_m2/mcem/atten_s.png, id=959, 384.43625pt x 296.10625pt>
File: figures_m2/mcem/atten_s.png Graphic file (type png)

<use figures_m2/mcem/atten_s.png>
Package pdftex.def Info: figures_m2/mcem/atten_s.png used on input line 835.
(pdftex.def)             Requested size: 55.85034pt x 43.02039pt.

<figures_m2/ica_separate/atten_a.png, id=960, 303.1325pt x 329.23pt>
File: figures_m2/ica_separate/atten_a.png Graphic file (type png)

<use figures_m2/ica_separate/atten_a.png>
Package pdftex.def Info: figures_m2/ica_separate/atten_a.png used on input line
 835.
(pdftex.def)             Requested size: 39.6075pt x 43.02039pt.

<figures_m2/ica_separate/atten_s.png, id=961, 384.43625pt x 296.10625pt>
File: figures_m2/ica_separate/atten_s.png Graphic file (type png)

<use figures_m2/ica_separate/atten_s.png>
Package pdftex.def Info: figures_m2/ica_separate/atten_s.png used on input line
 835.
(pdftex.def)             Requested size: 55.85034pt x 43.02039pt.

<figures_m2/ica_single/atten_a.png, id=962, 303.1325pt x 329.23pt>
File: figures_m2/ica_single/atten_a.png Graphic file (type png)

<use figures_m2/ica_single/atten_a.png>
Package pdftex.def Info: figures_m2/ica_single/atten_a.png used on input line 8
35.
(pdftex.def)             Requested size: 39.6075pt x 43.02039pt.

<figures_m2/ica_single/atten_s.png, id=963, 384.43625pt x 296.10625pt>
File: figures_m2/ica_single/atten_s.png Graphic file (type png)

<use figures_m2/ica_single/atten_s.png>
Package pdftex.def Info: figures_m2/ica_single/atten_s.png used on input line 8
35.
(pdftex.def)             Requested size: 55.85034pt x 43.02039pt.

Overfull \vbox (4.835pt too high) detected at line 835
 []

[50

 <./figures_m2/mcem/dmn_a.png> <./figures_m2/mcem/dmn_s.png> <./figures_m2/ica_
separate/DMN_a.png> <./figures_m2/ica_separate/DMN_s.png> <./figures_m2/ica_sin
gle/dmn_a.png> <./figures_m2/ica_single/dmn_s.png> <./figures_m2/mcem/motor_a.p
ng> <./figures_m2/mcem/motor_s.png> <./figures_m2/ica_separate/motor_a.png> <./
figures_m2/ica_separate/motor_s.png> <./figures_m2/ica_single/motor_a.png> <./f
igures_m2/ica_single/motor_s.png> <./figures_m2/mcem/visual_a.png> <./figures_m
2/mcem/visual_s.png> <./figures_m2/ica_separate/visual_a.png> <./figures_m2/ica
_separate/visual_s.png> <./figures_m2/ica_single/visual_a.png> <./figures_m2/ic
a_single/visual_s.png> <./figures_m2/mcem/atten_a.png> <./figures_m2/mcem/atten
_s.png> <./figures_m2/ica_separate/atten_a.png> <./figures_m2/ica_separate/atte
n_s.png> <./figures_m2/ica_single/atten_a.png> <./figures_m2/ica_single/atten_s
.png>] [51

] <sfig/predictLLvsAlpha.pdf, id=977, 504.88625pt x 504.88625pt>
File: sfig/predictLLvsAlpha.pdf Graphic file (type pdf)

<use sfig/predictLLvsAlpha.pdf>
Package pdftex.def Info: sfig/predictLLvsAlpha.pdf used on input line 886.
(pdftex.def)             Requested size: 110.62401pt x 110.62077pt.
 [52

 <./sfig/predictLLvsAlpha.pdf>]
<sfig/sub_var.png, id=990, 963.6pt x 665.8476pt>
File: sfig/sub_var.png Graphic file (type png)
 <use sfig/sub_var.png>
Package pdftex.def Info: sfig/sub_var.png used on input line 892.
(pdftex.def)             Requested size: 307.28987pt x 212.3339pt.

[53

 <./sfig/sub_var.png>]
<sfig/2level_3smoothing.pdf, id=997, 1115.16624pt x 859.21pt>
File: sfig/2level_3smoothing.pdf Graphic file (type pdf)

<use sfig/2level_3smoothing.pdf>
Package pdftex.def Info: sfig/2level_3smoothing.pdf used on input line 897.
(pdftex.def)             Requested size: 307.28987pt x 236.7489pt.
 [54

 <./sfig/2level_3smoothing.pdf>]
\tf@nav=\write6
\openout6 = `research_slices.nav'.

\tf@toc=\write7
\openout7 = `research_slices.toc'.

\tf@snm=\write8
\openout8 = `research_slices.snm'.

Package atveryend Info: Empty hook `BeforeClearDocument' on input line 899.
Package atveryend Info: Empty hook `AfterLastShipout' on input line 899.

(./research_slices.aux)
Package atveryend Info: Executing hook `AtVeryEndDocument' on input line 899.
Package atveryend Info: Executing hook `AtEndAfterFileList' on input line 899.
Package rerunfilecheck Info: File `research_slices.out' has not changed.
(rerunfilecheck)             Checksum: E40BD5906EC3E103D92E9765508306CF;2000.


LaTeX Font Warning: Size substitutions with differences
(Font)              up to 1.0pt have occurred.

Package atveryend Info: Empty hook `AtVeryVeryEnd' on input line 899.
 ) 
Here is how much of TeX's memory you used:
 28503 strings out of 493315
 543730 string characters out of 6145890
 625134 words of memory out of 5000000
 31151 multiletter control sequences out of 15000+600000
 10995 words of font info for 43 fonts, out of 8000000 for 9000
 957 hyphenation exceptions out of 8191
 49i,18n,60p,444b,828s stack positions out of 5000i,500n,10000p,200000b,80000s
</usr/share/texmf/fonts/type1/public/amsfonts/cm/cmex10.pfb></usr/share/texmf
/fonts/type1/public/amsfonts/cm/cmmi10.pfb></usr/share/texmf/fonts/type1/public
/amsfonts/cm/cmmi12.pfb></usr/share/texmf/fonts/type1/public/amsfonts/cm/cmmi5.
pfb></usr/share/texmf/fonts/type1/public/amsfonts/cm/cmmi7.pfb></usr/share/texm
f/fonts/type1/public/amsfonts/cm/cmmi8.pfb></usr/share/texmf/fonts/type1/public
/amsfonts/cm/cmmib10.pfb></usr/share/texmf/fonts/type1/public/amsfonts/cm/cmr10
.pfb></usr/share/texmf/fonts/type1/public/amsfonts/cm/cmr12.pfb></usr/share/tex
mf/fonts/type1/public/amsfonts/cm/cmr7.pfb></usr/share/texmf/fonts/type1/public
/amsfonts/cm/cmss10.pfb></usr/share/texmf/fonts/type1/public/amsfonts/cm/cmss12
.pfb></usr/share/texmf/fonts/type1/public/amsfonts/cm/cmss8.pfb></usr/share/tex
mf/fonts/type1/public/amsfonts/cm/cmss9.pfb></usr/share/texmf/fonts/type1/publi
c/amsfonts/cm/cmssbx10.pfb></usr/share/texmf/fonts/type1/public/amsfonts/cm/cms
si10.pfb></usr/share/texmf/fonts/type1/public/amsfonts/cm/cmsy10.pfb></usr/shar
e/texmf/fonts/type1/public/amsfonts/cm/cmsy7.pfb></usr/share/texmf/fonts/type1/
public/amsfonts/symbols/msbm10.pfb>
Output written on research_slices.pdf (54 pages, 13015004 bytes).
PDF statistics:
 1092 PDF objects out of 1200 (max. 8388607)
 763 compressed objects within 8 object streams
 136 named destinations out of 1000 (max. 500000)
 753 words of extra memory for PDF output out of 10000 (max. 10000000)

