This is pdfTeX, Version 3.1415926-2.5-1.40.14 (TeX Live 2013/TeX Live for opensuse.org) (format=pdflatex 2013.9.9)  9 SEP 2013 15:39
entering extended mode
 restricted \write18 enabled.
 %&-line parsing enabled.
**\nonstopmode\input miccai.tex
(./miccai.tex (./llncs.cls
Document Class: llncs 2004/08/17 v2.14 
 LaTeX document class for Lecture Notes in Computer Science
(/usr/share/texmf/tex/latex/base/article.cls
Document Class: article 2007/10/19 v1.4h Standard LaTeX document class
(/usr/share/texmf/tex/latex/base/size10.clo
File: size10.clo 2007/10/19 v1.4h Standard LaTeX file (size option)
)
\c@part=\count79
\c@section=\count80
\c@subsection=\count81
\c@subsubsection=\count82
\c@paragraph=\count83
\c@subparagraph=\count84
\c@figure=\count85
\c@table=\count86
\abovecaptionskip=\skip41
\belowcaptionskip=\skip42
\bibindent=\dimen102
)
(/usr/share/texmf/tex/latex/tools/multicol.sty
Package: multicol 2011/06/27 v1.7a multicolumn formatting (FMi)
\c@tracingmulticols=\count87
\mult@box=\box26
\multicol@leftmargin=\dimen103
\c@unbalance=\count88
\c@collectmore=\count89
\doublecol@number=\count90
\multicoltolerance=\count91
\multicolpretolerance=\count92
\full@width=\dimen104
\page@free=\dimen105
\premulticols=\dimen106
\postmulticols=\dimen107
\multicolsep=\skip43
\multicolbaselineskip=\skip44
\partial@page=\box27
\last@line=\box28
\mult@rightbox=\box29
\mult@grightbox=\box30
\mult@gfirstbox=\box31
\mult@firstbox=\box32
\@tempa=\box33
\@tempa=\box34
\@tempa=\box35
\@tempa=\box36
\@tempa=\box37
\@tempa=\box38
\@tempa=\box39
\@tempa=\box40
\@tempa=\box41
\@tempa=\box42
\@tempa=\box43
\@tempa=\box44
\@tempa=\box45
\@tempa=\box46
\@tempa=\box47
\@tempa=\box48
\@tempa=\box49
\c@columnbadness=\count93
\c@finalcolumnbadness=\count94
\last@try=\dimen108
\multicolovershoot=\dimen109
\multicolundershoot=\dimen110
\mult@nat@firstbox=\box50
\colbreak@box=\box51
\multicol@sort@counter=\count95
)
\c@chapter=\count96
LaTeX Font Info:    Redeclaring math symbol \Gamma on input line 360.
LaTeX Font Info:    Redeclaring math symbol \Delta on input line 361.
LaTeX Font Info:    Redeclaring math symbol \Theta on input line 362.
LaTeX Font Info:    Redeclaring math symbol \Lambda on input line 363.
LaTeX Font Info:    Redeclaring math symbol \Xi on input line 364.
LaTeX Font Info:    Redeclaring math symbol \Pi on input line 365.
LaTeX Font Info:    Redeclaring math symbol \Sigma on input line 366.
LaTeX Font Info:    Redeclaring math symbol \Upsilon on input line 367.
LaTeX Font Info:    Redeclaring math symbol \Phi on input line 368.
LaTeX Font Info:    Redeclaring math symbol \Psi on input line 369.
LaTeX Font Info:    Redeclaring math symbol \Omega on input line 370.
\tocchpnum=\dimen111
\tocsecnum=\dimen112
\tocsectotal=\dimen113
\tocsubsecnum=\dimen114
\tocsubsectotal=\dimen115
\tocsubsubsecnum=\dimen116
\tocsubsubsectotal=\dimen117
\tocparanum=\dimen118
\tocparatotal=\dimen119
\tocsubparanum=\dimen120
\@tempcntc=\count97
\fnindent=\dimen121
\c@@inst=\count98
\c@@auth=\count99
\c@auco=\count100
\instindent=\dimen122
\authrun=\box52
\authorrunning=\toks14
\tocauthor=\toks15
\titrun=\box53
\titlerunning=\toks16
\toctitle=\toks17
\c@theorem=\count101
\c@case=\count102
\c@conjecture=\count103
\c@corollary=\count104
\c@definition=\count105
\c@example=\count106
\c@exercise=\count107
\c@lemma=\count108
\c@note=\count109
\c@problem=\count110
\c@property=\count111
\c@proposition=\count112
\c@question=\count113
\c@solution=\count114
\c@remark=\count115
\headlineindent=\dimen123
)
(/usr/share/texmf/tex/latex/amsfonts/amssymb.sty
Package: amssymb 2013/01/14 v3.01 AMS font symbols

(/usr/share/texmf/tex/latex/amsfonts/amsfonts.sty
Package: amsfonts 2013/01/14 v3.01 Basic AMSFonts support
\@emptytoks=\toks18
\symAMSa=\mathgroup4
\symAMSb=\mathgroup5
LaTeX Font Info:    Overwriting math alphabet `\mathfrak' in version `bold'
(Font)                  U/euf/m/n --> U/euf/b/n on input line 106.
))
(/usr/share/texmf/tex/latex/graphics/graphicx.sty
Package: graphicx 1999/02/16 v1.0f Enhanced LaTeX Graphics (DPC,SPQR)

(/usr/share/texmf/tex/latex/graphics/keyval.sty
Package: keyval 1999/03/16 v1.13 key=value parser (DPC)
\KV@toks@=\toks19
)
(/usr/share/texmf/tex/latex/graphics/graphics.sty
Package: graphics 2009/02/05 v1.0o Standard LaTeX Graphics (DPC,SPQR)

(/usr/share/texmf/tex/latex/graphics/trig.sty
Package: trig 1999/03/16 v1.09 sin cos tan (DPC)
)
(/usr/share/texmf/tex/latex/latexconfig/graphics.cfg
File: graphics.cfg 2010/04/23 v1.9 graphics configuration of TeX Live
)
Package graphics Info: Driver file: pdftex.def on input line 91.

(/usr/share/texmf/tex/latex/pdftex-def/pdftex.def
File: pdftex.def 2011/05/27 v0.06d Graphics/color for pdfTeX

(/usr/share/texmf/tex/generic/oberdiek/infwarerr.sty
Package: infwarerr 2010/04/08 v1.3 Providing info/warning/error messages (HO)
)
(/usr/share/texmf/tex/generic/oberdiek/ltxcmds.sty
Package: ltxcmds 2011/11/09 v1.22 LaTeX kernel commands for general use (HO)
)
\Gread@gobject=\count116
))
\Gin@req@height=\dimen124
\Gin@req@width=\dimen125
)
(/usr/share/texmf/tex/latex/url/url.sty
\Urlmuskip=\muskip10
Package: url 2006/04/12  ver 3.3  Verb mode for urls, etc.
) (./lwdefs.sty
(/usr/share/texmf/tex/latex/amsmath/amsmath.sty
Package: amsmath 2013/01/14 v2.14 AMS math features
\@mathmargin=\skip45

For additional information on amsmath, use the `?' option.
(/usr/share/texmf/tex/latex/amsmath/amstext.sty
Package: amstext 2000/06/29 v2.01

(/usr/share/texmf/tex/latex/amsmath/amsgen.sty
File: amsgen.sty 1999/11/30 v2.0
\@emptytoks=\toks20
\ex@=\dimen126
))
(/usr/share/texmf/tex/latex/amsmath/amsbsy.sty
Package: amsbsy 1999/11/29 v1.2d
\pmbraise@=\dimen127
)
(/usr/share/texmf/tex/latex/amsmath/amsopn.sty
Package: amsopn 1999/12/14 v2.01 operator names
)
\inf@bad=\count117
LaTeX Info: Redefining \frac on input line 210.
\uproot@=\count118
\leftroot@=\count119
LaTeX Info: Redefining \overline on input line 306.
\classnum@=\count120
\DOTSCASE@=\count121
LaTeX Info: Redefining \ldots on input line 378.
LaTeX Info: Redefining \dots on input line 381.
LaTeX Info: Redefining \cdots on input line 466.
\Mathstrutbox@=\box54
\strutbox@=\box55
\big@size=\dimen128
LaTeX Font Info:    Redeclaring font encoding OML on input line 566.
LaTeX Font Info:    Redeclaring font encoding OMS on input line 567.


Package amsmath Warning: Unable to redefine math accent \vec.

\macc@depth=\count122
\c@MaxMatrixCols=\count123
\dotsspace@=\muskip11
\c@parentequation=\count124
\dspbrk@lvl=\count125
\tag@help=\toks21
\row@=\count126
\column@=\count127
\maxfields@=\count128
\andhelp@=\toks22
\eqnshift@=\dimen129
\alignsep@=\dimen130
\tagshift@=\dimen131
\tagwidth@=\dimen132
\totwidth@=\dimen133
\lineht@=\dimen134
\@envbody=\toks23
\multlinegap=\skip46
\multlinetaggap=\skip47
\mathdisplay@stack=\toks24
LaTeX Info: Redefining \[ on input line 2665.
LaTeX Info: Redefining \] on input line 2666.
) (/usr/share/texmf/tex/latex/algorithms/algorithmic.sty
Package: algorithmic 2009/08/24 v0.1 Document Style `algorithmic'

(/usr/share/texmf/tex/latex/base/ifthen.sty
Package: ifthen 2001/05/26 v1.1c Standard LaTeX ifthen package (DPC)
)
\c@ALC@unique=\count129
\c@ALC@line=\count130
\c@ALC@rem=\count131
\c@ALC@depth=\count132
\ALC@tlm=\skip48
\algorithmicindent=\skip49
)
(/usr/share/texmf/tex/latex/algorithms/algorithm.sty
Package: algorithm 2009/08/24 v0.1 Document Style `algorithm' - floating enviro
nment

(/usr/share/texmf/tex/latex/float/float.sty
Package: float 2001/11/08 v1.3d Float enhancements (AL)
\c@float@type=\count133
\float@exts=\toks25
\float@box=\box56
\@float@everytoks=\toks26
\@floatcapt=\box57
)
\@float@every@algorithm=\toks27
\c@algorithm=\count134
)
(/usr/share/texmf/tex/latex/subfigure/subfigure.sty
Package: subfigure 2002/03/15 v2.1.5 subfigure package
\subfigtopskip=\skip50
\subfigcapskip=\skip51
\subfigcaptopadj=\dimen135
\subfigbottomskip=\skip52
\subfigcapmargin=\dimen136
\subfiglabelskip=\skip53
\c@subfigure=\count135
\c@lofdepth=\count136
\c@subtable=\count137
\c@lotdepth=\count138

****************************************
* Local config file subfigure.cfg used *
****************************************
(/usr/share/texmf/tex/latex/subfigure/subfigure.cfg)
\subfig@top=\skip54
\subfig@bottom=\skip55
)
\c@mytheorem=\count139
\c@myproposition=\count140
\c@mydefinition=\count141
\c@mycorollary=\count142
\c@myexample=\count143
)
\c@myexercise=\count144
 (./miccai.aux)
\openout1 = `miccai.aux'.

LaTeX Font Info:    Checking defaults for OML/cmm/m/it on input line 17.
LaTeX Font Info:    ... okay on input line 17.
LaTeX Font Info:    Checking defaults for T1/cmr/m/n on input line 17.
LaTeX Font Info:    ... okay on input line 17.
LaTeX Font Info:    Checking defaults for OT1/cmr/m/n on input line 17.
LaTeX Font Info:    ... okay on input line 17.
LaTeX Font Info:    Checking defaults for OMS/cmsy/m/n on input line 17.
LaTeX Font Info:    ... okay on input line 17.
LaTeX Font Info:    Checking defaults for OMX/cmex/m/n on input line 17.
LaTeX Font Info:    ... okay on input line 17.
LaTeX Font Info:    Checking defaults for U/cmr/m/n on input line 17.
LaTeX Font Info:    ... okay on input line 17.

(/usr/share/texmf/tex/context/base/supp-pdf.mkii
[Loading MPS to PDF converter (version 2006.09.02).]
\scratchcounter=\count145
\scratchdimen=\dimen137
\scratchbox=\box58
\nofMPsegments=\count146
\nofMParguments=\count147
\everyMPshowfont=\toks28
\MPscratchCnt=\count148
\MPscratchDim=\dimen138
\MPnumerator=\count149
\makeMPintoPDFobject=\count150
\everyMPtoPDFconversion=\toks29
) (/usr/share/texmf/tex/generic/oberdiek/pdftexcmds.sty
Package: pdftexcmds 2011/11/29 v0.20 Utility functions of pdfTeX for LuaTeX (HO
)

(/usr/share/texmf/tex/generic/oberdiek/ifluatex.sty
Package: ifluatex 2010/03/01 v1.3 Provides the ifluatex switch (HO)
Package ifluatex Info: LuaTeX not detected.
)
(/usr/share/texmf/tex/generic/oberdiek/ifpdf.sty
Package: ifpdf 2011/01/30 v2.3 Provides the ifpdf switch (HO)
Package ifpdf Info: pdfTeX in PDF mode is detected.
)
Package pdftexcmds Info: LuaTeX not detected.
Package pdftexcmds Info: \pdf@primitive is available.
Package pdftexcmds Info: \pdf@ifprimitive is available.
Package pdftexcmds Info: \pdfdraftmode found.
)
(/usr/share/texmf/tex/latex/oberdiek/epstopdf-base.sty
Package: epstopdf-base 2010/02/09 v2.5 Base part for package epstopdf

(/usr/share/texmf/tex/latex/oberdiek/grfext.sty
Package: grfext 2010/08/19 v1.1 Manage graphics extensions (HO)

(/usr/share/texmf/tex/generic/oberdiek/kvdefinekeys.sty
Package: kvdefinekeys 2011/04/07 v1.3 Define keys (HO)
))
(/usr/share/texmf/tex/latex/oberdiek/kvoptions.sty
Package: kvoptions 2011/06/30 v3.11 Key value format for package options (HO)

(/usr/share/texmf/tex/generic/oberdiek/kvsetkeys.sty
Package: kvsetkeys 2012/04/25 v1.16 Key value parser (HO)

(/usr/share/texmf/tex/generic/oberdiek/etexcmds.sty
Package: etexcmds 2011/02/16 v1.5 Avoid name clashes with e-TeX commands (HO)
Package etexcmds Info: Could not find \expanded.
(etexcmds)             That can mean that you are not using pdfTeX 1.50 or
(etexcmds)             that some package has redefined \expanded.
(etexcmds)             In the latter case, load this package earlier.
)))
Package grfext Info: Graphics extension search list:
(grfext)             [.png,.pdf,.jpg,.mps,.jpeg,.jbig2,.jb2,.PNG,.PDF,.JPG,.JPE
G,.JBIG2,.JB2,.eps]
(grfext)             \AppendGraphicsExtensions on input line 452.

(/usr/share/texmf/tex/latex/latexconfig/epstopdf-sys.cfg
File: epstopdf-sys.cfg 2010/07/13 v1.3 Configuration of (r)epstopdf for TeX Liv
e
))
LaTeX Font Info:    Try loading font information for U+msa on input line 61.

(/usr/share/texmf/tex/latex/amsfonts/umsa.fd
File: umsa.fd 2013/01/14 v3.01 AMS symbols A
)
LaTeX Font Info:    Try loading font information for U+msb on input line 61.

(/usr/share/texmf/tex/latex/amsfonts/umsb.fd
File: umsb.fd 2013/01/14 v3.01 AMS symbols B
) [1{/var/lib/texmf/fonts/map/pdftex/updmap/pdftex.map}


] [2] [3] [4]
<figures/newtoy/trueConn.png, id=31, 100.375pt x 100.375pt>
File: figures/newtoy/trueConn.png Graphic file (type png)

<use figures/newtoy/trueConn.png>
Package pdftex.def Info: figures/newtoy/trueConn.png used on input line 321.
(pdftex.def)             Requested size: 69.42365pt x 69.42882pt.

<figures/newtoy/corrNoSmooth.png, id=32, 100.375pt x 100.375pt>
File: figures/newtoy/corrNoSmooth.png Graphic file (type png)

<use figures/newtoy/corrNoSmooth.png>
Package pdftex.def Info: figures/newtoy/corrNoSmooth.png used on input line 324
.
(pdftex.def)             Requested size: 69.42365pt x 69.42882pt.

<figures/newtoy/SampleCorr.png, id=33, 100.375pt x 100.375pt>
File: figures/newtoy/SampleCorr.png Graphic file (type png)

<use figures/newtoy/SampleCorr.png>
Package pdftex.def Info: figures/newtoy/SampleCorr.png used on input line 327.
(pdftex.def)             Requested size: 69.42365pt x 69.42882pt.

<figures/newtoy/threholdCorrRaw.png, id=34, 100.375pt x 100.375pt>
File: figures/newtoy/threholdCorrRaw.png Graphic file (type png)

<use figures/newtoy/threholdCorrRaw.png>
Package pdftex.def Info: figures/newtoy/threholdCorrRaw.png used on input line 
330.
(pdftex.def)             Requested size: 69.42365pt x 69.42882pt.

<figures/newtoy/threholdCorrSmoothed.png, id=35, 100.375pt x 100.375pt>
File: figures/newtoy/threholdCorrSmoothed.png Graphic file (type png)

<use figures/newtoy/threholdCorrSmoothed.png>
Package pdftex.def Info: figures/newtoy/threholdCorrSmoothed.png used on input 
line 333.
(pdftex.def)             Requested size: 69.42365pt x 69.42882pt.

<figures/newtoy/newpost_sym2.png, id=36, 100.375pt x 100.375pt>
File: figures/newtoy/newpost_sym2.png Graphic file (type png)

<use figures/newtoy/newpost_sym2.png>
Package pdftex.def Info: figures/newtoy/newpost_sym2.png used on input line 336
.
(pdftex.def)             Requested size: 69.42365pt x 69.42882pt.
 [5]
<figures/no_overlay/R1_corr_nosmooth.png, id=44, 534.49687pt x 564.60938pt>
File: figures/no_overlay/R1_corr_nosmooth.png Graphic file (type png)

<use figures/no_overlay/R1_corr_nosmooth.png>
Package pdftex.def Info: figures/no_overlay/R1_corr_nosmooth.png used on input 
line 388.
(pdftex.def)             Requested size: 69.42365pt x 73.33287pt.

<figures/no_overlay/R1_corr_smooth.png, id=45, 534.49687pt x 564.60938pt>
File: figures/no_overlay/R1_corr_smooth.png Graphic file (type png)

<use figures/no_overlay/R1_corr_smooth.png>
Package pdftex.def Info: figures/no_overlay/R1_corr_smooth.png used on input li
ne 392.
(pdftex.def)             Requested size: 69.42365pt x 73.33287pt.

<figures/no_overlay/R1_mrf.png, id=46, 534.49687pt x 564.60938pt>
File: figures/no_overlay/R1_mrf.png Graphic file (type png)

<use figures/no_overlay/R1_mrf.png>
Package pdftex.def Info: figures/no_overlay/R1_mrf.png used on input line 396.
(pdftex.def)             Requested size: 69.42365pt x 73.33287pt.

<figures/no_overlay/R2_corr_nosmooth.png, id=47, 534.49687pt x 564.60938pt>
File: figures/no_overlay/R2_corr_nosmooth.png Graphic file (type png)

<use figures/no_overlay/R2_corr_nosmooth.png>
Package pdftex.def Info: figures/no_overlay/R2_corr_nosmooth.png used on input 
line 400.
(pdftex.def)             Requested size: 69.42365pt x 73.33287pt.

<figures/no_overlay/R2_corr_smooth.png, id=48, 534.49687pt x 564.60938pt>
File: figures/no_overlay/R2_corr_smooth.png Graphic file (type png)

<use figures/no_overlay/R2_corr_smooth.png>
Package pdftex.def Info: figures/no_overlay/R2_corr_smooth.png used on input li
ne 404.
(pdftex.def)             Requested size: 69.42365pt x 73.33287pt.

<figures/no_overlay/R2_mrf.png, id=49, 534.49687pt x 564.60938pt>
File: figures/no_overlay/R2_mrf.png Graphic file (type png)

<use figures/no_overlay/R2_mrf.png>
Package pdftex.def Info: figures/no_overlay/R2_mrf.png used on input line 408.
(pdftex.def)             Requested size: 69.42365pt x 73.33287pt.

<figures/thresholding_correlationMap/R1_at_gold.png, id=50, 534.49687pt x 564.6
0938pt>
File: figures/thresholding_correlationMap/R1_at_gold.png Graphic file (type png
)
 <use figures/thresholding_correlationMap/R1_at_gold.png>
Package pdftex.def Info: figures/thresholding_correlationMap/R1_at_gold.png use
d on input line 424.
(pdftex.def)             Requested size: 69.42365pt x 73.33287pt.

<figures/threshold_smthed_corrMap/R1_at_gold.png, id=51, 534.49687pt x 564.6093
8pt>
File: figures/threshold_smthed_corrMap/R1_at_gold.png Graphic file (type png)
 <use figures/threshold_smthed_corrMap/R1_at_gold.png>
Package pdftex.def Info: figures/threshold_smthed_corrMap/R1_at_gold.png used o
n input line 428.
(pdftex.def)             Requested size: 69.42365pt x 73.33287pt.

<figures/mrf/R1_mrf_at_05.png, id=52, 534.49687pt x 564.60938pt>
File: figures/mrf/R1_mrf_at_05.png Graphic file (type png)

<use figures/mrf/R1_mrf_at_05.png>
Package pdftex.def Info: figures/mrf/R1_mrf_at_05.png used on input line 432.
(pdftex.def)             Requested size: 69.42365pt x 73.33287pt.

<figures/thresholding_correlationMap/R2_at_gold.png, id=53, 534.49687pt x 564.6
0938pt>
File: figures/thresholding_correlationMap/R2_at_gold.png Graphic file (type png
)
 <use figures/thresholding_correlationMap/R2_at_gold.png>
Package pdftex.def Info: figures/thresholding_correlationMap/R2_at_gold.png use
d on input line 436.
(pdftex.def)             Requested size: 69.42365pt x 73.33287pt.

<figures/threshold_smthed_corrMap/R2_at_gold.png, id=54, 534.49687pt x 565.3621
8pt>
File: figures/threshold_smthed_corrMap/R2_at_gold.png Graphic file (type png)
 <use figures/threshold_smthed_corrMap/R2_at_gold.png>
Package pdftex.def Info: figures/threshold_smthed_corrMap/R2_at_gold.png used o
n input line 440.
(pdftex.def)             Requested size: 69.42365pt x 73.43065pt.

<figures/mrf/R2_mrf_at_05.png, id=55, 534.49687pt x 564.60938pt>
File: figures/mrf/R2_mrf_at_05.png Graphic file (type png)

<use figures/mrf/R2_mrf_at_05.png>
Package pdftex.def Info: figures/mrf/R2_mrf_at_05.png used on input line 444.
(pdftex.def)             Requested size: 69.42365pt x 73.33287pt.
 (./miccai.bbl [6 <./figures/newtoy/trueConn.png (PNG copy)> <./figures/newtoy/
corrNoSmooth.png (PNG copy)> <./figures/newtoy/SampleCorr.png (PNG copy)> <./fi
gures/newtoy/threholdCorrRaw.png (PNG copy)> <./figures/newtoy/threholdCorrSmoo
thed.png (PNG copy)> <./figures/newtoy/newpost_sym2.png (PNG copy)>]
Missing character: There is no â in font cmr9!
Missing character: There is no € in font cmr9!
Missing character: There is no “ in font cmr9!
Missing character: There is no â in font cmr9!
Missing character: There is no € in font cmr9!
Missing character: There is no “ in font cmr9!
 [7 <./figures/no_overlay/R1_corr_nosmooth.png (PNG copy)> <./figures/no_overla
y/R1_corr_smooth.png (PNG copy)> <./figures/no_overlay/R1_mrf.png (PNG copy)> <
./figures/no_overlay/R2_corr_nosmooth.png (PNG copy)> <./figures/no_overlay/R2_
corr_smooth.png (PNG copy)> <./figures/no_overlay/R2_mrf.png (PNG copy)>]) [8 <
./figures/thresholding_correlationMap/R1_at_gold.png (PNG copy)> <./figures/thr
eshold_smthed_corrMap/R1_at_gold.png (PNG copy)> <./figures/mrf/R1_mrf_at_05.pn
g (PNG copy)> <./figures/thresholding_correlationMap/R2_at_gold.png (PNG copy)>
 <./figures/threshold_smthed_corrMap/R2_at_gold.png (PNG copy)> <./figures/mrf/
R2_mrf_at_05.png (PNG copy)>] (./miccai.aux) ) 
Here is how much of TeX's memory you used:
 3610 strings out of 493315
 45917 string characters out of 6145892
 115894 words of memory out of 5000000
 6968 multiletter control sequences out of 15000+600000
 13075 words of font info for 49 fonts, out of 8000000 for 9000
 957 hyphenation exceptions out of 8191
 38i,6n,26p,315b,419s stack positions out of 5000i,500n,10000p,200000b,80000s
</usr/share/texmf/fonts/type1/pub
lic/amsfonts/cm/cmbx10.pfb></usr/share/texmf/fonts/type1/public/amsfonts/cm/cmb
x12.pfb></usr/share/texmf/fonts/type1/public/amsfonts/cm/cmbx9.pfb></usr/share/
texmf/fonts/type1/public/amsfonts/cm/cmex10.pfb></usr/share/texmf/fonts/type1/p
ublic/amsfonts/cm/cmmi10.pfb></usr/share/texmf/fonts/type1/public/amsfonts/cm/c
mmi5.pfb></usr/share/texmf/fonts/type1/public/amsfonts/cm/cmmi6.pfb></usr/share
/texmf/fonts/type1/public/amsfonts/cm/cmmi7.pfb></usr/share/texmf/fonts/type1/p
ublic/amsfonts/cm/cmmi9.pfb></usr/share/texmf/fonts/type1/public/amsfonts/cm/cm
mib10.pfb></usr/share/texmf/fonts/type1/public/amsfonts/cm/cmr10.pfb></usr/shar
e/texmf/fonts/type1/public/amsfonts/cm/cmr6.pfb></usr/share/texmf/fonts/type1/p
ublic/amsfonts/cm/cmr7.pfb></usr/share/texmf/fonts/type1/public/amsfonts/cm/cmr
9.pfb></usr/share/texmf/fonts/type1/public/amsfonts/cm/cmss9.pfb></usr/share/te
xmf/fonts/type1/public/amsfonts/cm/cmsy10.pfb></usr/share/texmf/fonts/type1/pub
lic/amsfonts/cm/cmsy7.pfb></usr/share/texmf/fonts/type1/public/amsfonts/cm/cmsy
9.pfb></usr/share/texmf/fonts/type1/public/amsfonts/cm/cmti10.pfb></usr/share/t
exmf/fonts/type1/public/amsfonts/symbols/msam10.pfb></usr/share/texmf/fonts/typ
e1/public/amsfonts/symbols/msbm10.pfb>
Output written on miccai.pdf (8 pages, 417611 bytes).
PDF statistics:
 133 PDF objects out of 1000 (max. 8388607)
 83 compressed objects within 1 object stream
 0 named destinations out of 1000 (max. 500000)
 91 words of extra memory for PDF output out of 10000 (max. 10000000)

