This is pdfTeX, Version 3.1415926-1.40.11 (TeX Live 2010) (format=pdflatex 2012.9.11)  21 SEP 2012 11:30
entering extended mode
 restricted \write18 enabled.
 %&-line parsing enabled.
**\nonstopmode\input hiermrf_miccai12.tex
(./hiermrf_miccai12.tex (./llncs.cls
Document Class: llncs 2010/07/12 v2.17 
 LaTeX document class for Lecture Notes in Computer Science
(/usr/share/texmf/tex/latex/base/article.cls
Document Class: article 2007/10/19 v1.4h Standard LaTeX document class
(/usr/share/texmf/tex/latex/base/size10.clo
File: size10.clo 2007/10/19 v1.4h Standard LaTeX file (size option)
)
\c@part=\count79
\c@section=\count80
\c@subsection=\count81
\c@subsubsection=\count82
\c@paragraph=\count83
\c@subparagraph=\count84
\c@figure=\count85
\c@table=\count86
\abovecaptionskip=\skip41
\belowcaptionskip=\skip42
\bibindent=\dimen102
)
(/usr/share/texmf/tex/latex/tools/multicol.sty
Package: multicol 2008/12/05 v1.6h multicolumn formatting (FMi)
\c@tracingmulticols=\count87
\mult@box=\box26
\multicol@leftmargin=\dimen103
\c@unbalance=\count88
\c@collectmore=\count89
\doublecol@number=\count90
\multicoltolerance=\count91
\multicolpretolerance=\count92
\full@width=\dimen104
\page@free=\dimen105
\premulticols=\dimen106
\postmulticols=\dimen107
\multicolsep=\skip43
\multicolbaselineskip=\skip44
\partial@page=\box27
\last@line=\box28
\mult@rightbox=\box29
\mult@grightbox=\box30
\mult@gfirstbox=\box31
\mult@firstbox=\box32
\@tempa=\box33
\@tempa=\box34
\@tempa=\box35
\@tempa=\box36
\@tempa=\box37
\@tempa=\box38
\@tempa=\box39
\@tempa=\box40
\@tempa=\box41
\@tempa=\box42
\@tempa=\box43
\@tempa=\box44
\@tempa=\box45
\@tempa=\box46
\@tempa=\box47
\@tempa=\box48
\@tempa=\box49
\c@columnbadness=\count93
\c@finalcolumnbadness=\count94
\last@try=\dimen108
\multicolovershoot=\dimen109
\multicolundershoot=\dimen110
\mult@nat@firstbox=\box50
\colbreak@box=\box51
)
(/usr/share/texmf/tex/latex/oberdiek/aliascnt.sty
Package: aliascnt 2009/09/08 v1.3 Alias counter (HO)

(/usr/share/texmf/tex/latex/carlisle/remreset.sty))
\c@chapter=\count95
LaTeX Font Info:    Redeclaring math symbol \Gamma on input line 362.
LaTeX Font Info:    Redeclaring math symbol \Delta on input line 363.
LaTeX Font Info:    Redeclaring math symbol \Theta on input line 364.
LaTeX Font Info:    Redeclaring math symbol \Lambda on input line 365.
LaTeX Font Info:    Redeclaring math symbol \Xi on input line 366.
LaTeX Font Info:    Redeclaring math symbol \Pi on input line 367.
LaTeX Font Info:    Redeclaring math symbol \Sigma on input line 368.
LaTeX Font Info:    Redeclaring math symbol \Upsilon on input line 369.
LaTeX Font Info:    Redeclaring math symbol \Phi on input line 370.
LaTeX Font Info:    Redeclaring math symbol \Psi on input line 371.
LaTeX Font Info:    Redeclaring math symbol \Omega on input line 372.
\tocchpnum=\dimen111
\tocsecnum=\dimen112
\tocsectotal=\dimen113
\tocsubsecnum=\dimen114
\tocsubsectotal=\dimen115
\tocsubsubsecnum=\dimen116
\tocsubsubsectotal=\dimen117
\tocparanum=\dimen118
\tocparatotal=\dimen119
\tocsubparanum=\dimen120
\@tempcntc=\count96
\fnindent=\dimen121
\c@@inst=\count97
\c@@auth=\count98
\c@auco=\count99
\instindent=\dimen122
\authrun=\box52
\authorrunning=\toks14
\tocauthor=\toks15
\titrun=\box53
\titlerunning=\toks16
\toctitle=\toks17
\c@theorem=\count100
\c@case=\count101
\c@conjecture=\count102
\c@corollary=\count103
\c@definition=\count104
\c@example=\count105
\c@exercise=\count106
\c@lemma=\count107
\c@note=\count108
\c@problem=\count109
\c@property=\count110
\c@proposition=\count111
\c@question=\count112
\c@solution=\count113
\c@remark=\count114
\headlineindent=\dimen123
)
(/usr/share/texmf/tex/latex/amsfonts/amssymb.sty
Package: amssymb 2009/06/22 v3.00

(/usr/share/texmf/tex/latex/amsfonts/amsfonts.sty
Package: amsfonts 2009/06/22 v3.00 Basic AMSFonts support
\@emptytoks=\toks18
\symAMSa=\mathgroup4
\symAMSb=\mathgroup5
LaTeX Font Info:    Overwriting math alphabet `\mathfrak' in version `bold'
(Font)                  U/euf/m/n --> U/euf/b/n on input line 96.
))
(/usr/share/texmf/tex/latex/graphics/graphicx.sty
Package: graphicx 1999/02/16 v1.0f Enhanced LaTeX Graphics (DPC,SPQR)

(/usr/share/texmf/tex/latex/graphics/keyval.sty
Package: keyval 1999/03/16 v1.13 key=value parser (DPC)
\KV@toks@=\toks19
)
(/usr/share/texmf/tex/latex/graphics/graphics.sty
Package: graphics 2009/02/05 v1.0o Standard LaTeX Graphics (DPC,SPQR)

(/usr/share/texmf/tex/latex/graphics/trig.sty
Package: trig 1999/03/16 v1.09 sin cos tan (DPC)
)
(/usr/share/texmf/tex/latex/latexconfig/graphics.cfg
File: graphics.cfg 2010/04/23 v1.9 graphics configuration of TeX Live
)
Package graphics Info: Driver file: pdftex.def on input line 91.

(/usr/share/texmf/tex/latex/pdftex-def/pdftex.def
File: pdftex.def 2010/02/14 v0.04n Graphics/color for pdfTeX
\Gread@gobject=\count115
))
\Gin@req@height=\dimen124
\Gin@req@width=\dimen125
)
(/usr/share/texmf/tex/latex/url/url.sty
\Urlmuskip=\muskip10
Package: url 2006/04/12  ver 3.3  Verb mode for urls, etc.
)
(/usr/share/texmf/tex/latex/amsmath/amsmath.sty
Package: amsmath 2000/07/18 v2.13 AMS math features
\@mathmargin=\skip45

For additional information on amsmath, use the `?' option.
(/usr/share/texmf/tex/latex/amsmath/amstext.sty
Package: amstext 2000/06/29 v2.01

(/usr/share/texmf/tex/latex/amsmath/amsgen.sty
File: amsgen.sty 1999/11/30 v2.0
\@emptytoks=\toks20
\ex@=\dimen126
))
(/usr/share/texmf/tex/latex/amsmath/amsbsy.sty
Package: amsbsy 1999/11/29 v1.2d
\pmbraise@=\dimen127
)
(/usr/share/texmf/tex/latex/amsmath/amsopn.sty
Package: amsopn 1999/12/14 v2.01 operator names
)
\inf@bad=\count116
LaTeX Info: Redefining \frac on input line 211.
\uproot@=\count117
\leftroot@=\count118
LaTeX Info: Redefining \overline on input line 307.
\classnum@=\count119
\DOTSCASE@=\count120
LaTeX Info: Redefining \ldots on input line 379.
LaTeX Info: Redefining \dots on input line 382.
LaTeX Info: Redefining \cdots on input line 467.
\Mathstrutbox@=\box54
\strutbox@=\box55
\big@size=\dimen128
LaTeX Font Info:    Redeclaring font encoding OML on input line 567.
LaTeX Font Info:    Redeclaring font encoding OMS on input line 568.


Package amsmath Warning: Unable to redefine math accent \vec.

\macc@depth=\count121
\c@MaxMatrixCols=\count122
\dotsspace@=\muskip11
\c@parentequation=\count123
\dspbrk@lvl=\count124
\tag@help=\toks21
\row@=\count125
\column@=\count126
\maxfields@=\count127
\andhelp@=\toks22
\eqnshift@=\dimen129
\alignsep@=\dimen130
\tagshift@=\dimen131
\tagwidth@=\dimen132
\totwidth@=\dimen133
\lineht@=\dimen134
\@envbody=\toks23
\multlinegap=\skip46
\multlinetaggap=\skip47
\mathdisplay@stack=\toks24
LaTeX Info: Redefining \[ on input line 2666.
LaTeX Info: Redefining \] on input line 2667.
) (/usr/share/texmf/tex/latex/algorithm2e/algorithm2e.sty
Package: algorithm2e 2008/00/00 v3.10 algorithms environments
\c@AlgoLine=\count128

(/usr/share/texmf/tex/latex/base/ifthen.sty
Package: ifthen 2001/05/26 v1.1c Standard LaTeX ifthen package (DPC)
)
(/usr/share/texmf/tex/latex/tools/xspace.sty
Package: xspace 2006/05/08 v1.12 Space after command names (DPC,MH)
)
(/usr/share/texmf/tex/latex/relsize/relsize.sty
Package: relsize 2003/07/04 ver 3.1
)
********************************************************
Package `algorithm2e' Release 4.01 -- december 14 2009 --
- algorithm2e-announce@lirmm.fr mailing list for announcement about releases
- algorithm2e-discussion@lirmm.fr mailing list for discussion about package
subscribe by emailing sympa@lirmm.fr with 'subscribe <list> <firstname name>'
- Author: Christophe Fiorio (fiorio@lirmm.fr)
********************************************************
\skiptotal=\skip48
\skiplinenumber=\skip49
\skiprule=\skip50
\skiphlne=\skip51
\skiptext=\skip52
\skiplength=\skip53
\algomargin=\skip54
\skipalgocfslide=\skip55
\algowidth=\dimen135
\inoutsize=\dimen136
\inoutline=\dimen137
\interspacetitleruled=\dimen138
\interspacealgoruled=\dimen139
\interspacetitleboxruled=\dimen140
\algocf@inoutbox=\box56
\algocf@inputbox=\box57
\AlCapSkip=\skip56
\AlCapHSkip=\skip57
\algocf@nlbox=\box58
\algocf@hangingbox=\box59
\algocf@capbox=\box60
\algoheightruledefault=\skip58
\algoheightrule=\skip59
\algotitleheightruledefault=\skip60
\algotitleheightrule=\skip61
\c@algocfline=\count129
\c@algocfproc=\count130
\c@algocf=\count131
\algocf@algoframe=\box61
\algocf@algobox=\box62
) (./lwdefs.sty) (/usr/share/texmf/tex/latex/rotating/rotating.sty
Package: rotating 2009/03/28 v2.16a rotated objects in LaTeX
\c@r@tfl@t=\count132
\rotFPtop=\skip62
\rotFPbot=\skip63
\rot@float@box=\box63
\rot@mess@toks=\toks25
)
(./hiermrf_miccai12.aux)
\openout1 = `hiermrf_miccai12.aux'.

LaTeX Font Info:    Checking defaults for OML/cmm/m/it on input line 18.
LaTeX Font Info:    ... okay on input line 18.
LaTeX Font Info:    Checking defaults for T1/cmr/m/n on input line 18.
LaTeX Font Info:    ... okay on input line 18.
LaTeX Font Info:    Checking defaults for OT1/cmr/m/n on input line 18.
LaTeX Font Info:    ... okay on input line 18.
LaTeX Font Info:    Checking defaults for OMS/cmsy/m/n on input line 18.
LaTeX Font Info:    ... okay on input line 18.
LaTeX Font Info:    Checking defaults for OMX/cmex/m/n on input line 18.
LaTeX Font Info:    ... okay on input line 18.
LaTeX Font Info:    Checking defaults for U/cmr/m/n on input line 18.
LaTeX Font Info:    ... okay on input line 18.
 (/usr/share/texmf/tex/context/base/supp-pdf.mkii
[Loading MPS to PDF converter (version 2006.09.02).]
\scratchcounter=\count133
\scratchdimen=\dimen141
\scratchbox=\box64
\nofMPsegments=\count134
\nofMParguments=\count135
\everyMPshowfont=\toks26
\MPscratchCnt=\count136
\MPscratchDim=\dimen142
\MPnumerator=\count137
\everyMPtoPDFconversion=\toks27
) (/usr/share/texmf/tex/generic/oberdiek/pdftexcmds.sty
Package: pdftexcmds 2010/04/01 v0.9 Utility functions of pdfTeX for LuaTeX (HO)


(/usr/share/texmf/tex/generic/oberdiek/infwarerr.sty
Package: infwarerr 2010/04/08 v1.3 Providing info/warning/message (HO)
)
(/usr/share/texmf/tex/generic/oberdiek/ifluatex.sty
Package: ifluatex 2010/03/01 v1.3 Provides the ifluatex switch (HO)
Package ifluatex Info: LuaTeX not detected.
)
(/usr/share/texmf/tex/generic/oberdiek/ltxcmds.sty
Package: ltxcmds 2010/04/26 v1.7 LaTeX kernel commands for general use (HO)
)
Package pdftexcmds Info: LuaTeX not detected.
Package pdftexcmds Info: \pdf@primitive is available.
Package pdftexcmds Info: \pdf@ifprimitive is available.
)
(/usr/share/texmf/tex/latex/oberdiek/epstopdf-base.sty
Package: epstopdf-base 2010/02/09 v2.5 Base part for package epstopdf

(/usr/share/texmf/tex/latex/oberdiek/grfext.sty
Package: grfext 2007/09/30 v1.0 Managing graphics extensions (HO)
)
(/usr/share/texmf/tex/latex/oberdiek/kvoptions.sty
Package: kvoptions 2010/02/22 v3.7 Keyval support for LaTeX options (HO)

(/usr/share/texmf/tex/generic/oberdiek/kvsetkeys.sty
Package: kvsetkeys 2010/03/01 v1.9 Key value parser (HO)

(/usr/share/texmf/tex/generic/oberdiek/etexcmds.sty
Package: etexcmds 2010/01/28 v1.3 Prefix for e-TeX command names (HO)
Package etexcmds Info: Could not find \expanded.
(etexcmds)             That can mean that you are not using pdfTeX 1.50 or
(etexcmds)             that some package has redefined \expanded.
(etexcmds)             In the latter case, load this package earlier.
)))
Package grfext Info: Graphics extension search list:
(grfext)             [.png,.pdf,.jpg,.mps,.jpeg,.jbig2,.jb2,.PNG,.PDF,.JPG,.JPE
G,.JBIG2,.JB2,.eps]
(grfext)             \AppendGraphicsExtensions on input line 436.

(/usr/share/texmf/tex/latex/latexconfig/epstopdf-sys.cfg
File: epstopdf-sys.cfg 2010/07/13 v1.3 Configuration of (r)epstopdf for TeX Liv
e
))
LaTeX Font Info:    Try loading font information for U+msa on input line 37.

(/usr/share/texmf/tex/latex/amsfonts/umsa.fd
File: umsa.fd 2009/06/22 v3.00 AMS symbols A
)
LaTeX Font Info:    Try loading font information for U+msb on input line 37.

(/usr/share/texmf/tex/latex/amsfonts/umsb.fd
File: umsb.fd 2009/06/22 v3.00 AMS symbols B
) [1


{/var/lib/texmf/fonts/map/pdftex/updmap/pdftex.map}] [2] [3]
Overfull \hbox (3.19684pt too wide) in paragraph at lines 255--261
\OT1/cmr/bx/n/10 Pseudo like-li-hood:  \OT1/cmr/m/n/10 To eval-u-ate $[] \OML/c
mm/m/it/10 p\OT1/cmr/m/n/10 (\OML/cmm/m/it/10 X; Y[]\OT1/cmr/m/n/10 ; \OML/cmm/
m/it/10 ^^R\OT1/cmr/m/n/10 ) = [] \OML/cmm/m/it/10 p\OT1/cmr/m/n/10 (\OML/cmm/m
/it/10 Y[]\OT1/cmr/m/n/10 ; \OML/cmm/m/it/10 ^^R\OT1/cmr/m/n/10 ) + [] \OML/cmm
/m/it/10 p\OT1/cmr/m/n/10 (\OML/cmm/m/it/10 X\OMS/cmsy/m/n/10 j\OML/cmm/m/it/10
 Y[]\OT1/cmr/m/n/10 ; \OML/cmm/m/it/10 ^^R\OT1/cmr/m/n/10 )$
 []


Underfull \vbox (badness 1629) has occurred while \output is active []

 [4]
Overfull \hbox (8.45209pt too wide) in paragraph at lines 267--308
\OT1/cmr/m/n/10 The $\OML/cmm/m/it/10 $ \OT1/cmr/m/n/10 and $\OML/cmm/m/it/10 
^^L$ \OT1/cmr/m/n/10 in the MRF prior can be op-ti-mized by max-i-miz-ing $[] [
][] [] \OML/cmm/m/it/10 p\OT1/cmr/m/n/10 (\OML/cmm/m/it/10 Y[]\OT1/cmr/m/n/10 )
$
 []

<figure1/grp2.pdf, id=30, 460.36993pt x 586.13315pt>
File: figure1/grp2.pdf Graphic file (type pdf)
 <use figure1/grp2.pdf>
<figure1/truegrp.png, id=31, 255.95625pt x 255.95625pt>
File: figure1/truegrp.png Graphic file (type png)

<use figure1/truegrp.png>
<figure1/kmeans_grp.png, id=32, 255.95625pt x 255.95625pt>
File: figure1/kmeans_grp.png Graphic file (type png)

<use figure1/kmeans_grp.png>
<figure1/ncuts_grp.png, id=33, 255.95625pt x 255.95625pt>
File: figure1/ncuts_grp.png Graphic file (type png)

<use figure1/ncuts_grp.png>
<figure1/mrf_grp.png, id=34, 255.95625pt x 255.95625pt>
File: figure1/mrf_grp.png Graphic file (type png)

<use figure1/mrf_grp.png>
<figure1/true_sub1.png, id=35, 255.95625pt x 255.95625pt>
File: figure1/true_sub1.png Graphic file (type png)

<use figure1/true_sub1.png>
<figure1/kmeans_sub1.png, id=36, 255.95625pt x 255.95625pt>
File: figure1/kmeans_sub1.png Graphic file (type png)

<use figure1/kmeans_sub1.png>
<figure1/ncuts_sub1.png, id=37, 255.95625pt x 255.95625pt>
File: figure1/ncuts_sub1.png Graphic file (type png)

<use figure1/ncuts_sub1.png>
<figure1/mrf_sub1.png, id=38, 255.95625pt x 255.95625pt>
File: figure1/mrf_sub1.png Graphic file (type png)

<use figure1/mrf_sub1.png> [5]
<figure2/kmeans_grp_z25.png, id=50, 331.2375pt x 400.49625pt>
File: figure2/kmeans_grp_z25.png Graphic file (type png)

<use figure2/kmeans_grp_z25.png>
<figure2/kmeans_grp_z32.png, id=52, 331.2375pt x 400.49625pt>
File: figure2/kmeans_grp_z32.png Graphic file (type png)

<use figure2/kmeans_grp_z32.png>
<figure2/kmeans_sub1_z25.png, id=53, 331.2375pt x 400.49625pt>
File: figure2/kmeans_sub1_z25.png Graphic file (type png)

<use figure2/kmeans_sub1_z25.png>
<figure2/kmeans_sub1_z32.png, id=54, 331.2375pt x 400.49625pt>
File: figure2/kmeans_sub1_z32.png Graphic file (type png)

<use figure2/kmeans_sub1_z32.png>
<figure2/kmeans_sub2_z25.png, id=55, 331.2375pt x 400.49625pt>
File: figure2/kmeans_sub2_z25.png Graphic file (type png)

<use figure2/kmeans_sub2_z25.png>
<figure2/kmeans_sub2_z32.png, id=56, 331.2375pt x 400.49625pt>
File: figure2/kmeans_sub2_z32.png Graphic file (type png)

<use figure2/kmeans_sub2_z32.png>
<figure2/ncuts_grp_z25.png, id=57, 331.2375pt x 400.49625pt>
File: figure2/ncuts_grp_z25.png Graphic file (type png)

<use figure2/ncuts_grp_z25.png>
<figure2/ncuts_grp_z32.png, id=58, 331.2375pt x 400.49625pt>
File: figure2/ncuts_grp_z32.png Graphic file (type png)

<use figure2/ncuts_grp_z32.png>
<figure2/ncuts_sub1_z25.png, id=59, 331.2375pt x 400.49625pt>
File: figure2/ncuts_sub1_z25.png Graphic file (type png)

<use figure2/ncuts_sub1_z25.png>
<figure2/ncuts_sub1_z32.png, id=60, 331.2375pt x 400.49625pt>
File: figure2/ncuts_sub1_z32.png Graphic file (type png)

<use figure2/ncuts_sub1_z32.png>
<figure2/ncuts_sub2_z25.png, id=61, 331.2375pt x 400.49625pt>
File: figure2/ncuts_sub2_z25.png Graphic file (type png)

<use figure2/ncuts_sub2_z25.png>
<figure2/ncuts_sub2_z32.png, id=62, 331.2375pt x 400.49625pt>
File: figure2/ncuts_sub2_z32.png Graphic file (type png)

<use figure2/ncuts_sub2_z32.png>
<figure2/mrf_grp_z25.png, id=63, 331.2375pt x 400.49625pt>
File: figure2/mrf_grp_z25.png Graphic file (type png)

<use figure2/mrf_grp_z25.png>
<figure2/mrf_grp_z32.png, id=64, 331.2375pt x 400.49625pt>
File: figure2/mrf_grp_z32.png Graphic file (type png)

<use figure2/mrf_grp_z32.png>
<figure2/mrf_sub1_z25.png, id=65, 331.2375pt x 400.49625pt>
File: figure2/mrf_sub1_z25.png Graphic file (type png)

<use figure2/mrf_sub1_z25.png>
<figure2/mrf_sub1_z32.png, id=66, 331.2375pt x 400.49625pt>
File: figure2/mrf_sub1_z32.png Graphic file (type png)

<use figure2/mrf_sub1_z32.png>
<figure2/mrf_sub2_z25.png, id=67, 331.2375pt x 400.49625pt>
File: figure2/mrf_sub2_z25.png Graphic file (type png)

<use figure2/mrf_sub2_z25.png>
<figure2/mrf_sub2_z32.png, id=68, 331.2375pt x 400.49625pt>
File: figure2/mrf_sub2_z32.png Graphic file (type png)

<use figure2/mrf_sub2_z32.png>
Underfull \vbox (badness 1831) has occurred while \output is active []

 [6 <./figure1/grp2.pdf> <./figure1/truegrp.png (PNG copy)> <./figure1/kmeans_g
rp.png (PNG copy)> <./figure1/ncuts_grp.png (PNG copy)> <./figure1/mrf_grp.png 
(PNG copy)> <./figure1/true_sub1.png (PNG copy)> <./figure1/kmeans_sub1.png (PN
G copy)> <./figure1/ncuts_sub1.png (PNG copy)> <./figure1/mrf_sub1.png (PNG cop
y)>]
<figure3/dmn_a.png, id=81, 316.18124pt x 309.155pt>
File: figure3/dmn_a.png Graphic file (type png)
 <use figure3/dmn_a.png>
<figure3/dmn_s.png, id=82, 316.18124pt x 309.155pt>
File: figure3/dmn_s.png Graphic file (type png)
 <use figure3/dmn_s.png>
<figure3/dmn_sub17_a.png, id=83, 316.18124pt x 309.155pt>
File: figure3/dmn_sub17_a.png Graphic file (type png)

<use figure3/dmn_sub17_a.png>
<figure3/dmn_sub17_s.png, id=84, 316.18124pt x 309.155pt>
File: figure3/dmn_sub17_s.png Graphic file (type png)

<use figure3/dmn_sub17_s.png>
<figure3/dmn_sub21_a.png, id=85, 316.18124pt x 309.155pt>
File: figure3/dmn_sub21_a.png Graphic file (type png)

<use figure3/dmn_sub21_a.png>
<figure3/dmn_sub21_s.png, id=86, 316.18124pt x 309.155pt>
File: figure3/dmn_sub21_s.png Graphic file (type png)

<use figure3/dmn_sub21_s.png>
<figure3/atten_a.png, id=87, 316.18124pt x 309.155pt>
File: figure3/atten_a.png Graphic file (type png)

<use figure3/atten_a.png>
<figure3/atten_s.png, id=88, 316.18124pt x 309.155pt>
File: figure3/atten_s.png Graphic file (type png)

<use figure3/atten_s.png>
<figure3/atten_sub17_a.png, id=89, 316.18124pt x 309.155pt>
File: figure3/atten_sub17_a.png Graphic file (type png)

<use figure3/atten_sub17_a.png>
<figure3/atten_sub17_s.png, id=90, 316.18124pt x 309.155pt>
File: figure3/atten_sub17_s.png Graphic file (type png)

<use figure3/atten_sub17_s.png>
<figure3/atten_sub21_a.png, id=91, 316.18124pt x 309.155pt>
File: figure3/atten_sub21_a.png Graphic file (type png)

<use figure3/atten_sub21_a.png>
<figure3/atten_sub21_s.png, id=92, 316.18124pt x 309.155pt>
File: figure3/atten_sub21_s.png Graphic file (type png)

<use figure3/atten_sub21_s.png>
<figure3/colorbar.pdf, id=93, 66.57771pt x 624.4696pt>
File: figure3/colorbar.pdf Graphic file (type pdf)

<use figure3/colorbar.pdf>
Underfull \vbox (badness 1867) has occurred while \output is active []

 [7 <./figure2/kmeans_grp_z25.png> <./figure2/kmeans_grp_z32.png> <./figure2/km
eans_sub1_z25.png> <./figure2/kmeans_sub1_z32.png> <./figure2/kmeans_sub2_z25.p
ng> <./figure2/kmeans_sub2_z32.png> <./figure2/ncuts_grp_z25.png> <./figure2/nc
uts_grp_z32.png> <./figure2/ncuts_sub1_z25.png> <./figure2/ncuts_sub1_z32.png> 
<./figure2/ncuts_sub2_z25.png> <./figure2/ncuts_sub2_z32.png> <./figure2/mrf_gr
p_z25.png> <./figure2/mrf_grp_z32.png> <./figure2/mrf_sub1_z25.png> <./figure2/
mrf_sub1_z32.png> <./figure2/mrf_sub2_z25.png> <./figure2/mrf_sub2_z32.png>]

LaTeX Warning: Citation `craddock2012' on page 8 undefined on input line 475.

(./hiermrf_miccai12.bbl [8 <./figure3/dmn_a.png> <./figure3/dmn_s.png> <./figur
e3/dmn_sub17_a.png> <./figure3/dmn_sub17_s.png> <./figure3/dmn_sub21_a.png> <./
figure3/dmn_sub21_s.png> <./figure3/atten_a.png> <./figure3/atten_s.png> <./fig
ure3/atten_sub17_a.png> <./figure3/atten_sub17_s.png> <./figure3/atten_sub21_a.
png> <./figure3/atten_sub21_s.png> <./figure3/colorbar.pdf>]) [9]
(./hiermrf_miccai12.aux)

LaTeX Warning: Label(s) may have changed. Rerun to get cross-references right.

 ) 
Here is how much of TeX's memory you used:
 4148 strings out of 493747
 54229 string characters out of 3151242
 140817 words of memory out of 3500000
 7332 multiletter control sequences out of 15000+200000
 11736 words of font info for 45 fonts, out of 3000000 for 9000
 714 hyphenation exceptions out of 8191
 38i,19n,26p,646b,410s stack positions out of 5000i,500n,10000p,200000b,50000s
</usr/share/texmf/fonts/type1/public/amsfonts/cm/cmbx10.pfb></usr/share/texmf
/fonts/type1/public/amsfonts/cm/cmbx12.pfb></usr/share/texmf/fonts/type1/public
/amsfonts/cm/cmbx9.pfb></usr/share/texmf/fonts/type1/public/amsfonts/cm/cmex10.
pfb></usr/share/texmf/fonts/type1/public/amsfonts/cmextra/cmex9.pfb></usr/share
/texmf/fonts/type1/public/amsfonts/cm/cmmi10.pfb></usr/share/texmf/fonts/type1/
public/amsfonts/cm/cmmi5.pfb></usr/share/texmf/fonts/type1/public/amsfonts/cm/c
mmi6.pfb></usr/share/texmf/fonts/type1/public/amsfonts/cm/cmmi7.pfb></usr/share
/texmf/fonts/type1/public/amsfonts/cm/cmmi9.pfb></usr/share/texmf/fonts/type1/p
ublic/amsfonts/cm/cmr10.pfb></usr/share/texmf/fonts/type1/public/amsfonts/cm/cm
r6.pfb></usr/share/texmf/fonts/type1/public/amsfonts/cm/cmr7.pfb></usr/share/te
xmf/fonts/type1/public/amsfonts/cm/cmr9.pfb></usr/share/texmf/fonts/type1/publi
c/amsfonts/cm/cmss10.pfb></usr/share/texmf/fonts/type1/public/amsfonts/cm/cmss9
.pfb></usr/share/texmf/fonts/type1/public/amsfonts/cm/cmsy10.pfb></usr/share/te
xmf/fonts/type1/public/amsfonts/cm/cmsy6.pfb></usr/share/texmf/fonts/type1/publ
ic/amsfonts/cm/cmsy7.pfb></usr/share/texmf/fonts/type1/public/amsfonts/cm/cmsy9
.pfb></usr/share/texmf/fonts/type1/public/amsfonts/cm/cmti10.pfb></usr/share/te
xmf/fonts/type1/public/amsfonts/cm/cmti9.pfb></usr/share/texmf/fonts/type1/publ
ic/amsfonts/cm/cmtt9.pfb></usr/share/texmf/fonts/type1/public/amsfonts/symbols/
msbm10.pfb>
Output written on hiermrf_miccai12.pdf (9 pages, 529622 bytes).
PDF statistics:
 220 PDF objects out of 1000 (max. 8388607)
 108 compressed objects within 2 object streams
 0 named destinations out of 1000 (max. 500000)
 201 words of extra memory for PDF output out of 10000 (max. 10000000)

